18/Jan/2023 19:49:04  In order to get an optimal performance, hyperthreading is ignored for parallel
                      computations.
                      
                      ------------------------------------------------------------------------------
18/Jan/2023 19:49:18  Units settings: 
                      
                        Dimensions: mm
                        Frequency:  GHz
                        Time:       ns
                      
                      ------------------------------------------------------------------------------
18/Jan/2023 19:49:18  Boundary conditions: 
                      
                        YZsymmetry: none
                        XZsymmetry: none
                        XYsymmetry: none
                      
                        Xmin: expanded open
                        Xmax: expanded open
                      
                        Ymin: expanded open
                        Ymax: expanded open
                      
                        Zmin: expanded open
                        Zmax: expanded open
                      
                      ------------------------------------------------------------------------------
18/Jan/2023 19:49:18  Order settings: 
                      
                        Solver order   : 2nd (constant)
                        Curved elements: up to order 3 (automatic)
                      
                      ------------------------------------------------------------------------------
18/Jan/2023 19:49:18    Mesh time                :	14 s
                      
                      
                      ------------------------------------------------------------------------------
18/Jan/2023 19:49:19  
                      ================================================================================
                      Frequency Domain Solver calculation cycle started
                      
                      ------------------------------------------------------------------------------
18/Jan/2023 19:49:19  Solver started at: 07:49 PM Wednesday, 18. January 2023 (Bangladesh Standard Time)
                      
                        Module:  Frequency Domain: S-Parameter (Win 64)
                        Version: 2020.0 Release from 2019-09-25 (change 724524)
                      
                      ------------------------------------------------------------------------------
18/Jan/2023 19:49:19    Calculation 1 of 1 (Frequency: 40 GHz)
                      
                      
                      ------------------------------------------------------------------------------
18/Jan/2023 19:49:19  Using electric shielding for port 1.
                      
                      ------------------------------------------------------------------------------
18/Jan/2023 19:49:21  *** Warning ***
                      
18/Jan/2023 19:49:21  At least one propagating mode is not considered at port 1. 
                      
                      ------------------------------------------------------------------------------
18/Jan/2023 19:49:30    ----------------------------------------------------------------------------
                        Port   Mode   Type        Z-Wave        Z-Wave-Sigma  Z-Line        F-Cutoff
                        1      1      QTEM        263           12            46.4          ---
                        ----------------------------------------------------------------------------
                      
                      
                      ------------------------------------------------------------------------------
18/Jan/2023 19:49:30  The wavelength based mesh refinement has been applied to 5.2% of all mesh edges.
                      
                      ------------------------------------------------------------------------------
18/Jan/2023 19:49:35  Adaptive mesh refinement pass 1
                      
                      ------------------------------------------------------------------------------
18/Jan/2023 19:49:51    Matrix setup time        :	2 s
                        Solver setup             :	1 s
                        Degrees of freedom       :	107869
                        Number of mesh cells     :	16764
                      
                        Stimulation port         :	1
                        Mode number              :	1
                        Accuracy                 :	6.71115e-05
                        Iterations               :	145
                        Solver time              :	13 s
                      
                      
                      ------------------------------------------------------------------------------
18/Jan/2023 19:49:51  17% of all mesh edges seem to be longer than expected. The adaptive mesh refinement's growth limitation will therefore 
                      use 34066 instead of 12661 mesh cells as a reference.
                      
                      ------------------------------------------------------------------------------
18/Jan/2023 19:49:51  The wavelength based mesh refinement has been applied to 0.6% of all mesh edges.
                      
                      ------------------------------------------------------------------------------
18/Jan/2023 19:49:58  Adaptive mesh refinement pass 2
                      
                      ------------------------------------------------------------------------------
18/Jan/2023 19:50:11    Matrix setup time        :	2 s
                        Solver setup             :	1 s
                        Degrees of freedom       :	131593
                        Number of mesh cells     :	20721
                      
                        Stimulation port         :	1
                        Mode number              :	1
                        Accuracy                 :	7.36853e-05
                        Iterations               :	92
                        Solver time              :	10 s
                      
                      
                      ------------------------------------------------------------------------------
18/Jan/2023 19:50:12    Delta calculation        
18/Jan/2023 19:50:12    All S-Parameters         :	0.243557

                      ------------------------------------------------------------------------------
18/Jan/2023 19:50:12  The wavelength based mesh refinement has been applied to 0.2% of all mesh edges.
                      
                      ------------------------------------------------------------------------------
18/Jan/2023 19:50:19  Adaptive mesh refinement pass 3
                      
                      ------------------------------------------------------------------------------
18/Jan/2023 19:50:34    Matrix setup time        :	3 s
                        Solver setup             :	2 s
                        Degrees of freedom       :	160801
                        Number of mesh cells     :	25570
                      
                        Stimulation port         :	1
                        Mode number              :	1
                        Accuracy                 :	7.96461e-05
                        Iterations               :	75
                        Solver time              :	10 s
                      
                      
                      ------------------------------------------------------------------------------
18/Jan/2023 19:50:34    Delta calculation        
18/Jan/2023 19:50:34    All S-Parameters         :	0.101104

                      ------------------------------------------------------------------------------
18/Jan/2023 19:50:42  Adaptive mesh refinement pass 4
                      
                      ------------------------------------------------------------------------------
18/Jan/2023 19:50:56    Matrix setup time        :	5 s
                        Solver setup             :	1 s
                        Degrees of freedom       :	199267
                        Number of mesh cells     :	31975
                      
                        Stimulation port         :	1
                        Mode number              :	1
                        Accuracy                 :	9.80119e-05
                        Iterations               :	48
                        Solver time              :	8 s
                      
                      
                      ------------------------------------------------------------------------------
18/Jan/2023 19:50:57    Delta calculation        
18/Jan/2023 19:50:57    All S-Parameters         :	0.083808

                      ------------------------------------------------------------------------------
18/Jan/2023 19:51:08  Adaptive mesh refinement pass 5
                      
                      ------------------------------------------------------------------------------
18/Jan/2023 19:51:26    Matrix setup time        :	6 s
                        Solver setup             :	2 s
                        Degrees of freedom       :	275221
                        Number of mesh cells     :	44526
                      
                        Stimulation port         :	1
                        Mode number              :	1
                        Accuracy                 :	5.30109e-05
                        Iterations               :	41
                        Solver time              :	10 s
                      
                      
                      ------------------------------------------------------------------------------
18/Jan/2023 19:51:26    Delta calculation        
18/Jan/2023 19:51:26    All S-Parameters         :	0.0325141

                      ------------------------------------------------------------------------------
18/Jan/2023 19:51:44  Adaptive mesh refinement pass 6
                      
                      ------------------------------------------------------------------------------
18/Jan/2023 19:52:04    Matrix setup time        :	7 s
                        Solver setup             :	3 s
                        Degrees of freedom       :	387727
                        Number of mesh cells     :	63123
                      
                        Stimulation port         :	1
                        Mode number              :	1
                        Accuracy                 :	7.95174e-05
                        Iterations               :	29
                        Solver time              :	10 s
                      
                      
                      ------------------------------------------------------------------------------
18/Jan/2023 19:52:05    Delta calculation        
18/Jan/2023 19:52:05    All S-Parameters         :	0.0124563

                      ------------------------------------------------------------------------------
18/Jan/2023 19:52:05  Mesh adaptation terminated because the desired accuracy limit is reached.
                      
                      ------------------------------------------------------------------------------
18/Jan/2023 19:52:06    Generating results       :	1 s
                      
                        Total time               :	167 s	 (= 0 h, 02 m, 47 s)
                      
                      ------------------------------------------------------------------------------

                      ------------------------------------------------------------------------------
18/Jan/2023 19:52:08    Calculation 2 (Frequency: 20 GHz)
                      
                      
                      ------------------------------------------------------------------------------
18/Jan/2023 19:52:08  *** Warning ***
                      
18/Jan/2023 19:52:08  At least one propagating mode is not considered at port 1. 
                      
                      ------------------------------------------------------------------------------
18/Jan/2023 19:52:09    ----------------------------------------------------------------------------
                        Port   Mode   Type        Z-Wave        Z-Wave-Sigma  Z-Line        F-Cutoff
                        1      1      QTEM        269           14.2          44.4          ---
                        ----------------------------------------------------------------------------
                      
                      
                      ------------------------------------------------------------------------------
18/Jan/2023 19:52:29    Matrix setup time        :	4 s
                        Solver setup             :	4 s
                        Degrees of freedom       :	387727
                        Number of mesh cells     :	63123
                      
                        Stimulation port         :	1
                        Mode number              :	1
                        Accuracy                 :	3.66691e-05
                        Iterations               :	30
                        Solver time              :	11 s
                      
                      
                      ------------------------------------------------------------------------------
18/Jan/2023 19:52:31    Generating results       :	2 s
                      
                        Total time               :	23 s
                      
                      ------------------------------------------------------------------------------

                      ------------------------------------------------------------------------------
18/Jan/2023 19:52:31    Calculation 3 (Frequency: 30 GHz)
                      
                      
                      ------------------------------------------------------------------------------
18/Jan/2023 19:52:31  *** Warning ***
                      
18/Jan/2023 19:52:31  At least one propagating mode is not considered at port 1. 
                      
                      ------------------------------------------------------------------------------
18/Jan/2023 19:52:31    ----------------------------------------------------------------------------
                        Port   Mode   Type        Z-Wave        Z-Wave-Sigma  Z-Line        F-Cutoff
                        1      1      QTEM        264           10.3          45.7          ---
                        ----------------------------------------------------------------------------
                      
                      
                      ------------------------------------------------------------------------------
18/Jan/2023 19:52:49    Matrix setup time        :	5 s
                        Solver setup             :	4 s
                        Degrees of freedom       :	387727
                        Number of mesh cells     :	63123
                      
                        Stimulation port         :	1
                        Mode number              :	1
                        Accuracy                 :	7.20467e-05
                        Iterations               :	25
                        Solver time              :	9 s
                      
                      
                      ------------------------------------------------------------------------------
18/Jan/2023 19:52:52    Generating results       :	3 s
                      
                        Total time               :	21 s
                      
                      ------------------------------------------------------------------------------

                      ------------------------------------------------------------------------------
18/Jan/2023 19:52:52    Calculation 4 (Frequency: 35 GHz)
                      
                      
                      ------------------------------------------------------------------------------
18/Jan/2023 19:52:52  *** Warning ***
                      
18/Jan/2023 19:52:52  At least one propagating mode is not considered at port 1. 
                      
                      ------------------------------------------------------------------------------
18/Jan/2023 19:52:52    ----------------------------------------------------------------------------
                        Port   Mode   Type        Z-Wave        Z-Wave-Sigma  Z-Line        F-Cutoff
                        1      1      QTEM        265           12.5          46.1          ---
                        ----------------------------------------------------------------------------
                      
                      
                      ------------------------------------------------------------------------------
18/Jan/2023 19:53:13    Matrix setup time        :	5 s
                        Solver setup             :	4 s
                        Degrees of freedom       :	387727
                        Number of mesh cells     :	63123
                      
                        Stimulation port         :	1
                        Mode number              :	1
                        Accuracy                 :	5.16071e-05
                        Iterations               :	35
                        Solver time              :	11 s
                      
                      
                      ------------------------------------------------------------------------------
18/Jan/2023 19:53:13    Total time               :	21 s
                      
                      ------------------------------------------------------------------------------

                      ------------------------------------------------------------------------------
18/Jan/2023 19:53:13    Calculation 5 (Frequency: 25.5 GHz)
                      
                      
                      ------------------------------------------------------------------------------
18/Jan/2023 19:53:13  *** Warning ***
                      
18/Jan/2023 19:53:13  At least one propagating mode is not considered at port 1. 
                      
                      ------------------------------------------------------------------------------
18/Jan/2023 19:53:13    ----------------------------------------------------------------------------
                        Port   Mode   Type        Z-Wave        Z-Wave-Sigma  Z-Line        F-Cutoff
                        1      1      QTEM        266           10.3          45.2          ---
                        ----------------------------------------------------------------------------
                      
                      
                      ------------------------------------------------------------------------------
18/Jan/2023 19:53:32    Matrix setup time        :	5 s
                        Solver setup             :	4 s
                        Degrees of freedom       :	387727
                        Number of mesh cells     :	63123
                      
                        Stimulation port         :	1
                        Mode number              :	1
                        Accuracy                 :	6.84594e-05
                        Iterations               :	28
                        Solver time              :	10 s
                      
                      
                      ------------------------------------------------------------------------------
18/Jan/2023 19:53:33    Generating results       :	1 s
                      
                        Total time               :	20 s
                      
                      ------------------------------------------------------------------------------

                      ------------------------------------------------------------------------------
18/Jan/2023 19:53:33    Calculation 6 (Frequency: 30.88 GHz)
                      
                      
                      ------------------------------------------------------------------------------
18/Jan/2023 19:53:33  *** Warning ***
                      
18/Jan/2023 19:53:33  At least one propagating mode is not considered at port 1. 
                      
                      ------------------------------------------------------------------------------
18/Jan/2023 19:53:33    ----------------------------------------------------------------------------
                        Port   Mode   Type        Z-Wave        Z-Wave-Sigma  Z-Line        F-Cutoff
                        1      1      QTEM        264           10.3          45.8          ---
                        ----------------------------------------------------------------------------
                      
                      
                      ------------------------------------------------------------------------------
18/Jan/2023 19:53:50    Matrix setup time        :	5 s
                        Solver setup             :	4 s
                        Degrees of freedom       :	387727
                        Number of mesh cells     :	63123
                      
                        Stimulation port         :	1
                        Mode number              :	1
                        Accuracy                 :	7.72634e-05
                        Iterations               :	21
                        Solver time              :	8 s
                      
                      
                      ------------------------------------------------------------------------------
18/Jan/2023 19:53:50    Total time               :	17 s
                      
                      ------------------------------------------------------------------------------

                      ------------------------------------------------------------------------------
18/Jan/2023 19:53:50    Calculation 7 (Frequency: 28.76 GHz)
                      
                      
                      ------------------------------------------------------------------------------
18/Jan/2023 19:53:51  *** Warning ***
                      
18/Jan/2023 19:53:51  At least one propagating mode is not considered at port 1. 
                      
                      ------------------------------------------------------------------------------
18/Jan/2023 19:53:51    ----------------------------------------------------------------------------
                        Port   Mode   Type        Z-Wave        Z-Wave-Sigma  Z-Line        F-Cutoff
                        1      1      QTEM        265           10.3          45.6          ---
                        ----------------------------------------------------------------------------
                      
                      
                      ------------------------------------------------------------------------------
18/Jan/2023 19:54:11    Matrix setup time        :	4 s
                        Solver setup             :	5 s
                        Degrees of freedom       :	387727
                        Number of mesh cells     :	63123
                      
                        Stimulation port         :	1
                        Mode number              :	1
                        Accuracy                 :	7.38416e-05
                        Iterations               :	32
                        Solver time              :	11 s
                      
                      
                      ------------------------------------------------------------------------------
18/Jan/2023 19:54:11    Total time               :	21 s
                      
                      ------------------------------------------------------------------------------

                      ------------------------------------------------------------------------------
18/Jan/2023 19:54:11    Calculation 8 (Frequency: 31.9 GHz)
                      
                      
                      ------------------------------------------------------------------------------
18/Jan/2023 19:54:12  *** Warning ***
                      
18/Jan/2023 19:54:12  At least one propagating mode is not considered at port 1. 
                      
                      ------------------------------------------------------------------------------
18/Jan/2023 19:54:12    ----------------------------------------------------------------------------
                        Port   Mode   Type        Z-Wave        Z-Wave-Sigma  Z-Line        F-Cutoff
                        1      1      QTEM        264           10.3          45.9          ---
                        ----------------------------------------------------------------------------
                      
                      
                      ------------------------------------------------------------------------------
18/Jan/2023 19:54:28    Matrix setup time        :	5 s
                        Solver setup             :	4 s
                        Degrees of freedom       :	387727
                        Number of mesh cells     :	63123
                      
                        Stimulation port         :	1
                        Mode number              :	1
                        Accuracy                 :	5.69935e-05
                        Iterations               :	21
                        Solver time              :	7 s
                      
                      
                      ------------------------------------------------------------------------------
18/Jan/2023 19:54:29    Generating results       :	1 s
                      
                        Total time               :	18 s
                      
                      ------------------------------------------------------------------------------

                      ------------------------------------------------------------------------------
18/Jan/2023 19:54:29    Calculation 9 (Frequency: 27.74 GHz)
                      
                      
                      ------------------------------------------------------------------------------
18/Jan/2023 19:54:29  *** Warning ***
                      
18/Jan/2023 19:54:29  At least one propagating mode is not considered at port 1. 
                      
                      ------------------------------------------------------------------------------
18/Jan/2023 19:54:29    ----------------------------------------------------------------------------
                        Port   Mode   Type        Z-Wave        Z-Wave-Sigma  Z-Line        F-Cutoff
                        1      1      QTEM        265           10.3          45.5          ---
                        ----------------------------------------------------------------------------
                      
                      
                      ------------------------------------------------------------------------------
18/Jan/2023 19:54:47    Matrix setup time        :	5 s
                        Solver setup             :	4 s
                        Degrees of freedom       :	387727
                        Number of mesh cells     :	63123
                      
                        Stimulation port         :	1
                        Mode number              :	1
                        Accuracy                 :	7.85235e-05
                        Iterations               :	25
                        Solver time              :	9 s
                      
                      
                      ------------------------------------------------------------------------------
18/Jan/2023 19:54:47    Total time               :	18 s
                      
                      ------------------------------------------------------------------------------

                      ------------------------------------------------------------------------------
18/Jan/2023 19:54:47    Calculation 10 (Frequency: 29.2 GHz)
                      
                      
                      ------------------------------------------------------------------------------
18/Jan/2023 19:54:48  *** Warning ***
                      
18/Jan/2023 19:54:48  At least one propagating mode is not considered at port 1. 
                      
                      ------------------------------------------------------------------------------
18/Jan/2023 19:54:48    ----------------------------------------------------------------------------
                        Port   Mode   Type        Z-Wave        Z-Wave-Sigma  Z-Line        F-Cutoff
                        1      1      QTEM        265           10.3          45.6          ---
                        ----------------------------------------------------------------------------
                      
                      
                      ------------------------------------------------------------------------------
18/Jan/2023 19:55:01    Matrix setup time        :	4 s
                        Solver setup             :	5 s
                        Degrees of freedom       :	387727
                        Number of mesh cells     :	63123
                      
                        Stimulation port         :	1
                        Mode number              :	1
                        Accuracy                 :	9.54108e-05
                        Iterations               :	10
                        Solver time              :	4 s
                      
                      
                      ------------------------------------------------------------------------------
18/Jan/2023 19:55:01    Total time               :	14 s
                      
                      ------------------------------------------------------------------------------

                      ------------------------------------------------------------------------------
18/Jan/2023 19:55:02    Calculation 11 (Frequency: 26.92 GHz)
                      
                      
                      ------------------------------------------------------------------------------
18/Jan/2023 19:55:02  *** Warning ***
                      
18/Jan/2023 19:55:02  At least one propagating mode is not considered at port 1. 
                      
                      ------------------------------------------------------------------------------
18/Jan/2023 19:55:02    ----------------------------------------------------------------------------
                        Port   Mode   Type        Z-Wave        Z-Wave-Sigma  Z-Line        F-Cutoff
                        1      1      QTEM        265           10.3          45.4          ---
                        ----------------------------------------------------------------------------
                      
                      
                      ------------------------------------------------------------------------------
18/Jan/2023 19:55:18    Matrix setup time        :	5 s
                        Solver setup             :	4 s
                        Degrees of freedom       :	387727
                        Number of mesh cells     :	63123
                      
                        Stimulation port         :	1
                        Mode number              :	1
                        Accuracy                 :	3.54863e-05
                        Iterations               :	17
                        Solver time              :	7 s
                      
                      
                      ------------------------------------------------------------------------------
18/Jan/2023 19:55:18    Total time               :	16 s
                      
                      ------------------------------------------------------------------------------

                      ------------------------------------------------------------------------------
18/Jan/2023 19:55:18    Calculation 12 (Frequency: 22.96 GHz)
                      
                      
                      ------------------------------------------------------------------------------
18/Jan/2023 19:55:19  *** Warning ***
                      
18/Jan/2023 19:55:19  At least one propagating mode is not considered at port 1. 
                      
                      ------------------------------------------------------------------------------
18/Jan/2023 19:55:19    ----------------------------------------------------------------------------
                        Port   Mode   Type        Z-Wave        Z-Wave-Sigma  Z-Line        F-Cutoff
                        1      1      QTEM        266           10.2          44.9          ---
                        ----------------------------------------------------------------------------
                      
                      
                      ------------------------------------------------------------------------------
18/Jan/2023 19:55:35    Matrix setup time        :	4 s
                        Solver setup             :	5 s
                        Degrees of freedom       :	387727
                        Number of mesh cells     :	63123
                      
                        Stimulation port         :	1
                        Mode number              :	1
                        Accuracy                 :	9.21913e-05
                        Iterations               :	18
                        Solver time              :	7 s
                      
                      
                      ------------------------------------------------------------------------------
18/Jan/2023 19:55:35    Total time               :	17 s
                      
                      ------------------------------------------------------------------------------

                      ------------------------------------------------------------------------------
18/Jan/2023 19:55:35    Calculation 13 (Frequency: 31.42 GHz)
                      
                      
                      ------------------------------------------------------------------------------
18/Jan/2023 19:55:35  *** Warning ***
                      
18/Jan/2023 19:55:35  At least one propagating mode is not considered at port 1. 
                      
                      ------------------------------------------------------------------------------
18/Jan/2023 19:55:35    ----------------------------------------------------------------------------
                        Port   Mode   Type        Z-Wave        Z-Wave-Sigma  Z-Line        F-Cutoff
                        1      1      QTEM        264           10.3          45.8          ---
                        ----------------------------------------------------------------------------
                      
                      
                      ------------------------------------------------------------------------------
18/Jan/2023 19:55:47    Matrix setup time        :	5 s
                        Solver setup             :	5 s
                        Degrees of freedom       :	387727
                        Number of mesh cells     :	63123
                      
                        Stimulation port         :	1
                        Mode number              :	1
                        Accuracy                 :	6.92031e-05
                        Iterations               :	5
                        Solver time              :	2 s
                      
                      
                      ------------------------------------------------------------------------------
18/Jan/2023 19:55:48    Generating results       :	1 s
                      
                        Total time               :	13 s
                      
                      ------------------------------------------------------------------------------

                      ------------------------------------------------------------------------------
18/Jan/2023 19:55:48    Calculation 14 (Frequency: 21.9 GHz)
                      
                      
                      ------------------------------------------------------------------------------
18/Jan/2023 19:55:48  *** Warning ***
                      
18/Jan/2023 19:55:48  At least one propagating mode is not considered at port 1. 
                      
                      ------------------------------------------------------------------------------
18/Jan/2023 19:55:48    ----------------------------------------------------------------------------
                        Port   Mode   Type        Z-Wave        Z-Wave-Sigma  Z-Line        F-Cutoff
                        1      1      QTEM        269           14.3          44.7          ---
                        ----------------------------------------------------------------------------
                      
                      
                      ------------------------------------------------------------------------------
18/Jan/2023 19:56:03    Matrix setup time        :	5 s
                        Solver setup             :	4 s
                        Degrees of freedom       :	387727
                        Number of mesh cells     :	63123
                      
                        Stimulation port         :	1
                        Mode number              :	1
                        Accuracy                 :	8.26656e-05
                        Iterations               :	12
                        Solver time              :	5 s
                      
                      
                      ------------------------------------------------------------------------------
18/Jan/2023 19:56:03    Total time               :	15 s
                      
                      ------------------------------------------------------------------------------

                      ------------------------------------------------------------------------------
18/Jan/2023 19:56:03    Calculation 15 (Frequency: 33.14 GHz)
                      
                      
                      ------------------------------------------------------------------------------
18/Jan/2023 19:56:03  *** Warning ***
                      
18/Jan/2023 19:56:03  At least one propagating mode is not considered at port 1. 
                      
                      ------------------------------------------------------------------------------
18/Jan/2023 19:56:03    ----------------------------------------------------------------------------
                        Port   Mode   Type        Z-Wave        Z-Wave-Sigma  Z-Line        F-Cutoff
                        1      1      QTEM        264           11.5          46            ---
                        ----------------------------------------------------------------------------
                      
                      
                      ------------------------------------------------------------------------------
18/Jan/2023 19:56:20    Matrix setup time        :	5 s
                        Solver setup             :	5 s
                        Degrees of freedom       :	387727
                        Number of mesh cells     :	63123
                      
                        Stimulation port         :	1
                        Mode number              :	1
                        Accuracy                 :	9.02392e-05
                        Iterations               :	17
                        Solver time              :	7 s
                      
                      
                      ------------------------------------------------------------------------------
18/Jan/2023 19:56:20    Total time               :	17 s
                      
                      ------------------------------------------------------------------------------

                      ------------------------------------------------------------------------------
18/Jan/2023 19:56:20    Calculation 16 (Frequency: 36.4 GHz)
                      
                      
                      ------------------------------------------------------------------------------
18/Jan/2023 19:56:20  *** Warning ***
                      
18/Jan/2023 19:56:20  At least one propagating mode is not considered at port 1. 
                      
                      ------------------------------------------------------------------------------
18/Jan/2023 19:56:20    ----------------------------------------------------------------------------
                        Port   Mode   Type        Z-Wave        Z-Wave-Sigma  Z-Line        F-Cutoff
                        1      1      QTEM        264           12.2          46.2          ---
                        ----------------------------------------------------------------------------
                      
                      
                      ------------------------------------------------------------------------------
18/Jan/2023 19:56:38    Matrix setup time        :	5 s
                        Solver setup             :	5 s
                        Degrees of freedom       :	387727
                        Number of mesh cells     :	63123
                      
                        Stimulation port         :	1
                        Mode number              :	1
                        Accuracy                 :	9.9135e-05
                        Iterations               :	22
                        Solver time              :	8 s
                      
                      
                      ------------------------------------------------------------------------------
18/Jan/2023 19:56:38    Total time               :	18 s
                      
                      ------------------------------------------------------------------------------

                      ------------------------------------------------------------------------------
18/Jan/2023 19:56:38    Calculation 17 (Frequency: 34.46 GHz)
                      
                      
                      ------------------------------------------------------------------------------
18/Jan/2023 19:56:39  *** Warning ***
                      
18/Jan/2023 19:56:39  At least one propagating mode is not considered at port 1. 
                      
                      ------------------------------------------------------------------------------
18/Jan/2023 19:56:39    ----------------------------------------------------------------------------
                        Port   Mode   Type        Z-Wave        Z-Wave-Sigma  Z-Line        F-Cutoff
                        1      1      QTEM        265           12.5          46.1          ---
                        ----------------------------------------------------------------------------
                      
                      
                      ------------------------------------------------------------------------------
18/Jan/2023 19:56:54    Matrix setup time        :	5 s
                        Solver setup             :	4 s
                        Degrees of freedom       :	387727
                        Number of mesh cells     :	63123
                      
                        Stimulation port         :	1
                        Mode number              :	1
                        Accuracy                 :	6.8857e-05
                        Iterations               :	16
                        Solver time              :	6 s
                      
                      
                      ------------------------------------------------------------------------------
18/Jan/2023 19:56:55    Generating results       :	1 s
                      
                        Total time               :	17 s
                      
                      ------------------------------------------------------------------------------

                      ------------------------------------------------------------------------------
18/Jan/2023 19:56:55    Calculation 18 (Frequency: 20.7 GHz)
                      
                      
                      ------------------------------------------------------------------------------
18/Jan/2023 19:56:55  *** Warning ***
                      
18/Jan/2023 19:56:55  At least one propagating mode is not considered at port 1. 
                      
                      ------------------------------------------------------------------------------
18/Jan/2023 19:56:55    ----------------------------------------------------------------------------
                        Port   Mode   Type        Z-Wave        Z-Wave-Sigma  Z-Line        F-Cutoff
                        1      1      QTEM        269           14.2          44.5          ---
                        ----------------------------------------------------------------------------
                      
                      
                      ------------------------------------------------------------------------------
18/Jan/2023 19:57:10    Matrix setup time        :	5 s
                        Solver setup             :	5 s
                        Degrees of freedom       :	387727
                        Number of mesh cells     :	63123
                      
                        Stimulation port         :	1
                        Mode number              :	1
                        Accuracy                 :	8.3793e-05
                        Iterations               :	12
                        Solver time              :	5 s
                      
                      
                      ------------------------------------------------------------------------------
18/Jan/2023 19:57:10    Total time               :	15 s
                      
                      ------------------------------------------------------------------------------

                      ------------------------------------------------------------------------------
18/Jan/2023 19:57:10    Calculation 19 (Frequency: 24.04 GHz)
                      
                      
                      ------------------------------------------------------------------------------
18/Jan/2023 19:57:11  *** Warning ***
                      
18/Jan/2023 19:57:11  At least one propagating mode is not considered at port 1. 
                      
                      ------------------------------------------------------------------------------
18/Jan/2023 19:57:11    ----------------------------------------------------------------------------
                        Port   Mode   Type        Z-Wave        Z-Wave-Sigma  Z-Line        F-Cutoff
                        1      1      QTEM        266           10.2          45            ---
                        ----------------------------------------------------------------------------
                      
                      
                      ------------------------------------------------------------------------------
18/Jan/2023 19:57:24    Matrix setup time        :	5 s
                        Solver setup             :	4 s
                        Degrees of freedom       :	387727
                        Number of mesh cells     :	63123
                      
                        Stimulation port         :	1
                        Mode number              :	1
                        Accuracy                 :	8.78603e-05
                        Iterations               :	10
                        Solver time              :	4 s
                      
                      
                      ------------------------------------------------------------------------------
18/Jan/2023 19:57:24    Total time               :	14 s
                      
                      ------------------------------------------------------------------------------

                      ------------------------------------------------------------------------------
18/Jan/2023 19:57:24  Finished the general purpose interpolative broadband frequency sweep:
                      All broadband sweep convergence criteria have been satisfied after
                      calculating 19 frequency samples:
                      
                        Broadband sweep error threshold value : 
                                                                0.01 (All S-Parameters) 
                        Number of error criterion checks      : 
                                                                2 (All S-Parameters) 
                        Minimum number of samples             : 3
                      
                      
                      ------------------------------------------------------------------------------
18/Jan/2023 19:57:24    Total Solver Time        :	496 s	 (= 0 h, 08 m, 16 s)
                      ================================================================================
                      
                      
                      
                      ------------------------------------------------------------------------------
18/Jan/2023 19:57:25  Calculating remaining monitors.
                      
                      ------------------------------------------------------------------------------
18/Jan/2023 19:57:29    ----------------------------------------------------------------------------
                                            Peak memory used (kB)         Free physical memory (kB) 
                                                                          At begin     Minimum      
                        ----------------------------------------------------------------------------
                        Solver start        16352                         993964       993396       
                        Eq. system setup    775976                        1001984      573780       
                        Eq. system solve    775976                        941132       399080       
                        Mesh refinement     571860                        892496       703108       
                        Solver run total    775976                        993976       409248       
                      
                        Computer name       DESKTOP-SI2PIOG
                        ----------------------------------------------------------------------------
                      
                      
                      ------------------------------------------------------------------------------
18/Jan/2023 19:57:29  Running postprocessing.
                      
                      ------------------------------------------------------------------------------
18/Jan/2023 19:57:38  Postprocessing finished.
                      
                      ------------------------------------------------------------------------------
18/Jan/2023 19:57:38  Creating parametric 1D results for Run ID 1
                      
                      ------------------------------------------------------------------------------
18/Jan/2023 20:07:41  Units settings: 
                      
                        Dimensions: mm
                        Frequency:  GHz
                        Time:       ns
                      
                      ------------------------------------------------------------------------------
18/Jan/2023 20:07:41  Boundary conditions: 
                      
                        YZsymmetry: none
                        XZsymmetry: none
                        XYsymmetry: none
                      
                        Xmin: expanded open
                        Xmax: expanded open
                      
                        Ymin: expanded open
                        Ymax: expanded open
                      
                        Zmin: expanded open
                        Zmax: expanded open
                      
                      ------------------------------------------------------------------------------
18/Jan/2023 20:07:41  Order settings: 
                      
                        Solver order   : 2nd (constant)
                        Curved elements: up to order 3 (automatic)
                      
                      ------------------------------------------------------------------------------
18/Jan/2023 20:07:41  
                      ================================================================================
                      Frequency Domain Solver calculation cycle started
                      
                      ------------------------------------------------------------------------------
18/Jan/2023 20:07:41  Solver started at: 08:07 PM Wednesday, 18. January 2023 (Bangladesh Standard Time)
                      
                        Module:  Frequency Domain: S-Parameter (Win 64)
                        Version: 2020.0 Release from 2019-09-25 (change 724524)
                      
                      ------------------------------------------------------------------------------
18/Jan/2023 20:07:41    Calculation 20 (Frequency: 34.54 GHz)
                      
                      
                      ------------------------------------------------------------------------------
18/Jan/2023 20:07:41  Using electric shielding for port 1.
                      
                      ------------------------------------------------------------------------------
18/Jan/2023 20:07:41  *** Warning ***
                      
18/Jan/2023 20:07:41  At least one propagating mode is not considered at port 1. 
                      
                      ------------------------------------------------------------------------------
18/Jan/2023 20:07:41    ----------------------------------------------------------------------------
                        Port   Mode   Type        Z-Wave        Z-Wave-Sigma  Z-Line        F-Cutoff
                        1      1      QTEM        265           12.5          46.1          ---
                        ----------------------------------------------------------------------------
                      
                      
                      ------------------------------------------------------------------------------
18/Jan/2023 20:08:05    Matrix setup time        :	8 s
                        Solver setup             :	3 s
                        Degrees of freedom       :	387727
                        Number of mesh cells     :	63123
                      
                        Stimulation port         :	1
                        Mode number              :	1
                        Accuracy                 :	7.28268e-05
                        Iterations               :	30
                        Solver time              :	11 s
                      
                      
                      ------------------------------------------------------------------------------
18/Jan/2023 20:08:08    Generating results       :	3 s
                      
                        Total time               :	27 s
                      
                      ------------------------------------------------------------------------------

                      ------------------------------------------------------------------------------
18/Jan/2023 20:08:08    Total Solver Time        :	27 s
                      ================================================================================
                      
                      
                      
                      ------------------------------------------------------------------------------
18/Jan/2023 20:08:08  Calculating remaining monitors.
                      
                      ------------------------------------------------------------------------------
18/Jan/2023 20:08:10    ----------------------------------------------------------------------------
                                            Peak memory used (kB)         Free physical memory (kB) 
                                                                          At begin     Minimum      
                        ----------------------------------------------------------------------------
                        Solver start        18920                         1132936      1132936      
                        Eq. system setup    337068                        1062764      876172       
                        Eq. system solve    577616                        879636       593080       
                        Solver run total    635396                        1132940      595548       
                      
                        Computer name       DESKTOP-SI2PIOG
                        ----------------------------------------------------------------------------
                      
                      
                      ------------------------------------------------------------------------------
18/Jan/2023 20:08:10  Running postprocessing.
                      
                      ------------------------------------------------------------------------------
18/Jan/2023 20:08:18  Postprocessing finished.
                      
                      ------------------------------------------------------------------------------
18/Jan/2023 20:08:33  Creating parametric 1D results for Run ID 1
                      
                      ------------------------------------------------------------------------------
