09/Jan/2023 01:38:17  In order to get an optimal performance, hyperthreading is ignored for parallel
                      computations.
                      
                      ------------------------------------------------------------------------------
09/Jan/2023 01:38:24  Units settings: 
                      
                        Dimensions: mm
                        Frequency:  GHz
                        Time:       ns
                      
                      ------------------------------------------------------------------------------
09/Jan/2023 01:38:24  Boundary conditions: 
                      
                        YZsymmetry: none
                        XZsymmetry: none
                        XYsymmetry: none
                      
                        Xmin: expanded open
                        Xmax: expanded open
                      
                        Ymin: expanded open
                        Ymax: expanded open
                      
                        Zmin: expanded open
                        Zmax: expanded open
                      
                      ------------------------------------------------------------------------------
09/Jan/2023 01:38:24  Order settings: 
                      
                        Solver order   : 2nd (constant)
                        Curved elements: up to order 3 (automatic)
                      
                      ------------------------------------------------------------------------------
09/Jan/2023 01:38:24    Mesh time                :	6 s
                      
                      
                      ------------------------------------------------------------------------------
09/Jan/2023 01:38:24  
                      ================================================================================
                      Frequency Domain Solver calculation cycle started
                      
                      ------------------------------------------------------------------------------
09/Jan/2023 01:38:24  Solver started at: 01:38 AM Monday, 09. January 2023 (Bangladesh Standard Time)
                      
                        Module:  Frequency Domain: S-Parameter (Win 64)
                        Version: 2020.0 Release from 2019-09-25 (change 724524)
                      
                      ------------------------------------------------------------------------------
09/Jan/2023 01:38:24    Calculation 1 of 1 (Frequency: 30 GHz)
                      
                      
                      ------------------------------------------------------------------------------
09/Jan/2023 01:38:24  Using electric shielding for port 1.
                      
                      ------------------------------------------------------------------------------
09/Jan/2023 01:38:25  *** Warning ***
                      
09/Jan/2023 01:38:25  At least one propagating mode is not considered at port 1. 
                      
                      ------------------------------------------------------------------------------
09/Jan/2023 01:38:32    ----------------------------------------------------------------------------
                        Port   Mode   Type        Z-Wave        Z-Wave-Sigma  Z-Line        F-Cutoff
                        1      1      QTEM        263           12.1          45.8          ---
                        ----------------------------------------------------------------------------
                      
                      
                      ------------------------------------------------------------------------------
09/Jan/2023 01:38:32  The wavelength based mesh refinement has been applied to 4.6% of all mesh edges.
                      
                      ------------------------------------------------------------------------------
09/Jan/2023 01:38:34  Adaptive mesh refinement pass 1
                      
                      ------------------------------------------------------------------------------
09/Jan/2023 01:38:42    Matrix setup time        :	1 s
                        Degrees of freedom       :	111549
                        Number of mesh cells     :	17258
                      
                        Stimulation port         :	1
                        Mode number              :	1
                        Accuracy                 :	8.05038e-05
                        Iterations               :	141
                        Solver time              :	7 s
                      
                      
                      ------------------------------------------------------------------------------
09/Jan/2023 01:38:42  34% of all mesh edges seem to be longer than expected. The adaptive mesh refinement's growth limitation will therefore 
                      use 52517 instead of 13597 mesh cells as a reference.
                      
                      ------------------------------------------------------------------------------
09/Jan/2023 01:38:42  The wavelength based mesh refinement has been applied to 0.4% of all mesh edges.
                      
                      ------------------------------------------------------------------------------
09/Jan/2023 01:38:44  Adaptive mesh refinement pass 2
                      
                      ------------------------------------------------------------------------------
09/Jan/2023 01:38:50    Matrix setup time        :	2 s
                        Degrees of freedom       :	140941
                        Number of mesh cells     :	22126
                      
                        Stimulation port         :	1
                        Mode number              :	1
                        Accuracy                 :	5.84961e-05
                        Iterations               :	53
                        Solver time              :	4 s
                      
                      
                      ------------------------------------------------------------------------------
09/Jan/2023 01:38:51    Delta calculation        
09/Jan/2023 01:38:51    All S-Parameters         :	0.44673

                      ------------------------------------------------------------------------------
09/Jan/2023 01:38:51  The wavelength based mesh refinement has been applied to 0.1% of all mesh edges.
                      
                      ------------------------------------------------------------------------------
09/Jan/2023 01:38:55  Adaptive mesh refinement pass 3
                      
                      ------------------------------------------------------------------------------
09/Jan/2023 01:39:02    Matrix setup time        :	1 s
                        Solver setup             :	1 s
                        Degrees of freedom       :	174331
                        Number of mesh cells     :	27683
                      
                        Stimulation port         :	1
                        Mode number              :	1
                        Accuracy                 :	5.83486e-05
                        Iterations               :	48
                        Solver time              :	5 s
                      
                      
                      ------------------------------------------------------------------------------
09/Jan/2023 01:39:02    Delta calculation        
09/Jan/2023 01:39:02    All S-Parameters         :	0.0647088

                      ------------------------------------------------------------------------------
09/Jan/2023 01:39:07  Adaptive mesh refinement pass 4
                      
                      ------------------------------------------------------------------------------
09/Jan/2023 01:39:16    Matrix setup time        :	3 s
                        Solver setup             :	1 s
                        Degrees of freedom       :	223763
                        Number of mesh cells     :	35906
                      
                        Stimulation port         :	1
                        Mode number              :	1
                        Accuracy                 :	8.89763e-05
                        Iterations               :	45
                        Solver time              :	5 s
                      
                      
                      ------------------------------------------------------------------------------
09/Jan/2023 01:39:16    Delta calculation        
09/Jan/2023 01:39:16    All S-Parameters         :	0.0261581

                      ------------------------------------------------------------------------------
09/Jan/2023 01:39:23  Adaptive mesh refinement pass 5
                      
                      ------------------------------------------------------------------------------
09/Jan/2023 01:39:33    Matrix setup time        :	3 s
                        Solver setup             :	1 s
                        Degrees of freedom       :	305267
                        Number of mesh cells     :	49326
                      
                        Stimulation port         :	1
                        Mode number              :	1
                        Accuracy                 :	7.81061e-05
                        Iterations               :	35
                        Solver time              :	6 s
                      
                      
                      ------------------------------------------------------------------------------
09/Jan/2023 01:39:34    Delta calculation        
09/Jan/2023 01:39:34    All S-Parameters         :	0.0137065

                      ------------------------------------------------------------------------------
09/Jan/2023 01:39:34  Mesh adaptation terminated because the desired accuracy limit is reached.
                      
                      ------------------------------------------------------------------------------
09/Jan/2023 01:39:34    Total time               :	70 s	 (= 0 h, 01 m, 10 s)
                      
                      ------------------------------------------------------------------------------

                      ------------------------------------------------------------------------------
09/Jan/2023 01:39:34    Calculation 2 (Frequency: 1 GHz)
                      
                      
                      ------------------------------------------------------------------------------
09/Jan/2023 01:39:34    ----------------------------------------------------------------------------
                        Port   Mode   Type        Z-Wave        Z-Wave-Sigma  Z-Line        F-Cutoff
                        1      1      QTEM        274           9.71          44.7          ---
                        ----------------------------------------------------------------------------
                      
                      
                      ------------------------------------------------------------------------------
09/Jan/2023 01:39:42    Matrix setup time        :	2 s
                        Solver setup             :	2 s
                        Degrees of freedom       :	305267
                        Number of mesh cells     :	49326
                      
                        Stimulation port         :	1
                        Mode number              :	1
                        Accuracy                 :	8.22241e-05
                        Iterations               :	21
                        Solver time              :	4 s
                      
                      
                      ------------------------------------------------------------------------------
09/Jan/2023 01:39:42    Total time               :	8 s
                      
                      ------------------------------------------------------------------------------

                      ------------------------------------------------------------------------------
09/Jan/2023 01:39:42    Calculation 3 (Frequency: 15.5 GHz)
                      
                      
                      ------------------------------------------------------------------------------
09/Jan/2023 01:39:42  *** Warning ***
                      
09/Jan/2023 01:39:42  At least one propagating mode is not considered at port 1. 
                      
                      ------------------------------------------------------------------------------
09/Jan/2023 01:39:43    ----------------------------------------------------------------------------
                        Port   Mode   Type        Z-Wave        Z-Wave-Sigma  Z-Line        F-Cutoff
                        1      1      QTEM        267           11.2          45.1          ---
                        ----------------------------------------------------------------------------
                      
                      
                      ------------------------------------------------------------------------------
09/Jan/2023 01:39:51    Matrix setup time        :	2 s
                        Solver setup             :	1 s
                        Degrees of freedom       :	305267
                        Number of mesh cells     :	49326
                      
                        Stimulation port         :	1
                        Mode number              :	1
                        Accuracy                 :	9.63122e-05
                        Iterations               :	24
                        Solver time              :	5 s
                      
                      
                      ------------------------------------------------------------------------------
09/Jan/2023 01:39:51    Total time               :	9 s
                      
                      ------------------------------------------------------------------------------

                      ------------------------------------------------------------------------------
09/Jan/2023 01:39:51    Calculation 4 (Frequency: 22.75 GHz)
                      
                      
                      ------------------------------------------------------------------------------
09/Jan/2023 01:39:52  *** Warning ***
                      
09/Jan/2023 01:39:52  At least one propagating mode is not considered at port 1. 
                      
                      ------------------------------------------------------------------------------
09/Jan/2023 01:39:52    ----------------------------------------------------------------------------
                        Port   Mode   Type        Z-Wave        Z-Wave-Sigma  Z-Line        F-Cutoff
                        1      1      QTEM        264           13.5          45.4          ---
                        ----------------------------------------------------------------------------
                      
                      
                      ------------------------------------------------------------------------------
09/Jan/2023 01:40:00    Matrix setup time        :	2 s
                        Solver setup             :	1 s
                        Degrees of freedom       :	305267
                        Number of mesh cells     :	49326
                      
                        Stimulation port         :	1
                        Mode number              :	1
                        Accuracy                 :	9.97777e-05
                        Iterations               :	24
                        Solver time              :	5 s
                      
                      
                      ------------------------------------------------------------------------------
09/Jan/2023 01:40:00    Total time               :	9 s
                      
                      ------------------------------------------------------------------------------

                      ------------------------------------------------------------------------------
09/Jan/2023 01:40:00    Calculation 5 (Frequency: 10.715 GHz)
                      
                      
                      ------------------------------------------------------------------------------
09/Jan/2023 01:40:00  *** Warning ***
                      
09/Jan/2023 01:40:00  At least one propagating mode is not considered at port 1. 
                      
                      ------------------------------------------------------------------------------
09/Jan/2023 01:40:00    ----------------------------------------------------------------------------
                        Port   Mode   Type        Z-Wave        Z-Wave-Sigma  Z-Line        F-Cutoff
                        1      1      QTEM        270           11.2          44.9          ---
                        ----------------------------------------------------------------------------
                      
                      
                      ------------------------------------------------------------------------------
09/Jan/2023 01:40:08    Matrix setup time        :	2 s
                        Solver setup             :	2 s
                        Degrees of freedom       :	305267
                        Number of mesh cells     :	49326
                      
                        Stimulation port         :	1
                        Mode number              :	1
                        Accuracy                 :	8.72426e-05
                        Iterations               :	21
                        Solver time              :	4 s
                      
                      
                      ------------------------------------------------------------------------------
09/Jan/2023 01:40:08    Total time               :	8 s
                      
                      ------------------------------------------------------------------------------

                      ------------------------------------------------------------------------------
09/Jan/2023 01:40:08    Calculation 6 (Frequency: 19.067 GHz)
                      
                      
                      ------------------------------------------------------------------------------
09/Jan/2023 01:40:08  *** Warning ***
                      
09/Jan/2023 01:40:08  At least one propagating mode is not considered at port 1. 
                      
                      ------------------------------------------------------------------------------
09/Jan/2023 01:40:09    ----------------------------------------------------------------------------
                        Port   Mode   Type        Z-Wave        Z-Wave-Sigma  Z-Line        F-Cutoff
                        1      1      QTEM        265           12.4          45.3          ---
                        ----------------------------------------------------------------------------
                      
                      
                      ------------------------------------------------------------------------------
09/Jan/2023 01:40:16    Matrix setup time        :	1 s
                        Solver setup             :	2 s
                        Degrees of freedom       :	305267
                        Number of mesh cells     :	49326
                      
                        Stimulation port         :	1
                        Mode number              :	1
                        Accuracy                 :	9.14334e-05
                        Iterations               :	22
                        Solver time              :	4 s
                      
                      
                      ------------------------------------------------------------------------------
09/Jan/2023 01:40:16    Total time               :	8 s
                      
                      ------------------------------------------------------------------------------

                      ------------------------------------------------------------------------------
09/Jan/2023 01:40:16    Calculation 7 (Frequency: 25.331 GHz)
                      
                      
                      ------------------------------------------------------------------------------
09/Jan/2023 01:40:17  *** Warning ***
                      
09/Jan/2023 01:40:17  At least one propagating mode is not considered at port 1. 
                      
                      ------------------------------------------------------------------------------
09/Jan/2023 01:40:17    ----------------------------------------------------------------------------
                        Port   Mode   Type        Z-Wave        Z-Wave-Sigma  Z-Line        F-Cutoff
                        1      1      QTEM        263           13.5          45.5          ---
                        ----------------------------------------------------------------------------
                      
                      
                      ------------------------------------------------------------------------------
09/Jan/2023 01:40:25    Matrix setup time        :	2 s
                        Solver setup             :	1 s
                        Degrees of freedom       :	305267
                        Number of mesh cells     :	49326
                      
                        Stimulation port         :	1
                        Mode number              :	1
                        Accuracy                 :	8.90792e-05
                        Iterations               :	27
                        Solver time              :	5 s
                      
                      
                      ------------------------------------------------------------------------------
09/Jan/2023 01:40:25    Total time               :	9 s
                      
                      ------------------------------------------------------------------------------

                      ------------------------------------------------------------------------------
09/Jan/2023 01:40:25    Calculation 8 (Frequency: 19.995 GHz)
                      
                      
                      ------------------------------------------------------------------------------
09/Jan/2023 01:40:26  *** Warning ***
                      
09/Jan/2023 01:40:26  At least one propagating mode is not considered at port 1. 
                      
                      ------------------------------------------------------------------------------
09/Jan/2023 01:40:26    ----------------------------------------------------------------------------
                        Port   Mode   Type        Z-Wave        Z-Wave-Sigma  Z-Line        F-Cutoff
                        1      1      QTEM        265           12.4          45.3          ---
                        ----------------------------------------------------------------------------
                      
                      
                      ------------------------------------------------------------------------------
09/Jan/2023 01:40:32    Matrix setup time        :	2 s
                        Solver setup             :	1 s
                        Degrees of freedom       :	305267
                        Number of mesh cells     :	49326
                      
                        Stimulation port         :	1
                        Mode number              :	1
                        Accuracy                 :	9.81474e-05
                        Iterations               :	15
                        Solver time              :	3 s
                      
                      
                      ------------------------------------------------------------------------------
09/Jan/2023 01:40:32    Total time               :	7 s
                      
                      ------------------------------------------------------------------------------

                      ------------------------------------------------------------------------------
09/Jan/2023 01:40:32    Calculation 9 (Frequency: 24.432 GHz)
                      
                      
                      ------------------------------------------------------------------------------
09/Jan/2023 01:40:32  *** Warning ***
                      
09/Jan/2023 01:40:32  At least one propagating mode is not considered at port 1. 
                      
                      ------------------------------------------------------------------------------
09/Jan/2023 01:40:33    ----------------------------------------------------------------------------
                        Port   Mode   Type        Z-Wave        Z-Wave-Sigma  Z-Line        F-Cutoff
                        1      1      QTEM        263           13.5          45.5          ---
                        ----------------------------------------------------------------------------
                      
                      
                      ------------------------------------------------------------------------------
09/Jan/2023 01:40:40    Matrix setup time        :	1 s
                        Solver setup             :	2 s
                        Degrees of freedom       :	305267
                        Number of mesh cells     :	49326
                      
                        Stimulation port         :	1
                        Mode number              :	1
                        Accuracy                 :	9.81754e-05
                        Iterations               :	20
                        Solver time              :	4 s
                      
                      
                      ------------------------------------------------------------------------------
09/Jan/2023 01:40:40    Total time               :	8 s
                      
                      ------------------------------------------------------------------------------

                      ------------------------------------------------------------------------------
09/Jan/2023 01:40:40    Calculation 10 (Frequency: 26.839 GHz)
                      
                      
                      ------------------------------------------------------------------------------
09/Jan/2023 01:40:40  *** Warning ***
                      
09/Jan/2023 01:40:40  At least one propagating mode is not considered at port 1. 
                      
                      ------------------------------------------------------------------------------
09/Jan/2023 01:40:41    ----------------------------------------------------------------------------
                        Port   Mode   Type        Z-Wave        Z-Wave-Sigma  Z-Line        F-Cutoff
                        1      1      QTEM        263           13.4          45.6          ---
                        ----------------------------------------------------------------------------
                      
                      
                      ------------------------------------------------------------------------------
09/Jan/2023 01:40:50    Matrix setup time        :	1 s
                        Solver setup             :	3 s
                        Degrees of freedom       :	305267
                        Number of mesh cells     :	49326
                      
                        Stimulation port         :	1
                        Mode number              :	1
                        Accuracy                 :	3.84682e-05
                        Iterations               :	34
                        Solver time              :	5 s
                      
                      
                      ------------------------------------------------------------------------------
09/Jan/2023 01:40:50    Total time               :	10 s
                      
                      ------------------------------------------------------------------------------

                      ------------------------------------------------------------------------------
09/Jan/2023 01:40:50    Calculation 11 (Frequency: 4.857 GHz)
                      
                      
                      ------------------------------------------------------------------------------
09/Jan/2023 01:40:51    ----------------------------------------------------------------------------
                        Port   Mode   Type        Z-Wave        Z-Wave-Sigma  Z-Line        F-Cutoff
                        1      1      QTEM        273           9.71          44.6          ---
                        ----------------------------------------------------------------------------
                      
                      
                      ------------------------------------------------------------------------------
09/Jan/2023 01:40:59    Matrix setup time        :	1 s
                        Solver setup             :	2 s
                        Degrees of freedom       :	305267
                        Number of mesh cells     :	49326
                      
                        Stimulation port         :	1
                        Mode number              :	1
                        Accuracy                 :	9.77703e-05
                        Iterations               :	22
                        Solver time              :	5 s
                      
                      
                      ------------------------------------------------------------------------------
09/Jan/2023 01:40:59    Total time               :	9 s
                      
                      ------------------------------------------------------------------------------

                      ------------------------------------------------------------------------------
09/Jan/2023 01:40:59    Calculation 12 (Frequency: 17.443 GHz)
                      
                      
                      ------------------------------------------------------------------------------
09/Jan/2023 01:40:59  *** Warning ***
                      
09/Jan/2023 01:40:59  At least one propagating mode is not considered at port 1. 
                      
                      ------------------------------------------------------------------------------
09/Jan/2023 01:40:59    ----------------------------------------------------------------------------
                        Port   Mode   Type        Z-Wave        Z-Wave-Sigma  Z-Line        F-Cutoff
                        1      1      QTEM        267           11.2          45.2          ---
                        ----------------------------------------------------------------------------
                      
                      
                      ------------------------------------------------------------------------------
09/Jan/2023 01:41:05    Matrix setup time        :	2 s
                        Solver setup             :	2 s
                        Degrees of freedom       :	305267
                        Number of mesh cells     :	49326
                      
                        Stimulation port         :	1
                        Mode number              :	1
                        Accuracy                 :	8.97151e-05
                        Iterations               :	10
                        Solver time              :	2 s
                      
                      
                      ------------------------------------------------------------------------------
09/Jan/2023 01:41:05    Total time               :	6 s
                      
                      ------------------------------------------------------------------------------

                      ------------------------------------------------------------------------------
09/Jan/2023 01:41:05    Calculation 13 (Frequency: 5.64 GHz)
                      
                      
                      ------------------------------------------------------------------------------
09/Jan/2023 01:41:05    ----------------------------------------------------------------------------
                        Port   Mode   Type        Z-Wave        Z-Wave-Sigma  Z-Line        F-Cutoff
                        1      1      QTEM        272           10.4          44.6          ---
                        ----------------------------------------------------------------------------
                      
                      
                      ------------------------------------------------------------------------------
09/Jan/2023 01:41:12    Matrix setup time        :	2 s
                        Solver setup             :	2 s
                        Degrees of freedom       :	305267
                        Number of mesh cells     :	49326
                      
                        Stimulation port         :	1
                        Mode number              :	1
                        Accuracy                 :	9.49226e-05
                        Iterations               :	15
                        Solver time              :	3 s
                      
                      
                      ------------------------------------------------------------------------------
09/Jan/2023 01:41:12    Total time               :	7 s
                      
                      ------------------------------------------------------------------------------

                      ------------------------------------------------------------------------------
09/Jan/2023 01:41:12    Calculation 14 (Frequency: 3.581 GHz)
                      
                      
                      ------------------------------------------------------------------------------
09/Jan/2023 01:41:12    ----------------------------------------------------------------------------
                        Port   Mode   Type        Z-Wave        Z-Wave-Sigma  Z-Line        F-Cutoff
                        1      1      QTEM        273           9.86          44.7          ---
                        ----------------------------------------------------------------------------
                      
                      
                      ------------------------------------------------------------------------------
09/Jan/2023 01:41:19    Matrix setup time        :	2 s
                        Solver setup             :	2 s
                        Degrees of freedom       :	305267
                        Number of mesh cells     :	49326
                      
                        Stimulation port         :	1
                        Mode number              :	1
                        Accuracy                 :	7.74353e-05
                        Iterations               :	17
                        Solver time              :	3 s
                      
                      
                      ------------------------------------------------------------------------------
09/Jan/2023 01:41:19    Total time               :	7 s
                      
                      ------------------------------------------------------------------------------

                      ------------------------------------------------------------------------------
09/Jan/2023 01:41:19    Calculation 15 (Frequency: 8.54 GHz)
                      
                      
                      ------------------------------------------------------------------------------
09/Jan/2023 01:41:20  *** Warning ***
                      
09/Jan/2023 01:41:20  At least one propagating mode is not considered at port 1. 
                      
                      ------------------------------------------------------------------------------
09/Jan/2023 01:41:20    ----------------------------------------------------------------------------
                        Port   Mode   Type        Z-Wave        Z-Wave-Sigma  Z-Line        F-Cutoff
                        1      1      QTEM        271           10.7          44.8          ---
                        ----------------------------------------------------------------------------
                      
                      
                      ------------------------------------------------------------------------------
09/Jan/2023 01:41:27    Matrix setup time        :	2 s
                        Solver setup             :	2 s
                        Degrees of freedom       :	305267
                        Number of mesh cells     :	49326
                      
                        Stimulation port         :	1
                        Mode number              :	1
                        Accuracy                 :	7.37943e-05
                        Iterations               :	18
                        Solver time              :	3 s
                      
                      
                      ------------------------------------------------------------------------------
09/Jan/2023 01:41:27    Total time               :	8 s
                      
                      ------------------------------------------------------------------------------

                      ------------------------------------------------------------------------------
09/Jan/2023 01:41:27    Calculation 16 (Frequency: 16.109 GHz)
                      
                      
                      ------------------------------------------------------------------------------
09/Jan/2023 01:41:27  *** Warning ***
                      
09/Jan/2023 01:41:27  At least one propagating mode is not considered at port 1. 
                      
                      ------------------------------------------------------------------------------
09/Jan/2023 01:41:27    ----------------------------------------------------------------------------
                        Port   Mode   Type        Z-Wave        Z-Wave-Sigma  Z-Line        F-Cutoff
                        1      1      QTEM        267           11.2          45.1          ---
                        ----------------------------------------------------------------------------
                      
                      
                      ------------------------------------------------------------------------------
09/Jan/2023 01:41:34    Matrix setup time        :	2 s
                        Solver setup             :	2 s
                        Degrees of freedom       :	305267
                        Number of mesh cells     :	49326
                      
                        Stimulation port         :	1
                        Mode number              :	1
                        Accuracy                 :	8.12342e-05
                        Iterations               :	12
                        Solver time              :	3 s
                      
                      
                      ------------------------------------------------------------------------------
09/Jan/2023 01:41:34    Total time               :	7 s
                      
                      ------------------------------------------------------------------------------

                      ------------------------------------------------------------------------------
09/Jan/2023 01:41:34    Calculation 17 (Frequency: 12.89 GHz)
                      
                      
                      ------------------------------------------------------------------------------
09/Jan/2023 01:41:34  *** Warning ***
                      
09/Jan/2023 01:41:34  At least one propagating mode is not considered at port 1. 
                      
                      ------------------------------------------------------------------------------
09/Jan/2023 01:41:34    ----------------------------------------------------------------------------
                        Port   Mode   Type        Z-Wave        Z-Wave-Sigma  Z-Line        F-Cutoff
                        1      1      QTEM        269           11.8          45            ---
                        ----------------------------------------------------------------------------
                      
                      
                      ------------------------------------------------------------------------------
09/Jan/2023 01:41:41    Matrix setup time        :	2 s
                        Solver setup             :	2 s
                        Degrees of freedom       :	305267
                        Number of mesh cells     :	49326
                      
                        Stimulation port         :	1
                        Mode number              :	1
                        Accuracy                 :	9.97065e-05
                        Iterations               :	17
                        Solver time              :	3 s
                      
                      
                      ------------------------------------------------------------------------------
09/Jan/2023 01:41:41    Total time               :	7 s
                      
                      ------------------------------------------------------------------------------

                      ------------------------------------------------------------------------------
09/Jan/2023 01:41:41    Calculation 18 (Frequency: 6.945 GHz)
                      
                      
                      ------------------------------------------------------------------------------
09/Jan/2023 01:41:42    ----------------------------------------------------------------------------
                        Port   Mode   Type        Z-Wave        Z-Wave-Sigma  Z-Line        F-Cutoff
                        1      1      QTEM        272           10.5          44.7          ---
                        ----------------------------------------------------------------------------
                      
                      
                      ------------------------------------------------------------------------------
09/Jan/2023 01:41:50    Matrix setup time        :	2 s
                        Solver setup             :	2 s
                        Degrees of freedom       :	305267
                        Number of mesh cells     :	49326
                      
                        Stimulation port         :	1
                        Mode number              :	1
                        Accuracy                 :	8.65277e-05
                        Iterations               :	20
                        Solver time              :	4 s
                      
                      
                      ------------------------------------------------------------------------------
09/Jan/2023 01:41:50    Total time               :	9 s
                      
                      ------------------------------------------------------------------------------

                      ------------------------------------------------------------------------------
09/Jan/2023 01:41:50    Calculation 19 (Frequency: 1.725 GHz)
                      
                      
                      ------------------------------------------------------------------------------
09/Jan/2023 01:41:50    ----------------------------------------------------------------------------
                        Port   Mode   Type        Z-Wave        Z-Wave-Sigma  Z-Line        F-Cutoff
                        1      1      QTEM        274           9.73          44.7          ---
                        ----------------------------------------------------------------------------
                      
                      
                      ------------------------------------------------------------------------------
09/Jan/2023 01:41:58    Matrix setup time        :	2 s
                        Solver setup             :	3 s
                        Degrees of freedom       :	305267
                        Number of mesh cells     :	49326
                      
                        Stimulation port         :	1
                        Mode number              :	1
                        Accuracy                 :	8.13553e-05
                        Iterations               :	17
                        Solver time              :	3 s
                      
                      
                      ------------------------------------------------------------------------------
09/Jan/2023 01:41:58    Total time               :	8 s
                      
                      ------------------------------------------------------------------------------

                      ------------------------------------------------------------------------------
09/Jan/2023 01:41:58    Calculation 20 (Frequency: 7.583 GHz)
                      
                      
                      ------------------------------------------------------------------------------
09/Jan/2023 01:41:59    ----------------------------------------------------------------------------
                        Port   Mode   Type        Z-Wave        Z-Wave-Sigma  Z-Line        F-Cutoff
                        1      1      QTEM        271           10.6          44.7          ---
                        ----------------------------------------------------------------------------
                      
                      
                      ------------------------------------------------------------------------------
09/Jan/2023 01:42:06    Matrix setup time        :	2 s
                        Solver setup             :	2 s
                        Degrees of freedom       :	305267
                        Number of mesh cells     :	49326
                      
                        Stimulation port         :	1
                        Mode number              :	1
                        Accuracy                 :	9.65562e-05
                        Iterations               :	20
                        Solver time              :	3 s
                      
                      
                      ------------------------------------------------------------------------------
09/Jan/2023 01:42:06    Total time               :	8 s
                      
                      ------------------------------------------------------------------------------

                      ------------------------------------------------------------------------------
09/Jan/2023 01:42:06    Calculation 21 (Frequency: 9.265 GHz)
                      
                      
                      ------------------------------------------------------------------------------
09/Jan/2023 01:42:06  *** Warning ***
                      
09/Jan/2023 01:42:06  At least one propagating mode is not considered at port 1. 
                      
                      ------------------------------------------------------------------------------
09/Jan/2023 01:42:06    ----------------------------------------------------------------------------
                        Port   Mode   Type        Z-Wave        Z-Wave-Sigma  Z-Line        F-Cutoff
                        1      1      QTEM        271           12.4          44.8          ---
                        ----------------------------------------------------------------------------
                      
                      
                      ------------------------------------------------------------------------------
09/Jan/2023 01:42:13    Matrix setup time        :	2 s
                        Solver setup             :	2 s
                        Degrees of freedom       :	305267
                        Number of mesh cells     :	49326
                      
                        Stimulation port         :	1
                        Mode number              :	1
                        Accuracy                 :	7.15578e-05
                        Iterations               :	18
                        Solver time              :	3 s
                      
                      
                      ------------------------------------------------------------------------------
09/Jan/2023 01:42:13    Total time               :	7 s
                      
                      ------------------------------------------------------------------------------

                      ------------------------------------------------------------------------------
09/Jan/2023 01:42:13    Calculation 22 (Frequency: 7.931 GHz)
                      
                      
                      ------------------------------------------------------------------------------
09/Jan/2023 01:42:14    ----------------------------------------------------------------------------
                        Port   Mode   Type        Z-Wave        Z-Wave-Sigma  Z-Line        F-Cutoff
                        1      1      QTEM        271           10.6          44.7          ---
                        ----------------------------------------------------------------------------
                      
                      
                      ------------------------------------------------------------------------------
09/Jan/2023 01:42:25    Matrix setup time        :	1 s
                        Solver setup             :	2 s
                        Degrees of freedom       :	305267
                        Number of mesh cells     :	49326
                      
                        Stimulation port         :	1
                        Mode number              :	1
                        Accuracy                 :	6.38852e-05
                        Iterations               :	20
                        Solver time              :	8 s
                      
                      
                      ------------------------------------------------------------------------------
09/Jan/2023 01:42:25    Total time               :	12 s
                      
                      ------------------------------------------------------------------------------

                      ------------------------------------------------------------------------------
09/Jan/2023 01:42:25    Calculation 23 (Frequency: 9.091 GHz)
                      
                      
                      ------------------------------------------------------------------------------
09/Jan/2023 01:42:25  *** Warning ***
                      
09/Jan/2023 01:42:25  At least one propagating mode is not considered at port 1. 
                      
                      ------------------------------------------------------------------------------
09/Jan/2023 01:42:25    ----------------------------------------------------------------------------
                        Port   Mode   Type        Z-Wave        Z-Wave-Sigma  Z-Line        F-Cutoff
                        1      1      QTEM        271           12.3          44.8          ---
                        ----------------------------------------------------------------------------
                      
                      
                      ------------------------------------------------------------------------------
09/Jan/2023 01:42:39    Matrix setup time        :	3 s
                        Solver setup             :	4 s
                        Degrees of freedom       :	305267
                        Number of mesh cells     :	49326
                      
                        Stimulation port         :	1
                        Mode number              :	1
                        Accuracy                 :	7.42184e-05
                        Iterations               :	24
                        Solver time              :	6 s
                      
                      
                      ------------------------------------------------------------------------------
09/Jan/2023 01:42:40    Total time               :	15 s
                      
                      ------------------------------------------------------------------------------

                      ------------------------------------------------------------------------------
09/Jan/2023 01:42:40    Calculation 24 (Frequency: 2.218 GHz)
                      
                      
                      ------------------------------------------------------------------------------
09/Jan/2023 01:42:40    ----------------------------------------------------------------------------
                        Port   Mode   Type        Z-Wave        Z-Wave-Sigma  Z-Line        F-Cutoff
                        1      1      QTEM        274           9.76          44.7          ---
                        ----------------------------------------------------------------------------
                      
                      
                      ------------------------------------------------------------------------------
09/Jan/2023 01:42:47    Matrix setup time        :	3 s
                        Solver setup             :	2 s
                        Degrees of freedom       :	305267
                        Number of mesh cells     :	49326
                      
                        Stimulation port         :	1
                        Mode number              :	1
                        Accuracy                 :	7.13261e-05
                        Iterations               :	7
                        Solver time              :	2 s
                      
                      
                      ------------------------------------------------------------------------------
09/Jan/2023 01:42:47    Total time               :	7 s
                      
                      ------------------------------------------------------------------------------

                      ------------------------------------------------------------------------------
09/Jan/2023 01:42:47    Calculation 25 (Frequency: 1.377 GHz)
                      
                      
                      ------------------------------------------------------------------------------
09/Jan/2023 01:42:48    ----------------------------------------------------------------------------
                        Port   Mode   Type        Z-Wave        Z-Wave-Sigma  Z-Line        F-Cutoff
                        1      1      QTEM        274           9.72          44.7          ---
                        ----------------------------------------------------------------------------
                      
                      
                      ------------------------------------------------------------------------------
09/Jan/2023 01:42:55    Matrix setup time        :	2 s
                        Solver setup             :	3 s
                        Degrees of freedom       :	305267
                        Number of mesh cells     :	49326
                      
                        Stimulation port         :	1
                        Mode number              :	1
                        Accuracy                 :	8.89084e-05
                        Iterations               :	5
                        Solver time              :	2 s
                      
                      
                      ------------------------------------------------------------------------------
09/Jan/2023 01:42:55    Total time               :	8 s
                      
                      ------------------------------------------------------------------------------

                      ------------------------------------------------------------------------------
09/Jan/2023 01:42:55    Calculation 26 (Frequency: 12.136 GHz)
                      
                      
                      ------------------------------------------------------------------------------
09/Jan/2023 01:42:55  *** Warning ***
                      
09/Jan/2023 01:42:55  At least one propagating mode is not considered at port 1. 
                      
                      ------------------------------------------------------------------------------
09/Jan/2023 01:42:55    ----------------------------------------------------------------------------
                        Port   Mode   Type        Z-Wave        Z-Wave-Sigma  Z-Line        F-Cutoff
                        1      1      QTEM        269           11.3          45            ---
                        ----------------------------------------------------------------------------
                      
                      
                      ------------------------------------------------------------------------------
09/Jan/2023 01:43:03    Matrix setup time        :	3 s
                        Solver setup             :	3 s
                        Degrees of freedom       :	305267
                        Number of mesh cells     :	49326
                      
                        Stimulation port         :	1
                        Mode number              :	1
                        Accuracy                 :	8.57704e-05
                        Iterations               :	10
                        Solver time              :	2 s
                      
                      
                      ------------------------------------------------------------------------------
09/Jan/2023 01:43:04    Generating results       :	1 s
                      
                        Total time               :	9 s
                      
                      ------------------------------------------------------------------------------

                      ------------------------------------------------------------------------------
09/Jan/2023 01:43:04    Calculation 27 (Frequency: 28.376 GHz)
                      
                      
                      ------------------------------------------------------------------------------
09/Jan/2023 01:43:04  *** Warning ***
                      
09/Jan/2023 01:43:04  At least one propagating mode is not considered at port 1. 
                      
                      ------------------------------------------------------------------------------
09/Jan/2023 01:43:04    ----------------------------------------------------------------------------
                        Port   Mode   Type        Z-Wave        Z-Wave-Sigma  Z-Line        F-Cutoff
                        1      1      QTEM        262           13.4          45.7          ---
                        ----------------------------------------------------------------------------
                      
                      
                      ------------------------------------------------------------------------------
09/Jan/2023 01:43:18    Matrix setup time        :	2 s
                        Solver setup             :	3 s
                        Degrees of freedom       :	305267
                        Number of mesh cells     :	49326
                      
                        Stimulation port         :	1
                        Mode number              :	1
                        Accuracy                 :	7.32516e-05
                        Iterations               :	39
                        Solver time              :	9 s
                      
                      
                      ------------------------------------------------------------------------------
09/Jan/2023 01:43:19    Generating results       :	1 s
                      
                        Total time               :	15 s
                      
                      ------------------------------------------------------------------------------

                      ------------------------------------------------------------------------------
09/Jan/2023 01:43:19    Calculation 28 (Frequency: 23.504 GHz)
                      
                      
                      ------------------------------------------------------------------------------
09/Jan/2023 01:43:19  *** Warning ***
                      
09/Jan/2023 01:43:19  At least one propagating mode is not considered at port 1. 
                      
                      ------------------------------------------------------------------------------
09/Jan/2023 01:43:19    ----------------------------------------------------------------------------
                        Port   Mode   Type        Z-Wave        Z-Wave-Sigma  Z-Line        F-Cutoff
                        1      1      QTEM        263           13.5          45.4          ---
                        ----------------------------------------------------------------------------
                      
                      
                      ------------------------------------------------------------------------------
09/Jan/2023 01:43:28    Matrix setup time        :	2 s
                        Solver setup             :	3 s
                        Degrees of freedom       :	305267
                        Number of mesh cells     :	49326
                      
                        Stimulation port         :	1
                        Mode number              :	1
                        Accuracy                 :	8.47859e-05
                        Iterations               :	16
                        Solver time              :	4 s
                      
                      
                      ------------------------------------------------------------------------------
09/Jan/2023 01:43:28    Total time               :	9 s
                      
                      ------------------------------------------------------------------------------

                      ------------------------------------------------------------------------------
09/Jan/2023 01:43:28    Calculation 29 (Frequency: 29.391 GHz)
                      
                      
                      ------------------------------------------------------------------------------
09/Jan/2023 01:43:28  *** Warning ***
                      
09/Jan/2023 01:43:28  At least one propagating mode is not considered at port 1. 
                      
                      ------------------------------------------------------------------------------
09/Jan/2023 01:43:28    ----------------------------------------------------------------------------
                        Port   Mode   Type        Z-Wave        Z-Wave-Sigma  Z-Line        F-Cutoff
                        1      1      QTEM        262           13.4          45.7          ---
                        ----------------------------------------------------------------------------
                      
                      
                      ------------------------------------------------------------------------------
09/Jan/2023 01:43:39    Matrix setup time        :	3 s
                        Solver setup             :	3 s
                        Degrees of freedom       :	305267
                        Number of mesh cells     :	49326
                      
                        Stimulation port         :	1
                        Mode number              :	1
                        Accuracy                 :	5.51145e-05
                        Iterations               :	21
                        Solver time              :	5 s
                      
                      
                      ------------------------------------------------------------------------------
09/Jan/2023 01:43:39    Total time               :	11 s
                      
                      ------------------------------------------------------------------------------

                      ------------------------------------------------------------------------------
09/Jan/2023 01:43:39    Calculation 30 (Frequency: 4.625 GHz)
                      
                      
                      ------------------------------------------------------------------------------
09/Jan/2023 01:43:39    ----------------------------------------------------------------------------
                        Port   Mode   Type        Z-Wave        Z-Wave-Sigma  Z-Line        F-Cutoff
                        1      1      QTEM        273           9.69          44.6          ---
                        ----------------------------------------------------------------------------
                      
                      
                      ------------------------------------------------------------------------------
09/Jan/2023 01:43:47    Matrix setup time        :	3 s
                        Solver setup             :	3 s
                        Degrees of freedom       :	305267
                        Number of mesh cells     :	49326
                      
                        Stimulation port         :	1
                        Mode number              :	1
                        Accuracy                 :	8.26774e-05
                        Iterations               :	11
                        Solver time              :	2 s
                      
                      
                      ------------------------------------------------------------------------------
09/Jan/2023 01:43:48    Generating results       :	1 s
                      
                        Total time               :	9 s
                      
                      ------------------------------------------------------------------------------

                      ------------------------------------------------------------------------------
09/Jan/2023 01:43:48    Calculation 31 (Frequency: 14.427 GHz)
                      
                      
                      ------------------------------------------------------------------------------
09/Jan/2023 01:43:48  *** Warning ***
                      
09/Jan/2023 01:43:48  At least one propagating mode is not considered at port 1. 
                      
                      ------------------------------------------------------------------------------
09/Jan/2023 01:43:48    ----------------------------------------------------------------------------
                        Port   Mode   Type        Z-Wave        Z-Wave-Sigma  Z-Line        F-Cutoff
                        1      1      QTEM        268           11.9          45.1          ---
                        ----------------------------------------------------------------------------
                      
                      
                      ------------------------------------------------------------------------------
09/Jan/2023 01:43:56    Matrix setup time        :	2 s
                        Solver setup             :	2 s
                        Degrees of freedom       :	305267
                        Number of mesh cells     :	49326
                      
                        Stimulation port         :	1
                        Mode number              :	1
                        Accuracy                 :	6.13182e-05
                        Iterations               :	17
                        Solver time              :	4 s
                      
                      
                      ------------------------------------------------------------------------------
09/Jan/2023 01:43:56    Total time               :	8 s
                      
                      ------------------------------------------------------------------------------

                      ------------------------------------------------------------------------------
09/Jan/2023 01:43:56  Finished the general purpose interpolative broadband frequency sweep:
                      All broadband sweep convergence criteria have been satisfied after
                      calculating 31 frequency samples:
                      
                        Broadband sweep error threshold value : 
                                                                0.01 (All S-Parameters) 
                        Number of error criterion checks      : 
                                                                2 (All S-Parameters) 
                        Minimum number of samples             : 3
                      
                      
                      ------------------------------------------------------------------------------
09/Jan/2023 01:43:56    Total Solver Time        :	338 s	 (= 0 h, 05 m, 38 s)
                      ================================================================================
                      
                      
                      
                      ------------------------------------------------------------------------------
09/Jan/2023 01:43:56    ----------------------------------------------------------------------------
                                            Peak memory used (kB)         Free physical memory (kB) 
                                                                          At begin     Minimum      
                        ----------------------------------------------------------------------------
                        Solver start        16332                         472580       472216       
                        Eq. system setup    807284                        763636       436144       
                        Eq. system solve    807284                        703460       364620       
                        Mesh refinement     375488                        738352       630904       
                        Solver run total    807284                        472592       364620       
                      
                        Computer name       DESKTOP-SI2PIOG
                        ----------------------------------------------------------------------------
                      
                      
                      ------------------------------------------------------------------------------
09/Jan/2023 01:43:56  Running postprocessing.
                      
                      ------------------------------------------------------------------------------
09/Jan/2023 01:44:00  Postprocessing finished.
                      
                      ------------------------------------------------------------------------------
09/Jan/2023 01:44:00  Creating parametric 1D results for Run ID 1
                      
                      ------------------------------------------------------------------------------
09/Jan/2023 01:47:22  Units settings: 
                      
                        Dimensions: mm
                        Frequency:  GHz
                        Time:       ns
                      
                      ------------------------------------------------------------------------------
09/Jan/2023 01:47:22  Boundary conditions: 
                      
                        YZsymmetry: none
                        XZsymmetry: none
                        XYsymmetry: none
                      
                        Xmin: expanded open
                        Xmax: expanded open
                      
                        Ymin: expanded open
                        Ymax: expanded open
                      
                        Zmin: expanded open
                        Zmax: expanded open
                      
                      ------------------------------------------------------------------------------
09/Jan/2023 01:47:22  Order settings: 
                      
                        Solver order   : 2nd (constant)
                        Curved elements: up to order 3 (automatic)
                      
                      ------------------------------------------------------------------------------
09/Jan/2023 01:47:22  
                      ================================================================================
                      Frequency Domain Solver calculation cycle started
                      
                      ------------------------------------------------------------------------------
09/Jan/2023 01:47:22  Solver started at: 01:47 AM Monday, 09. January 2023 (Bangladesh Standard Time)
                      
                        Module:  Frequency Domain: S-Parameter (Win 64)
                        Version: 2020.0 Release from 2019-09-25 (change 724524)
                      
                      ------------------------------------------------------------------------------
09/Jan/2023 01:47:22    Calculation 32 (Frequency: 18 GHz)
                      
                      
                      ------------------------------------------------------------------------------
09/Jan/2023 01:47:23  Using electric shielding for port 1.
                      
                      ------------------------------------------------------------------------------
09/Jan/2023 01:47:23  *** Warning ***
                      
09/Jan/2023 01:47:23  At least one propagating mode is not considered at port 1. 
                      
                      ------------------------------------------------------------------------------
09/Jan/2023 01:47:23    ----------------------------------------------------------------------------
                        Port   Mode   Type        Z-Wave        Z-Wave-Sigma  Z-Line        F-Cutoff
                        1      1      QTEM        266           11.2          45.2          ---
                        ----------------------------------------------------------------------------
                      
                      
                      ------------------------------------------------------------------------------
09/Jan/2023 01:47:31    Matrix setup time        :	2 s
                        Solver setup             :	1 s
                        Degrees of freedom       :	305267
                        Number of mesh cells     :	49326
                      
                        Stimulation port         :	1
                        Mode number              :	1
                        Accuracy                 :	4.70843e-05
                        Iterations               :	21
                        Solver time              :	4 s
                      
                      
                      ------------------------------------------------------------------------------
09/Jan/2023 01:47:32    Generating results       :	1 s
                      
                        Total time               :	10 s
                      
                      ------------------------------------------------------------------------------

                      ------------------------------------------------------------------------------
09/Jan/2023 01:47:32    Total Solver Time        :	10 s
                      ================================================================================
                      
                      
                      
                      ------------------------------------------------------------------------------
09/Jan/2023 01:47:32  Calculating remaining monitors.
                      
                      ------------------------------------------------------------------------------
09/Jan/2023 01:47:33    ----------------------------------------------------------------------------
                                            Peak memory used (kB)         Free physical memory (kB) 
                                                                          At begin     Minimum      
                        ----------------------------------------------------------------------------
                        Solver start        18988                         1051092      1051092      
                        Eq. system setup    275864                        989100       853932       
                        Eq. system solve    488540                        865996       702992       
                        Solver run total    547084                        1051096      633292       
                      
                        Computer name       DESKTOP-SI2PIOG
                        ----------------------------------------------------------------------------
                      
                      
                      ------------------------------------------------------------------------------
09/Jan/2023 01:47:33  Running postprocessing.
                      
                      ------------------------------------------------------------------------------
09/Jan/2023 01:47:36  Postprocessing finished.
                      
                      ------------------------------------------------------------------------------
09/Jan/2023 01:47:36  Creating parametric 1D results for Run ID 1
                      
                      ------------------------------------------------------------------------------
