15/Mar/2023 10:02:09  Build version: 2020.0 Release from 2019-09-25 (change 724524)

15/Mar/2023 10:02:09  Starting adaptive port meshing.
                      
                      ------------------------------------------------------------------------------
15/Mar/2023 10:02:09  Mode calculation for port 1:
                      
                      ------------------------------------------------------------------------------

                      ------------------------------------------------------------------------------

                      ------------------------------------------------------------------------------
15/Mar/2023 10:02:16  Using generalized port mode solver.
                      
                      ------------------------------------------------------------------------------
15/Mar/2023 10:02:16  Using electric shielding for port 1.
                      
                      ------------------------------------------------------------------------------
15/Mar/2023 10:02:16  Port mode solver: Detected dispersive material(s) at port 1. 
                      Using a constant approximation of dispersive material(s) at 30 GHz and neglecting loss terms.  More...
                      
                      ------------------------------------------------------------------------------
15/Mar/2023 10:02:17    -------------------------------- F-Calc 30 ---------------------------------
                        Port   Mode   Type        Z-Wave        Z-Wave-Sigma  Z-Line        F-Cutoff
                        1      1      QTEM        323           8.87e-008     45.5          ---
                        ----------------------------------------------------------------------------
                      
15/Mar/2023 10:02:17  Pass 1 successfully completed. 

                      ------------------------------------------------------------------------------

                      ------------------------------------------------------------------------------
15/Mar/2023 10:02:32    -------------------------------- F-Calc 30 ---------------------------------
                        Port   Mode   Type        Z-Wave        Z-Wave-Sigma  Z-Line        F-Cutoff
                        1      1      QTEM        332           3.27e-007     45.7          ---
                        ----------------------------------------------------------------------------
                      
15/Mar/2023 10:02:32  Pass 2 successfully completed. Delta (Line Imp.): 0.41%

                      ------------------------------------------------------------------------------

                      ------------------------------------------------------------------------------
15/Mar/2023 10:02:52  *** Warning ***
                      
15/Mar/2023 10:02:52  176 mesh edges are partially filled with PEC.
                       More...
                      
                      ------------------------------------------------------------------------------
15/Mar/2023 10:02:56    -------------------------------- F-Calc 30 ---------------------------------
                        Port   Mode   Type        Z-Wave        Z-Wave-Sigma  Z-Line        F-Cutoff
                        1      1      QTEM        347           6.93e-009     45.7          ---
                        ----------------------------------------------------------------------------
                      
15/Mar/2023 10:02:57  Pass 3 successfully completed. Delta (Line Imp.): 0.11%
15/Mar/2023 10:02:57  Adaptive port meshing finished. 
                      
                      ------------------------------------------------------------------------------
15/Mar/2023 10:02:57  The following farfield monitor(s) have been adjusted to model box [-10.0824,
                      10.0824, -0.499654, 20.0824, -0.904424, 4.05254].
                        farfield (f=20), farfield (f=30), farfield (f=40). More...
                      
                      ------------------------------------------------------------------------------
15/Mar/2023 10:02:58  
                      Solver started at: 10:02 AM Wednesday, 15. March 2023 (Bangladesh Standard Time)
                      
                        Module:  Time Domain: S-Parameter (Win 64)
                        Version: 2020.0 Release from 2019-09-25 (change 724524)
                      

                      ------------------------------------------------------------------------------

                      ------------------------------------------------------------------------------
15/Mar/2023 10:02:58  ======================================================================
                       Solver cycle: 1
                      ======================================================================
                      
                      Stimulation at port 1 (mode 1) 
                      
                      
                      
                      ------------------------------------------------------------------------------
15/Mar/2023 10:02:58  Units settings: 
                      
                        Dimensions: mm
                        Frequency:  GHz
                        Time:       ns
                      
                      ------------------------------------------------------------------------------
15/Mar/2023 10:05:02  Mesh statistics:
                      
                         Hexahedral mesh type: PBA [Version: default]
                      
                         Parallelization type: domain decomposition
                            Number of parallel working threads: 4
                            Number of calculation domains used: 7
                      
                         Used point accuracy enhancement value: 75.00%.
15/Mar/2023 10:02:11     current system memory usage reached 80%
15/Mar/2023 10:02:18     current system memory usage reached 80%
                         Used point accuracy enhancement value: 0.00%.
                         PBA fill limit: 85.00% (inverse)

15/Mar/2023 10:02:45     *** Warning ***  current system memory usage reached 85%

15/Mar/2023 10:03:04     *** Warning ***  current system memory usage reached 85%

15/Mar/2023 10:03:10     *** Warning ***  current system memory usage reached 90%

15/Mar/2023 10:03:26     *** Warning ***  current system memory usage reached 95%

15/Mar/2023 10:04:02     *** Warning ***  current system memory usage reached 90%

15/Mar/2023 10:03:00     *** Warning ***  current system memory usage reached 85%

15/Mar/2023 10:03:09     *** Warning ***  current system memory usage reached 90%

15/Mar/2023 10:03:45     *** Warning ***  current system memory usage reached 95%

15/Mar/2023 10:03:02     *** Warning ***  current system memory usage reached 85%

15/Mar/2023 10:03:39     *** Warning ***  current system memory usage reached 95%

15/Mar/2023 10:04:09     *** Warning ***  current system memory usage reached 90%

15/Mar/2023 10:03:03     *** Warning ***  current system memory usage reached 85%


15/Mar/2023 10:05:05  Using generalized port mode solver.
                      
                      ------------------------------------------------------------------------------
15/Mar/2023 10:05:05  Using electric shielding for port 1.
                      
                      ------------------------------------------------------------------------------
15/Mar/2023 10:05:07  Port mode solver: Detected dispersive material(s) at port 1. 
                      Using a constant approximation of dispersive material(s) at 30 GHz and neglecting loss terms.  More...
                      
                      ------------------------------------------------------------------------------
15/Mar/2023 10:05:07  Boundary conditions: 
                      
                        YZsymmetry: none
                        XZsymmetry: none
                        XYsymmetry: none
                      
                        Xmin: expanded open, 4 Layer, depth 1.84092 mm
                        Xmax: expanded open, 4 Layer, depth 1.84092 mm
                      
                        Ymin: expanded open, 4 Layer, depth 1.99862 mm
                        Ymax: expanded open, 4 Layer, depth 1.84092 mm
                      
                        Zmin: expanded open, 4 Layer, depth 1.8436 mm
                        Zmax: expanded open, 4 Layer, depth 1.99862 mm
                      
                        PML-Type: Convolution PML
                      
                      ------------------------------------------------------------------------------
15/Mar/2023 10:05:07  Frequency settings: 
                      
                        Fmin:         20
                        Fmax:         40
                        Nfsteps(lin): 1001
                      
                      ------------------------------------------------------------------------------
15/Mar/2023 10:05:08  Field update statistics:
                      
                        Number of components in total: 	6100209
                        Number of TST elements:		4649
                        Number of disp. elements:		594948
                      
                      Subcycling state:      Automatically deactivated
                      
                      ------------------------------------------------------------------------------
15/Mar/2023 10:05:08  Waveguide boundaries:
                      
15/Mar/2023 10:05:08  Port: 1
                      
15/Mar/2023 10:05:08    -------------------------------- F-Calc 30 ---------------------------------
                        Port   Mode   Type        Z-Wave        Z-Wave-Sigma  Z-Line        F-Cutoff
                        1      1      QTEM        323           8.87e-008     45.7          ---
                        ----------------------------------------------------------------------------
                      
15/Mar/2023 10:09:19  
                      --------------------------------------------------------------------------------
15/Mar/2023 10:09:19  Steady state energy criterion met, solver finished successfully.
                      
                      ------------------------------------------------------------------------------
15/Mar/2023 10:09:19  Frequency domain results normalized to default signal.
                      
                      
                      ------------------------------------------------------------------------------
15/Mar/2023 10:09:19  
                        ----------------------------------------------------------------------------
                                            Peak memory used (kB)         Free physical memory (kB) 
                                                                          At begin     Minimum      
                        ----------------------------------------------------------------------------
                        CAD preparation     19300                         906952       906952       
                        Matrices calc.      980587                        893554       262695       
                        Solver run total    539744                        932292       285744       
                        ----------------------------------------------------------------------------
                      
                      --------------------------------------------------------------------------------
                      Solver Statistics:
                      
                        Hardware:
                           Computer name:                 	DESKTOP-SI2PIOG 
                      
                           Number of CPU threads:               4
                           Hardware info:                  	Hardware Accelerator Device not activated
                      
                        Number of mesh cells:             	995808
                        Excitation duration:              	3.55454875e-001 ns 
                        Calculation time for excitation:  	104 	s
                        Number of calculated pulse widths:	2.43807 
                        Steady state accuracy limit:      	-40	dB 
                        Simulated number of time steps:   	7350 
                        Maximum number of time steps:     	60293 
                        Time step width:
                           without subcycles:             	1.17908077e-004 ns
                           used:                          	1.17908077e-004 ns
                      
                        CAD preparation time:             	1      	s
                        Matrix calculation time:          	123 	s
                        Solver setup time:                	8 	s
                        Solver loop time:                 	247 	s
                        Solver post processing time:      	1 	s
                                                          	------------
                        Total solver time:                	380 	s  ( = 0 h, 6 m, 20 s )
                      
                      ------------------------------------------------------------------------------
15/Mar/2023 10:09:20  
                        Adaptive port meshing time:          	49     	s
                        Total solver time (all cycles):      	380    	s  ( = 0 h, 6 m, 20 s )
                        solver initialization and clean-up:  	2      	s
                                                             	------------
                        Total simulation time:               	431    	s  ( = 0 h, 7 m, 11 s )
                      
                      ------------------------------------------------------------------------------
15/Mar/2023 10:09:20  Solver finished at: 10:09 AM Wednesday, 15. March 2023
                      
                      
                      
                      ------------------------------------------------------------------------------
15/Mar/2023 10:09:23  Creating parametric 1D results for Run ID 1
                      
                      ------------------------------------------------------------------------------
15/Mar/2023 11:25:54  Defined reference frequency for open boundary condition (30 GHz) is larger than
                      the lowest relevant system frequency (monitor at 20 GHz).
                      Please check open boundary settings to ensure accurate monitor results for the
                      lowest frequency of interest.
                      
                      ------------------------------------------------------------------------------
15/Mar/2023 11:25:55  Line impedance adaptation results found. Adaptive port meshing skipped.
                      
                      ------------------------------------------------------------------------------
15/Mar/2023 11:25:55  The following farfield monitor(s) have been adjusted to model box [-10.0824,
                      10.0824, -0.499654, 20.0824, -0.904424, 4.05254].
                        farfield (f=20), farfield (f=30), farfield (f=34.84), farfield (f=40). More...
                      
                      ------------------------------------------------------------------------------
15/Mar/2023 11:25:55  
                      Solver started at: 11:25 AM Wednesday, 15. March 2023 (Bangladesh Standard Time)
                      
                        Module:  Time Domain: S-Parameter (Win 64)
                        Version: 2020.0 Release from 2019-09-25 (change 724524)
                      

                      ------------------------------------------------------------------------------

                      ------------------------------------------------------------------------------
15/Mar/2023 11:25:55  ======================================================================
                       Solver cycle: 1
                      ======================================================================
                      
                      Stimulation at port 1 (mode 1) 
                      
                      
                      
                      ------------------------------------------------------------------------------
15/Mar/2023 11:25:55  Units settings: 
                      
                        Dimensions: mm
                        Frequency:  GHz
                        Time:       ns
                      
                      ------------------------------------------------------------------------------
15/Mar/2023 11:25:58  Using generalized port mode solver.
                      
                      ------------------------------------------------------------------------------
15/Mar/2023 11:25:58  Using electric shielding for port 1.
                      
                      ------------------------------------------------------------------------------
15/Mar/2023 11:26:00  Port mode solver: Detected dispersive material(s) at port 1. 
                      Using a constant approximation of dispersive material(s) at 30 GHz and neglecting loss terms.  More...
                      
                      ------------------------------------------------------------------------------
15/Mar/2023 11:26:00  Boundary conditions: 
                      
                        YZsymmetry: none
                        XZsymmetry: none
                        XYsymmetry: none
                      
                        Xmin: expanded open, 4 Layer, depth 1.84092 mm
                        Xmax: expanded open, 4 Layer, depth 1.84092 mm
                      
                        Ymin: expanded open, 4 Layer, depth 1.99862 mm
                        Ymax: expanded open, 4 Layer, depth 1.84092 mm
                      
                        Zmin: expanded open, 4 Layer, depth 1.8436 mm
                        Zmax: expanded open, 4 Layer, depth 1.99862 mm
                      
                        PML-Type: Convolution PML
                      
                      ------------------------------------------------------------------------------
15/Mar/2023 11:26:00  Frequency settings: 
                      
                        Fmin:         20
                        Fmax:         40
                        Nfsteps(lin): 1001
                      
                      ------------------------------------------------------------------------------
15/Mar/2023 11:26:01  Field update statistics:
                      
                        Number of components in total: 	6100209
                        Number of TST elements:		4649
                        Number of disp. elements:		594948
                      
                      Subcycling state:      Automatically deactivated
                      
                      ------------------------------------------------------------------------------
15/Mar/2023 11:26:01  Waveguide boundaries:
                      
15/Mar/2023 11:26:01  Port: 1
                      
15/Mar/2023 11:26:01  Reloaded mode(s) for port 1.
                      
                      ------------------------------------------------------------------------------
15/Mar/2023 11:30:21  
                      --------------------------------------------------------------------------------
15/Mar/2023 11:30:21  Steady state energy criterion met, solver finished successfully.
                      
                      ------------------------------------------------------------------------------
15/Mar/2023 11:30:21  Frequency domain results normalized to default signal.
                      
                      
                      ------------------------------------------------------------------------------
15/Mar/2023 11:30:21  
                        ----------------------------------------------------------------------------
                                            Peak memory used (kB)         Free physical memory (kB) 
                                                                          At begin     Minimum      
                        ----------------------------------------------------------------------------
                        CAD preparation     19300                         906952       906952       
                        Matrices calc.      980587                        893554       262695       
                        Solver run total    465992                        1071812      639964       
                        ----------------------------------------------------------------------------
                      
                      --------------------------------------------------------------------------------
                      Solver Statistics:
                      
                        Hardware:
                           Computer name:                 	DESKTOP-SI2PIOG 
                      
                           Number of CPU threads:               4
                           Hardware info:                  	Hardware Accelerator Device not activated
                      
                        Number of mesh cells:             	995808
                        Excitation duration:              	3.55454875e-001 ns 
                        Calculation time for excitation:  	107 	s
                        Number of calculated pulse widths:	2.43807 
                        Steady state accuracy limit:      	-40	dB 
                        Simulated number of time steps:   	7350 
                        Maximum number of time steps:     	60293 
                        Time step width:
                           without subcycles:             	1.17908077e-004 ns
                           used:                          	1.17908077e-004 ns
                      
                        Reloading matrices:               	0 	s
                        Solver setup time:                	7 	s
                        Solver loop time:                 	256 	s
                        Solver post processing time:      	2 	s
                                                          	------------
                        Total solver time:                	265 	s  ( = 0 h, 4 m, 25 s )
                      
                      ------------------------------------------------------------------------------
15/Mar/2023 11:30:21  
                        Adaptive port meshing time:          	0      	s
                        Total solver time (all cycles):      	265    	s  ( = 0 h, 4 m, 25 s )
                        solver initialization and clean-up:  	1      	s
                                                             	------------
                        Total simulation time:               	266    	s  ( = 0 h, 4 m, 26 s )
                      
                      ------------------------------------------------------------------------------
15/Mar/2023 11:30:21  Solver finished at: 11:30 AM Wednesday, 15. March 2023
                      
                      
                      
                      ------------------------------------------------------------------------------
15/Mar/2023 11:30:27  Creating parametric 1D results for Run ID 1
                      
                      ------------------------------------------------------------------------------
