matrixcalc_AMD64 @ DESKTOP-SI2PIOG:  xxxxxxxxxxxxxxxxxxxxxxxxxxxxxxxxxxxxxxxxxxxxxxxxxxxxxxxxxxxxx
                                     15/Mar/2023 03:30:39  current system memory usage reached 85%
                                     xxxxxxxxxxxxxxxxxxxxxxxxxxxxxxxxxxxxxxxxxxxxxxxxxxxxxxxxxxxxx

matrixcalc_AMD64 @ DESKTOP-SI2PIOG:  xxxxxxxxxxxxxxxxxxxxxxxxxxxxxxxxxxxxxxxxxxxxxxxxxxxxxxxxxxxxx
                                     15/Mar/2023 03:31:04  current system memory usage reached 90%
                                     xxxxxxxxxxxxxxxxxxxxxxxxxxxxxxxxxxxxxxxxxxxxxxxxxxxxxxxxxxxxx

matrixcalc_AMD64 @ DESKTOP-SI2PIOG:  xxxxxxxxxxxxxxxxxxxxxxxxxxxxxxxxxxxxxxxxxxxxxxxxxxxxxxxxxxxxx
                                     15/Mar/2023 03:31:09  current system memory usage reached 95%
                                     xxxxxxxxxxxxxxxxxxxxxxxxxxxxxxxxxxxxxxxxxxxxxxxxxxxxxxxxxxxxx

matrixcalc_AMD64 @ DESKTOP-SI2PIOG: 1xN000:  xxxxxxxxxxxxxxxxxxxxxxxxxxxxxxxxxxxxxxxxxxxxxxxxxxxxxxxxxxxxx
                                             15/Mar/2023 03:31:36  current system memory usage reached 85%
                                             xxxxxxxxxxxxxxxxxxxxxxxxxxxxxxxxxxxxxxxxxxxxxxxxxxxxxxxxxxxxx

matrixcalc_AMD64 @ DESKTOP-SI2PIOG: 1xN000:  xxxxxxxxxxxxxxxxxxxxxxxxxxxxxxxxxxxxxxxxxxxxxxxxxxxxxxxxxxxxx
                                             15/Mar/2023 03:31:39  current system memory usage reached 90%
                                             xxxxxxxxxxxxxxxxxxxxxxxxxxxxxxxxxxxxxxxxxxxxxxxxxxxxxxxxxxxxx



matrixcalc_AMD64 @ DESKTOP-SI2PIOG: 1xN001:  xxxxxxxxxxxxxxxxxxxxxxxxxxxxxxxxxxxxxxxxxxxxxxxxxxxxxxxxxxxxx
                                             15/Mar/2023 03:32:40  current system memory usage reached 90%
                                             xxxxxxxxxxxxxxxxxxxxxxxxxxxxxxxxxxxxxxxxxxxxxxxxxxxxxxxxxxxxx



matrixcalc_AMD64 @ DESKTOP-SI2PIOG: 1xN002:  xxxxxxxxxxxxxxxxxxxxxxxxxxxxxxxxxxxxxxxxxxxxxxxxxxxxxxxxxxxxx
                                             15/Mar/2023 03:31:33  current system memory usage reached 85%
                                             xxxxxxxxxxxxxxxxxxxxxxxxxxxxxxxxxxxxxxxxxxxxxxxxxxxxxxxxxxxxx

matrixcalc_AMD64 @ DESKTOP-SI2PIOG: 1xN002:  xxxxxxxxxxxxxxxxxxxxxxxxxxxxxxxxxxxxxxxxxxxxxxxxxxxxxxxxxxxxx
                                             15/Mar/2023 03:31:37  current system memory usage reached 90%
                                             xxxxxxxxxxxxxxxxxxxxxxxxxxxxxxxxxxxxxxxxxxxxxxxxxxxxxxxxxxxxx



matrixcalc_AMD64 @ DESKTOP-SI2PIOG: 1xN003:  xxxxxxxxxxxxxxxxxxxxxxxxxxxxxxxxxxxxxxxxxxxxxxxxxxxxxxxxxxxxx
                                             15/Mar/2023 03:32:43  current system memory usage reached 90%
                                             xxxxxxxxxxxxxxxxxxxxxxxxxxxxxxxxxxxxxxxxxxxxxxxxxxxxxxxxxxxxx



matrixcalc_AMD64 @ DESKTOP-SI2PIOG: 1xN004:  xxxxxxxxxxxxxxxxxxxxxxxxxxxxxxxxxxxxxxxxxxxxxxxxxxxxxxxxxxxxx
                                             15/Mar/2023 03:31:37  current system memory usage reached 90%
                                             xxxxxxxxxxxxxxxxxxxxxxxxxxxxxxxxxxxxxxxxxxxxxxxxxxxxxxxxxxxxx



matrixcalc_AMD64 @ DESKTOP-SI2PIOG: 1xN005:  xxxxxxxxxxxxxxxxxxxxxxxxxxxxxxxxxxxxxxxxxxxxxxxxxxxxxxxxxxxxx
                                             15/Mar/2023 03:31:37  current system memory usage reached 90%
                                             xxxxxxxxxxxxxxxxxxxxxxxxxxxxxxxxxxxxxxxxxxxxxxxxxxxxxxxxxxxxx



matrixcalc_AMD64 @ DESKTOP-SI2PIOG: 1xN006:  xxxxxxxxxxxxxxxxxxxxxxxxxxxxxxxxxxxxxxxxxxxxxxxxxxxxxxxxxxxxx
                                             15/Mar/2023 03:32:32  current system memory usage reached 85%
                                             xxxxxxxxxxxxxxxxxxxxxxxxxxxxxxxxxxxxxxxxxxxxxxxxxxxxxxxxxxxxx

matrixcalc_AMD64 @ DESKTOP-SI2PIOG: 1xN006:  xxxxxxxxxxxxxxxxxxxxxxxxxxxxxxxxxxxxxxxxxxxxxxxxxxxxxxxxxxxxx
                                             15/Mar/2023 03:32:41  current system memory usage reached 90%
                                             xxxxxxxxxxxxxxxxxxxxxxxxxxxxxxxxxxxxxxxxxxxxxxxxxxxxxxxxxxxxx



