18/Jan/2023 11:59:21  Units settings: 
                      
                        Dimensions: mm
                        Frequency:  GHz
                        Time:       ns
                      
                      ------------------------------------------------------------------------------
18/Jan/2023 11:59:21  Boundary conditions: 
                      
                        YZsymmetry: none
                        XZsymmetry: none
                        XYsymmetry: none
                      
                        Xmin: expanded open
                        Xmax: expanded open
                      
                        Ymin: expanded open
                        Ymax: expanded open
                      
                        Zmin: expanded open
                        Zmax: expanded open
                      
                      ------------------------------------------------------------------------------
18/Jan/2023 11:59:21  Order settings: 
                      
                        Solver order   : 2nd (constant)
                        Curved elements: up to order 3 (automatic)
                      
                      ------------------------------------------------------------------------------
18/Jan/2023 11:59:21    Mesh time                :	10 s
                      
                      
                      ------------------------------------------------------------------------------
18/Jan/2023 11:59:21  
                      ================================================================================
                      Frequency Domain Solver calculation cycle started
                      
                      ------------------------------------------------------------------------------
18/Jan/2023 11:59:21  Solver started at: 11:59 AM Wednesday, 18. January 2023 (Bangladesh Standard Time)
                      
                        Module:  Frequency Domain: S-Parameter (Win 64)
                        Version: 2020.0 Release from 2019-09-25 (change 724524)
                      
                      ------------------------------------------------------------------------------
18/Jan/2023 11:59:21    Calculation 1 of 1 (Frequency: 30 GHz)
                      
                      
                      ------------------------------------------------------------------------------
18/Jan/2023 11:59:21  Using electric shielding for port 1.
                      
                      ------------------------------------------------------------------------------
18/Jan/2023 11:59:24  *** Warning ***
                      
18/Jan/2023 11:59:24  At least one propagating mode is not considered at port 1. 
                      
                      ------------------------------------------------------------------------------
18/Jan/2023 11:59:38    ----------------------------------------------------------------------------
                        Port   Mode   Type        Z-Wave        Z-Wave-Sigma  Z-Line        F-Cutoff
                        1      1      QTEM        263           12.1          45.8          ---
                        ----------------------------------------------------------------------------
                      
                      
                      ------------------------------------------------------------------------------
18/Jan/2023 11:59:38  The wavelength based mesh refinement has been applied to 4.4% of all mesh edges.
                      
                      ------------------------------------------------------------------------------
18/Jan/2023 11:59:42  Adaptive mesh refinement pass 1
                      
                      ------------------------------------------------------------------------------
18/Jan/2023 11:59:55    Matrix setup time        :	3 s
                        Solver setup             :	1 s
                        Degrees of freedom       :	109941
                        Number of mesh cells     :	17005
                      
                        Stimulation port         :	1
                        Mode number              :	1
                        Accuracy                 :	6.83957e-05
                        Iterations               :	107
                        Solver time              :	9 s
                      
                      
                      ------------------------------------------------------------------------------
18/Jan/2023 11:59:56  33% of all mesh edges seem to be longer than expected. The adaptive mesh refinement's growth limitation will therefore 
                      use 51664 instead of 13562 mesh cells as a reference.
                      
                      ------------------------------------------------------------------------------
18/Jan/2023 11:59:56  The wavelength based mesh refinement has been applied to 0.4% of all mesh edges.
                      
                      ------------------------------------------------------------------------------
18/Jan/2023 12:00:02  Adaptive mesh refinement pass 2
                      
                      ------------------------------------------------------------------------------
18/Jan/2023 12:00:12    Matrix setup time        :	3 s
                        Solver setup             :	2 s
                        Degrees of freedom       :	140117
                        Number of mesh cells     :	22015
                      
                        Stimulation port         :	1
                        Mode number              :	1
                        Accuracy                 :	7.76156e-05
                        Iterations               :	45
                        Solver time              :	5 s
                      
                      
                      ------------------------------------------------------------------------------
18/Jan/2023 12:00:12    Delta calculation        
18/Jan/2023 12:00:12    All S-Parameters         :	0.438216

                      ------------------------------------------------------------------------------
18/Jan/2023 12:00:13  The wavelength based mesh refinement has been applied to 0.1% of all mesh edges.
                      
                      ------------------------------------------------------------------------------
18/Jan/2023 12:00:20  Adaptive mesh refinement pass 3
                      
                      ------------------------------------------------------------------------------
18/Jan/2023 12:00:31    Matrix setup time        :	3 s
                        Solver setup             :	2 s
                        Degrees of freedom       :	173543
                        Number of mesh cells     :	27582
                      
                        Stimulation port         :	1
                        Mode number              :	1
                        Accuracy                 :	7.51638e-05
                        Iterations               :	43
                        Solver time              :	6 s
                      
                      
                      ------------------------------------------------------------------------------
18/Jan/2023 12:00:31    Delta calculation        
18/Jan/2023 12:00:31    All S-Parameters         :	0.0715306

                      ------------------------------------------------------------------------------
18/Jan/2023 12:00:41  Adaptive mesh refinement pass 4
                      
                      ------------------------------------------------------------------------------
18/Jan/2023 12:00:57    Matrix setup time        :	4 s
                        Solver setup             :	2 s
                        Degrees of freedom       :	227607
                        Number of mesh cells     :	36549
                      
                        Stimulation port         :	1
                        Mode number              :	1
                        Accuracy                 :	5.17608e-05
                        Iterations               :	51
                        Solver time              :	10 s
                      
                      
                      ------------------------------------------------------------------------------
18/Jan/2023 12:00:57    Delta calculation        
18/Jan/2023 12:00:57    All S-Parameters         :	0.0305144

                      ------------------------------------------------------------------------------
18/Jan/2023 12:01:10  Adaptive mesh refinement pass 5
                      
                      ------------------------------------------------------------------------------
18/Jan/2023 12:01:29    Matrix setup time        :	7 s
                        Solver setup             :	2 s
                        Degrees of freedom       :	314317
                        Number of mesh cells     :	50826
                      
                        Stimulation port         :	1
                        Mode number              :	1
                        Accuracy                 :	7.41442e-05
                        Iterations               :	35
                        Solver time              :	10 s
                      
                      
                      ------------------------------------------------------------------------------
18/Jan/2023 12:01:29    Delta calculation        
18/Jan/2023 12:01:29    All S-Parameters         :	0.0103289

                      ------------------------------------------------------------------------------
18/Jan/2023 12:01:29  Mesh adaptation terminated because the desired accuracy limit is reached.
                      
                      ------------------------------------------------------------------------------
18/Jan/2023 12:01:30    Generating results       :	1 s
                      
                        Total time               :	129 s	 (= 0 h, 02 m, 09 s)
                      
                      ------------------------------------------------------------------------------

                      ------------------------------------------------------------------------------
18/Jan/2023 12:01:30    Calculation 2 (Frequency: 1 GHz)
                      
                      
                      ------------------------------------------------------------------------------
18/Jan/2023 12:01:31    ----------------------------------------------------------------------------
                        Port   Mode   Type        Z-Wave        Z-Wave-Sigma  Z-Line        F-Cutoff
                        1      1      QTEM        274           9.71          44.7          ---
                        ----------------------------------------------------------------------------
                      
                      
                      ------------------------------------------------------------------------------
18/Jan/2023 12:01:46    Matrix setup time        :	4 s
                        Solver setup             :	3 s
                        Degrees of freedom       :	314317
                        Number of mesh cells     :	50826
                      
                        Stimulation port         :	1
                        Mode number              :	1
                        Accuracy                 :	5.30051e-05
                        Iterations               :	25
                        Solver time              :	8 s
                      
                      
                      ------------------------------------------------------------------------------
18/Jan/2023 12:01:46    Total time               :	16 s
                      
                      ------------------------------------------------------------------------------

                      ------------------------------------------------------------------------------
18/Jan/2023 12:01:46    Calculation 3 (Frequency: 18 GHz)
                      
                      
                      ------------------------------------------------------------------------------
18/Jan/2023 12:01:46  *** Warning ***
                      
18/Jan/2023 12:01:46  At least one propagating mode is not considered at port 1. 
                      
                      ------------------------------------------------------------------------------
18/Jan/2023 12:01:47    ----------------------------------------------------------------------------
                        Port   Mode   Type        Z-Wave        Z-Wave-Sigma  Z-Line        F-Cutoff
                        1      1      QTEM        266           11.2          45.2          ---
                        ----------------------------------------------------------------------------
                      
                      
                      ------------------------------------------------------------------------------
18/Jan/2023 12:02:04    Matrix setup time        :	3 s
                        Solver setup             :	3 s
                        Degrees of freedom       :	314317
                        Number of mesh cells     :	50826
                      
                        Stimulation port         :	1
                        Mode number              :	1
                        Accuracy                 :	4.46894e-05
                        Iterations               :	38
                        Solver time              :	11 s
                      
                      
                      ------------------------------------------------------------------------------
18/Jan/2023 12:02:06    Generating results       :	2 s
                      
                        Total time               :	20 s
                      
                      ------------------------------------------------------------------------------

                      ------------------------------------------------------------------------------
18/Jan/2023 12:02:06    Calculation 4 (Frequency: 15.5 GHz)
                      
                      
                      ------------------------------------------------------------------------------
18/Jan/2023 12:02:06  *** Warning ***
                      
18/Jan/2023 12:02:06  At least one propagating mode is not considered at port 1. 
                      
                      ------------------------------------------------------------------------------
18/Jan/2023 12:02:07    ----------------------------------------------------------------------------
                        Port   Mode   Type        Z-Wave        Z-Wave-Sigma  Z-Line        F-Cutoff
                        1      1      QTEM        267           11.2          45.1          ---
                        ----------------------------------------------------------------------------
                      
                      
                      ------------------------------------------------------------------------------
18/Jan/2023 12:02:20    Matrix setup time        :	4 s
                        Solver setup             :	3 s
                        Degrees of freedom       :	314317
                        Number of mesh cells     :	50826
                      
                        Stimulation port         :	1
                        Mode number              :	1
                        Accuracy                 :	8.78539e-05
                        Iterations               :	23
                        Solver time              :	6 s
                      
                      
                      ------------------------------------------------------------------------------
18/Jan/2023 12:02:22    Generating results       :	2 s
                      
                        Total time               :	16 s
                      
                      ------------------------------------------------------------------------------

                      ------------------------------------------------------------------------------
18/Jan/2023 12:02:22    Calculation 5 (Frequency: 21.88 GHz)
                      
                      
                      ------------------------------------------------------------------------------
18/Jan/2023 12:02:23  *** Warning ***
                      
18/Jan/2023 12:02:23  At least one propagating mode is not considered at port 1. 
                      
                      ------------------------------------------------------------------------------
18/Jan/2023 12:02:23    ----------------------------------------------------------------------------
                        Port   Mode   Type        Z-Wave        Z-Wave-Sigma  Z-Line        F-Cutoff
                        1      1      QTEM        264           13.5          45.4          ---
                        ----------------------------------------------------------------------------
                      
                      
                      ------------------------------------------------------------------------------
18/Jan/2023 12:02:37    Matrix setup time        :	4 s
                        Solver setup             :	3 s
                        Degrees of freedom       :	314317
                        Number of mesh cells     :	50826
                      
                        Stimulation port         :	1
                        Mode number              :	1
                        Accuracy                 :	9.7847e-05
                        Iterations               :	26
                        Solver time              :	7 s
                      
                      
                      ------------------------------------------------------------------------------
18/Jan/2023 12:02:38    Total time               :	16 s
                      
                      ------------------------------------------------------------------------------

                      ------------------------------------------------------------------------------
18/Jan/2023 12:02:38    Calculation 6 (Frequency: 16.573 GHz)
                      
                      
                      ------------------------------------------------------------------------------
18/Jan/2023 12:02:38  *** Warning ***
                      
18/Jan/2023 12:02:38  At least one propagating mode is not considered at port 1. 
                      
                      ------------------------------------------------------------------------------
18/Jan/2023 12:02:39    ----------------------------------------------------------------------------
                        Port   Mode   Type        Z-Wave        Z-Wave-Sigma  Z-Line        F-Cutoff
                        1      1      QTEM        267           11.2          45.2          ---
                        ----------------------------------------------------------------------------
                      
                      
                      ------------------------------------------------------------------------------
18/Jan/2023 12:02:51    Matrix setup time        :	4 s
                        Solver setup             :	3 s
                        Degrees of freedom       :	314317
                        Number of mesh cells     :	50826
                      
                        Stimulation port         :	1
                        Mode number              :	1
                        Accuracy                 :	6.63442e-05
                        Iterations               :	16
                        Solver time              :	5 s
                      
                      
                      ------------------------------------------------------------------------------
18/Jan/2023 12:02:51    Total time               :	13 s
                      
                      ------------------------------------------------------------------------------

                      ------------------------------------------------------------------------------
18/Jan/2023 12:02:51    Calculation 7 (Frequency: 19.473 GHz)
                      
                      
                      ------------------------------------------------------------------------------
18/Jan/2023 12:02:51  *** Warning ***
                      
18/Jan/2023 12:02:51  At least one propagating mode is not considered at port 1. 
                      
                      ------------------------------------------------------------------------------
18/Jan/2023 12:02:52    ----------------------------------------------------------------------------
                        Port   Mode   Type        Z-Wave        Z-Wave-Sigma  Z-Line        F-Cutoff
                        1      1      QTEM        265           12.4          45.3          ---
                        ----------------------------------------------------------------------------
                      
                      
                      ------------------------------------------------------------------------------
18/Jan/2023 12:03:04    Matrix setup time        :	4 s
                        Solver setup             :	3 s
                        Degrees of freedom       :	314317
                        Number of mesh cells     :	50826
                      
                        Stimulation port         :	1
                        Mode number              :	1
                        Accuracy                 :	7.50657e-05
                        Iterations               :	15
                        Solver time              :	5 s
                      
                      
                      ------------------------------------------------------------------------------
18/Jan/2023 12:03:04    Total time               :	13 s
                      
                      ------------------------------------------------------------------------------

                      ------------------------------------------------------------------------------
18/Jan/2023 12:03:04    Calculation 8 (Frequency: 24.287 GHz)
                      
                      
                      ------------------------------------------------------------------------------
18/Jan/2023 12:03:05  *** Warning ***
                      
18/Jan/2023 12:03:05  At least one propagating mode is not considered at port 1. 
                      
                      ------------------------------------------------------------------------------
18/Jan/2023 12:03:05    ----------------------------------------------------------------------------
                        Port   Mode   Type        Z-Wave        Z-Wave-Sigma  Z-Line        F-Cutoff
                        1      1      QTEM        263           13.5          45.5          ---
                        ----------------------------------------------------------------------------
                      
                      
                      ------------------------------------------------------------------------------
18/Jan/2023 12:03:21    Matrix setup time        :	4 s
                        Solver setup             :	4 s
                        Degrees of freedom       :	314317
                        Number of mesh cells     :	50826
                      
                        Stimulation port         :	1
                        Mode number              :	1
                        Accuracy                 :	5.84173e-05
                        Iterations               :	30
                        Solver time              :	8 s
                      
                      
                      ------------------------------------------------------------------------------
18/Jan/2023 12:03:22    Generating results       :	1 s
                      
                        Total time               :	18 s
                      
                      ------------------------------------------------------------------------------

                      ------------------------------------------------------------------------------
18/Jan/2023 12:03:22    Calculation 9 (Frequency: 20.778 GHz)
                      
                      
                      ------------------------------------------------------------------------------
18/Jan/2023 12:03:22  *** Warning ***
                      
18/Jan/2023 12:03:22  At least one propagating mode is not considered at port 1. 
                      
                      ------------------------------------------------------------------------------
18/Jan/2023 12:03:22    ----------------------------------------------------------------------------
                        Port   Mode   Type        Z-Wave        Z-Wave-Sigma  Z-Line        F-Cutoff
                        1      1      QTEM        264           13.6          45.3          ---
                        ----------------------------------------------------------------------------
                      
                      
                      ------------------------------------------------------------------------------
18/Jan/2023 12:03:34    Matrix setup time        :	4 s
                        Solver setup             :	4 s
                        Degrees of freedom       :	314317
                        Number of mesh cells     :	50826
                      
                        Stimulation port         :	1
                        Mode number              :	1
                        Accuracy                 :	9.02559e-05
                        Iterations               :	10
                        Solver time              :	3 s
                      
                      
                      ------------------------------------------------------------------------------
18/Jan/2023 12:03:34    Total time               :	12 s
                      
                      ------------------------------------------------------------------------------

                      ------------------------------------------------------------------------------
18/Jan/2023 12:03:34    Calculation 10 (Frequency: 23.562 GHz)
                      
                      
                      ------------------------------------------------------------------------------
18/Jan/2023 12:03:34  *** Warning ***
                      
18/Jan/2023 12:03:34  At least one propagating mode is not considered at port 1. 
                      
                      ------------------------------------------------------------------------------
18/Jan/2023 12:03:35    ----------------------------------------------------------------------------
                        Port   Mode   Type        Z-Wave        Z-Wave-Sigma  Z-Line        F-Cutoff
                        1      1      QTEM        263           13.5          45.5          ---
                        ----------------------------------------------------------------------------
                      
                      
                      ------------------------------------------------------------------------------
18/Jan/2023 12:03:45    Matrix setup time        :	4 s
                        Solver setup             :	4 s
                        Degrees of freedom       :	314317
                        Number of mesh cells     :	50826
                      
                        Stimulation port         :	1
                        Mode number              :	1
                        Accuracy                 :	8.63127e-05
                        Iterations               :	8
                        Solver time              :	2 s
                      
                      
                      ------------------------------------------------------------------------------
18/Jan/2023 12:03:46    Generating results       :	1 s
                      
                        Total time               :	12 s
                      
                      ------------------------------------------------------------------------------

                      ------------------------------------------------------------------------------
18/Jan/2023 12:03:46    Calculation 11 (Frequency: 12.658 GHz)
                      
                      
                      ------------------------------------------------------------------------------
18/Jan/2023 12:03:46  *** Warning ***
                      
18/Jan/2023 12:03:46  At least one propagating mode is not considered at port 1. 
                      
                      ------------------------------------------------------------------------------
18/Jan/2023 12:03:46    ----------------------------------------------------------------------------
                        Port   Mode   Type        Z-Wave        Z-Wave-Sigma  Z-Line        F-Cutoff
                        1      1      QTEM        269           11.4          45            ---
                        ----------------------------------------------------------------------------
                      
                      
                      ------------------------------------------------------------------------------
18/Jan/2023 12:04:00    Matrix setup time        :	4 s
                        Solver setup             :	4 s
                        Degrees of freedom       :	314317
                        Number of mesh cells     :	50826
                      
                        Stimulation port         :	1
                        Mode number              :	1
                        Accuracy                 :	9.05983e-05
                        Iterations               :	20
                        Solver time              :	6 s
                      
                      
                      ------------------------------------------------------------------------------
18/Jan/2023 12:04:00    Total time               :	14 s
                      
                      ------------------------------------------------------------------------------

                      ------------------------------------------------------------------------------
18/Jan/2023 12:04:00    Calculation 12 (Frequency: 27.564 GHz)
                      
                      
                      ------------------------------------------------------------------------------
18/Jan/2023 12:04:01  *** Warning ***
                      
18/Jan/2023 12:04:01  At least one propagating mode is not considered at port 1. 
                      
                      ------------------------------------------------------------------------------
18/Jan/2023 12:04:01    ----------------------------------------------------------------------------
                        Port   Mode   Type        Z-Wave        Z-Wave-Sigma  Z-Line        F-Cutoff
                        1      1      QTEM        262           13.4          45.6          ---
                        ----------------------------------------------------------------------------
                      
                      
                      ------------------------------------------------------------------------------
18/Jan/2023 12:04:16    Matrix setup time        :	4 s
                        Solver setup             :	4 s
                        Degrees of freedom       :	314317
                        Number of mesh cells     :	50826
                      
                        Stimulation port         :	1
                        Mode number              :	1
                        Accuracy                 :	9.92735e-05
                        Iterations               :	30
                        Solver time              :	7 s
                      
                      
                      ------------------------------------------------------------------------------
18/Jan/2023 12:04:17    Generating results       :	1 s
                      
                        Total time               :	17 s
                      
                      ------------------------------------------------------------------------------

                      ------------------------------------------------------------------------------
18/Jan/2023 12:04:17    Calculation 13 (Frequency: 8.685 GHz)
                      
                      
                      ------------------------------------------------------------------------------
18/Jan/2023 12:04:17  *** Warning ***
                      
18/Jan/2023 12:04:17  At least one propagating mode is not considered at port 1. 
                      
                      ------------------------------------------------------------------------------
18/Jan/2023 12:04:17    ----------------------------------------------------------------------------
                        Port   Mode   Type        Z-Wave        Z-Wave-Sigma  Z-Line        F-Cutoff
                        1      1      QTEM        271           10.7          44.8          ---
                        ----------------------------------------------------------------------------
                      
                      
                      ------------------------------------------------------------------------------
18/Jan/2023 12:04:31    Matrix setup time        :	4 s
                        Solver setup             :	4 s
                        Degrees of freedom       :	314317
                        Number of mesh cells     :	50826
                      
                        Stimulation port         :	1
                        Mode number              :	1
                        Accuracy                 :	8.53307e-05
                        Iterations               :	23
                        Solver time              :	6 s
                      
                      
                      ------------------------------------------------------------------------------
18/Jan/2023 12:04:31    Total time               :	14 s
                      
                      ------------------------------------------------------------------------------

                      ------------------------------------------------------------------------------
18/Jan/2023 12:04:31    Calculation 14 (Frequency: 13.818 GHz)
                      
                      
                      ------------------------------------------------------------------------------
18/Jan/2023 12:04:32  *** Warning ***
                      
18/Jan/2023 12:04:32  At least one propagating mode is not considered at port 1. 
                      
                      ------------------------------------------------------------------------------
18/Jan/2023 12:04:32    ----------------------------------------------------------------------------
                        Port   Mode   Type        Z-Wave        Z-Wave-Sigma  Z-Line        F-Cutoff
                        1      1      QTEM        268           11.8          45            ---
                        ----------------------------------------------------------------------------
                      
                      
                      ------------------------------------------------------------------------------
18/Jan/2023 12:04:43    Matrix setup time        :	3 s
                        Solver setup             :	4 s
                        Degrees of freedom       :	314317
                        Number of mesh cells     :	50826
                      
                        Stimulation port         :	1
                        Mode number              :	1
                        Accuracy                 :	8.00208e-05
                        Iterations               :	15
                        Solver time              :	4 s
                      
                      
                      ------------------------------------------------------------------------------
18/Jan/2023 12:04:44    Generating results       :	1 s
                      
                        Total time               :	13 s
                      
                      ------------------------------------------------------------------------------

                      ------------------------------------------------------------------------------
18/Jan/2023 12:04:44    Calculation 15 (Frequency: 7.293 GHz)
                      
                      
                      ------------------------------------------------------------------------------
18/Jan/2023 12:04:44    ----------------------------------------------------------------------------
                        Port   Mode   Type        Z-Wave        Z-Wave-Sigma  Z-Line        F-Cutoff
                        1      1      QTEM        271           10.5          44.7          ---
                        ----------------------------------------------------------------------------
                      
                      
                      ------------------------------------------------------------------------------
18/Jan/2023 12:04:59    Matrix setup time        :	4 s
                        Solver setup             :	4 s
                        Degrees of freedom       :	314317
                        Number of mesh cells     :	50826
                      
                        Stimulation port         :	1
                        Mode number              :	1
                        Accuracy                 :	7.59924e-05
                        Iterations               :	23
                        Solver time              :	7 s
                      
                      
                      ------------------------------------------------------------------------------
18/Jan/2023 12:04:59    Total time               :	15 s
                      
                      ------------------------------------------------------------------------------

                      ------------------------------------------------------------------------------
18/Jan/2023 12:04:59    Calculation 16 (Frequency: 9.033 GHz)
                      
                      
                      ------------------------------------------------------------------------------
18/Jan/2023 12:05:00  *** Warning ***
                      
18/Jan/2023 12:05:00  At least one propagating mode is not considered at port 1. 
                      
                      ------------------------------------------------------------------------------
18/Jan/2023 12:05:00    ----------------------------------------------------------------------------
                        Port   Mode   Type        Z-Wave        Z-Wave-Sigma  Z-Line        F-Cutoff
                        1      1      QTEM        271           12.3          44.8          ---
                        ----------------------------------------------------------------------------
                      
                      
                      ------------------------------------------------------------------------------
18/Jan/2023 12:05:15    Matrix setup time        :	4 s
                        Solver setup             :	4 s
                        Degrees of freedom       :	314317
                        Number of mesh cells     :	50826
                      
                        Stimulation port         :	1
                        Mode number              :	1
                        Accuracy                 :	8.61782e-05
                        Iterations               :	25
                        Solver time              :	7 s
                      
                      
                      ------------------------------------------------------------------------------
18/Jan/2023 12:05:16    Generating results       :	1 s
                      
                        Total time               :	17 s
                      
                      ------------------------------------------------------------------------------

                      ------------------------------------------------------------------------------
18/Jan/2023 12:05:16    Calculation 17 (Frequency: 8.627 GHz)
                      
                      
                      ------------------------------------------------------------------------------
18/Jan/2023 12:05:16  *** Warning ***
                      
18/Jan/2023 12:05:16  At least one propagating mode is not considered at port 1. 
                      
                      ------------------------------------------------------------------------------
18/Jan/2023 12:05:16    ----------------------------------------------------------------------------
                        Port   Mode   Type        Z-Wave        Z-Wave-Sigma  Z-Line        F-Cutoff
                        1      1      QTEM        271           10.7          44.8          ---
                        ----------------------------------------------------------------------------
                      
                      
                      ------------------------------------------------------------------------------
18/Jan/2023 12:05:28    Matrix setup time        :	4 s
                        Solver setup             :	5 s
                        Degrees of freedom       :	314317
                        Number of mesh cells     :	50826
                      
                        Stimulation port         :	1
                        Mode number              :	1
                        Accuracy                 :	5.17972e-05
                        Iterations               :	10
                        Solver time              :	3 s
                      
                      
                      ------------------------------------------------------------------------------
18/Jan/2023 12:05:28    Total time               :	12 s
                      
                      ------------------------------------------------------------------------------

                      ------------------------------------------------------------------------------
18/Jan/2023 12:05:28    Calculation 18 (Frequency: 8.772 GHz)
                      
                      
                      ------------------------------------------------------------------------------
18/Jan/2023 12:05:29  *** Warning ***
                      
18/Jan/2023 12:05:29  At least one propagating mode is not considered at port 1. 
                      
                      ------------------------------------------------------------------------------
18/Jan/2023 12:05:29    ----------------------------------------------------------------------------
                        Port   Mode   Type        Z-Wave        Z-Wave-Sigma  Z-Line        F-Cutoff
                        1      1      QTEM        272           12.3          44.8          ---
                        ----------------------------------------------------------------------------
                      
                      
                      ------------------------------------------------------------------------------
18/Jan/2023 12:05:40    Matrix setup time        :	4 s
                        Solver setup             :	4 s
                        Degrees of freedom       :	314317
                        Number of mesh cells     :	50826
                      
                        Stimulation port         :	1
                        Mode number              :	1
                        Accuracy                 :	5.9975e-05
                        Iterations               :	10
                        Solver time              :	3 s
                      
                      
                      ------------------------------------------------------------------------------
18/Jan/2023 12:05:41    Generating results       :	1 s
                      
                        Total time               :	13 s
                      
                      ------------------------------------------------------------------------------

                      ------------------------------------------------------------------------------
18/Jan/2023 12:05:41    Calculation 19 (Frequency: 9.062 GHz)
                      
                      
                      ------------------------------------------------------------------------------
18/Jan/2023 12:05:41  *** Warning ***
                      
18/Jan/2023 12:05:41  At least one propagating mode is not considered at port 1. 
                      
                      ------------------------------------------------------------------------------
18/Jan/2023 12:05:41    ----------------------------------------------------------------------------
                        Port   Mode   Type        Z-Wave        Z-Wave-Sigma  Z-Line        F-Cutoff
                        1      1      QTEM        271           12.3          44.8          ---
                        ----------------------------------------------------------------------------
                      
                      
                      ------------------------------------------------------------------------------
18/Jan/2023 12:05:57    Matrix setup time        :	3 s
                        Solver setup             :	5 s
                        Degrees of freedom       :	314317
                        Number of mesh cells     :	50826
                      
                        Stimulation port         :	1
                        Mode number              :	1
                        Accuracy                 :	8.43169e-05
                        Iterations               :	20
                        Solver time              :	6 s
                      
                      
                      ------------------------------------------------------------------------------
18/Jan/2023 12:05:57    Total time               :	16 s
                      
                      ------------------------------------------------------------------------------

                      ------------------------------------------------------------------------------
18/Jan/2023 12:05:57    Calculation 20 (Frequency: 7.641 GHz)
                      
                      
                      ------------------------------------------------------------------------------
18/Jan/2023 12:05:58    ----------------------------------------------------------------------------
                        Port   Mode   Type        Z-Wave        Z-Wave-Sigma  Z-Line        F-Cutoff
                        1      1      QTEM        271           10.6          44.7          ---
                        ----------------------------------------------------------------------------
                      
                      
                      ------------------------------------------------------------------------------
18/Jan/2023 12:06:11    Matrix setup time        :	4 s
                        Solver setup             :	4 s
                        Degrees of freedom       :	314317
                        Number of mesh cells     :	50826
                      
                        Stimulation port         :	1
                        Mode number              :	1
                        Accuracy                 :	4.01451e-05
                        Iterations               :	15
                        Solver time              :	5 s
                      
                      
                      ------------------------------------------------------------------------------
18/Jan/2023 12:06:11    Total time               :	14 s
                      
                      ------------------------------------------------------------------------------

                      ------------------------------------------------------------------------------
18/Jan/2023 12:06:11    Calculation 21 (Frequency: 3.175 GHz)
                      
                      
                      ------------------------------------------------------------------------------
18/Jan/2023 12:06:12    ----------------------------------------------------------------------------
                        Port   Mode   Type        Z-Wave        Z-Wave-Sigma  Z-Line        F-Cutoff
                        1      1      QTEM        274           9.82          44.7          ---
                        ----------------------------------------------------------------------------
                      
                      
                      ------------------------------------------------------------------------------
18/Jan/2023 12:06:29    Matrix setup time        :	4 s
                        Solver setup             :	5 s
                        Degrees of freedom       :	314317
                        Number of mesh cells     :	50826
                      
                        Stimulation port         :	1
                        Mode number              :	1
                        Accuracy                 :	8.9247e-05
                        Iterations               :	26
                        Solver time              :	8 s
                      
                      
                      ------------------------------------------------------------------------------
18/Jan/2023 12:06:29    Total time               :	18 s
                      
                      ------------------------------------------------------------------------------

                      ------------------------------------------------------------------------------
18/Jan/2023 12:06:29    Calculation 22 (Frequency: 26.143 GHz)
                      
                      
                      ------------------------------------------------------------------------------
18/Jan/2023 12:06:29  *** Warning ***
                      
18/Jan/2023 12:06:29  At least one propagating mode is not considered at port 1. 
                      
                      ------------------------------------------------------------------------------
18/Jan/2023 12:06:30    ----------------------------------------------------------------------------
                        Port   Mode   Type        Z-Wave        Z-Wave-Sigma  Z-Line        F-Cutoff
                        1      1      QTEM        263           13.5          45.6          ---
                        ----------------------------------------------------------------------------
                      
                      
                      ------------------------------------------------------------------------------
18/Jan/2023 12:06:45    Matrix setup time        :	4 s
                        Solver setup             :	4 s
                        Degrees of freedom       :	314317
                        Number of mesh cells     :	50826
                      
                        Stimulation port         :	1
                        Mode number              :	1
                        Accuracy                 :	9.04731e-05
                        Iterations               :	24
                        Solver time              :	7 s
                      
                      
                      ------------------------------------------------------------------------------
18/Jan/2023 12:06:45    Total time               :	16 s
                      
                      ------------------------------------------------------------------------------

                      ------------------------------------------------------------------------------
18/Jan/2023 12:06:45    Calculation 23 (Frequency: 1.783 GHz)
                      
                      
                      ------------------------------------------------------------------------------
18/Jan/2023 12:06:46    ----------------------------------------------------------------------------
                        Port   Mode   Type        Z-Wave        Z-Wave-Sigma  Z-Line        F-Cutoff
                        1      1      QTEM        274           9.74          44.7          ---
                        ----------------------------------------------------------------------------
                      
                      
                      ------------------------------------------------------------------------------
18/Jan/2023 12:07:00    Matrix setup time        :	4 s
                        Solver setup             :	4 s
                        Degrees of freedom       :	314317
                        Number of mesh cells     :	50826
                      
                        Stimulation port         :	1
                        Mode number              :	1
                        Accuracy                 :	9.91286e-05
                        Iterations               :	16
                        Solver time              :	5 s
                      
                      
                      ------------------------------------------------------------------------------
18/Jan/2023 12:07:00    Total time               :	15 s
                      
                      ------------------------------------------------------------------------------

                      ------------------------------------------------------------------------------
18/Jan/2023 12:07:00    Calculation 24 (Frequency: 4.393 GHz)
                      
                      
                      ------------------------------------------------------------------------------
18/Jan/2023 12:07:01    ----------------------------------------------------------------------------
                        Port   Mode   Type        Z-Wave        Z-Wave-Sigma  Z-Line        F-Cutoff
                        1      1      QTEM        273           9.67          44.6          ---
                        ----------------------------------------------------------------------------
                      
                      
                      ------------------------------------------------------------------------------
18/Jan/2023 12:07:13    Matrix setup time        :	3 s
                        Solver setup             :	5 s
                        Degrees of freedom       :	314317
                        Number of mesh cells     :	50826
                      
                        Stimulation port         :	1
                        Mode number              :	1
                        Accuracy                 :	7.56017e-05
                        Iterations               :	13
                        Solver time              :	4 s
                      
                      
                      ------------------------------------------------------------------------------
18/Jan/2023 12:07:13    Total time               :	13 s
                      
                      ------------------------------------------------------------------------------

                      ------------------------------------------------------------------------------
18/Jan/2023 12:07:13    Calculation 25 (Frequency: 29.101 GHz)
                      
                      
                      ------------------------------------------------------------------------------
18/Jan/2023 12:07:14  *** Warning ***
                      
18/Jan/2023 12:07:14  At least one propagating mode is not considered at port 1. 
                      
                      ------------------------------------------------------------------------------
18/Jan/2023 12:07:14    ----------------------------------------------------------------------------
                        Port   Mode   Type        Z-Wave        Z-Wave-Sigma  Z-Line        F-Cutoff
                        1      1      QTEM        262           13.4          45.7          ---
                        ----------------------------------------------------------------------------
                      
                      
                      ------------------------------------------------------------------------------
18/Jan/2023 12:07:29    Matrix setup time        :	4 s
                        Solver setup             :	4 s
                        Degrees of freedom       :	314317
                        Number of mesh cells     :	50826
                      
                        Stimulation port         :	1
                        Mode number              :	1
                        Accuracy                 :	8.74817e-05
                        Iterations               :	21
                        Solver time              :	6 s
                      
                      
                      ------------------------------------------------------------------------------
18/Jan/2023 12:07:29    Total time               :	16 s
                      
                      ------------------------------------------------------------------------------

                      ------------------------------------------------------------------------------
18/Jan/2023 12:07:29    Calculation 26 (Frequency: 5.669 GHz)
                      
                      
                      ------------------------------------------------------------------------------
18/Jan/2023 12:07:30    ----------------------------------------------------------------------------
                        Port   Mode   Type        Z-Wave        Z-Wave-Sigma  Z-Line        F-Cutoff
                        1      1      QTEM        272           10.4          44.6          ---
                        ----------------------------------------------------------------------------
                      
                      
                      ------------------------------------------------------------------------------
18/Jan/2023 12:07:42    Matrix setup time        :	4 s
                        Solver setup             :	4 s
                        Degrees of freedom       :	314317
                        Number of mesh cells     :	50826
                      
                        Stimulation port         :	1
                        Mode number              :	1
                        Accuracy                 :	3.74015e-05
                        Iterations               :	15
                        Solver time              :	4 s
                      
                      
                      ------------------------------------------------------------------------------
18/Jan/2023 12:07:42    Total time               :	13 s
                      
                      ------------------------------------------------------------------------------

                      ------------------------------------------------------------------------------
18/Jan/2023 12:07:42    Calculation 27 (Frequency: 29.797 GHz)
                      
                      
                      ------------------------------------------------------------------------------
18/Jan/2023 12:07:42  *** Warning ***
                      
18/Jan/2023 12:07:42  At least one propagating mode is not considered at port 1. 
                      
                      ------------------------------------------------------------------------------
18/Jan/2023 12:07:42    ----------------------------------------------------------------------------
                        Port   Mode   Type        Z-Wave        Z-Wave-Sigma  Z-Line        F-Cutoff
                        1      1      QTEM        262           13.4          45.8          ---
                        ----------------------------------------------------------------------------
                      
                      
                      ------------------------------------------------------------------------------
18/Jan/2023 12:07:53    Matrix setup time        :	3 s
                        Solver setup             :	4 s
                        Degrees of freedom       :	314317
                        Number of mesh cells     :	50826
                      
                        Stimulation port         :	1
                        Mode number              :	1
                        Accuracy                 :	7.32098e-05
                        Iterations               :	10
                        Solver time              :	3 s
                      
                      
                      ------------------------------------------------------------------------------
18/Jan/2023 12:07:53    Total time               :	11 s
                      
                      ------------------------------------------------------------------------------

                      ------------------------------------------------------------------------------
18/Jan/2023 12:07:53    Calculation 28 (Frequency: 28.55 GHz)
                      
                      
                      ------------------------------------------------------------------------------
18/Jan/2023 12:07:53  *** Warning ***
                      
18/Jan/2023 12:07:53  At least one propagating mode is not considered at port 1. 
                      
                      ------------------------------------------------------------------------------
18/Jan/2023 12:07:54    ----------------------------------------------------------------------------
                        Port   Mode   Type        Z-Wave        Z-Wave-Sigma  Z-Line        F-Cutoff
                        1      1      QTEM        262           13.4          45.7          ---
                        ----------------------------------------------------------------------------
                      
                      
                      ------------------------------------------------------------------------------
18/Jan/2023 12:08:06    Matrix setup time        :	3 s
                        Solver setup             :	5 s
                        Degrees of freedom       :	314317
                        Number of mesh cells     :	50826
                      
                        Stimulation port         :	1
                        Mode number              :	1
                        Accuracy                 :	6.52238e-05
                        Iterations               :	14
                        Solver time              :	4 s
                      
                      
                      ------------------------------------------------------------------------------
18/Jan/2023 12:08:06    Total time               :	13 s
                      
                      ------------------------------------------------------------------------------

                      ------------------------------------------------------------------------------
18/Jan/2023 12:08:06  Finished the general purpose interpolative broadband frequency sweep:
                      All broadband sweep convergence criteria have been satisfied after
                      calculating 28 frequency samples:
                      
                        Broadband sweep error threshold value : 
                                                                0.01 (All S-Parameters) 
                        Number of error criterion checks      : 
                                                                2 (All S-Parameters) 
                        Minimum number of samples             : 3
                      
                      
                      ------------------------------------------------------------------------------
18/Jan/2023 12:08:06    Total Solver Time        :	535 s	 (= 0 h, 08 m, 55 s)
                      ================================================================================
                      
                      
                      
                      ------------------------------------------------------------------------------
18/Jan/2023 12:08:06  Calculating remaining monitors.
                      
                      ------------------------------------------------------------------------------
18/Jan/2023 12:08:09    ----------------------------------------------------------------------------
                                            Peak memory used (kB)         Free physical memory (kB) 
                                                                          At begin     Minimum      
                        ----------------------------------------------------------------------------
                        Solver start        16336                         1453896      1453548      
                        Eq. system setup    865972                        1401364      792044       
                        Eq. system solve    873420                        1350796      610000       
                        Mesh refinement     501016                        1305908      1057476      
                        Solver run total    873420                        1453908      610000       
                      
                        Computer name       DESKTOP-SI2PIOG
                        ----------------------------------------------------------------------------
                      
                      
                      ------------------------------------------------------------------------------
18/Jan/2023 12:08:09  Running postprocessing.
                      
                      ------------------------------------------------------------------------------
18/Jan/2023 12:08:16  Postprocessing finished.
                      
                      ------------------------------------------------------------------------------
18/Jan/2023 12:08:20  Creating parametric 1D results for Run ID 1
                      
                      ------------------------------------------------------------------------------
18/Jan/2023 12:38:48  Units settings: 
                      
                        Dimensions: mm
                        Frequency:  GHz
                        Time:       ns
                      
                      ------------------------------------------------------------------------------
18/Jan/2023 12:38:48  Boundary conditions: 
                      
                        YZsymmetry: none
                        XZsymmetry: none
                        XYsymmetry: none
                      
                        Xmin: expanded open
                        Xmax: expanded open
                      
                        Ymin: expanded open
                        Ymax: expanded open
                      
                        Zmin: expanded open
                        Zmax: expanded open
                      
                      ------------------------------------------------------------------------------
18/Jan/2023 12:38:48  Order settings: 
                      
                        Solver order   : 2nd (constant)
                        Curved elements: up to order 3 (automatic)
                      
                      ------------------------------------------------------------------------------
18/Jan/2023 12:38:48  
                      ================================================================================
                      Frequency Domain Solver calculation cycle started
                      
                      ------------------------------------------------------------------------------
18/Jan/2023 12:38:48  Solver started at: 12:38 PM Wednesday, 18. January 2023 (Bangladesh Standard Time)
                      
                        Module:  Frequency Domain: S-Parameter (Win 64)
                        Version: 2020.0 Release from 2019-09-25 (change 724524)
                      
                      ------------------------------------------------------------------------------
18/Jan/2023 12:38:48    Calculation 29 (Frequency: 29.681 GHz)
                      
                      
                      ------------------------------------------------------------------------------
18/Jan/2023 12:38:49  Using electric shielding for port 1.
                      
                      ------------------------------------------------------------------------------
18/Jan/2023 12:38:49  *** Warning ***
                      
18/Jan/2023 12:38:49  At least one propagating mode is not considered at port 1. 
                      
                      ------------------------------------------------------------------------------
18/Jan/2023 12:38:49    ----------------------------------------------------------------------------
                        Port   Mode   Type        Z-Wave        Z-Wave-Sigma  Z-Line        F-Cutoff
                        1      1      QTEM        262           13.4          45.8          ---
                        ----------------------------------------------------------------------------
                      
                      
                      ------------------------------------------------------------------------------
18/Jan/2023 12:39:05    Matrix setup time        :	6 s
                        Solver setup             :	2 s
                        Degrees of freedom       :	314317
                        Number of mesh cells     :	50826
                      
                        Stimulation port         :	1
                        Mode number              :	1
                        Accuracy                 :	7.59051e-05
                        Iterations               :	38
                        Solver time              :	6 s
                      
                      
                      ------------------------------------------------------------------------------
18/Jan/2023 12:39:06    Generating results       :	1 s
                      
                        Total time               :	18 s
                      
                      ------------------------------------------------------------------------------

                      ------------------------------------------------------------------------------
18/Jan/2023 12:39:06    Total Solver Time        :	18 s
                      ================================================================================
                      
                      
                      
                      ------------------------------------------------------------------------------
18/Jan/2023 12:39:06  Calculating remaining monitors.
                      
                      ------------------------------------------------------------------------------
18/Jan/2023 12:39:07    ----------------------------------------------------------------------------
                                            Peak memory used (kB)         Free physical memory (kB) 
                                                                          At begin     Minimum      
                        ----------------------------------------------------------------------------
                        Solver start        16336                         1356100      1355784      
                        Eq. system setup    284032                        1266292      1115120      
                        Eq. system solve    496612                        1119680      802320       
                        Solver run total    551176                        1356112      805436       
                      
                        Computer name       DESKTOP-SI2PIOG
                        ----------------------------------------------------------------------------
                      
                      
                      ------------------------------------------------------------------------------
18/Jan/2023 12:39:07  Running postprocessing.
                      
                      ------------------------------------------------------------------------------
18/Jan/2023 12:39:11  Postprocessing finished.
                      
                      ------------------------------------------------------------------------------
18/Jan/2023 12:39:20  Creating parametric 1D results for Run ID 1
                      
                      ------------------------------------------------------------------------------
