Postprocessing Logfile 

----------------------------------------------------------------------------------------
Units settings: 

  Dimensions: mm
  Frequency:  GHz
  Time:       ns

----------------------------------------------------------------------------------------

Template based postprocessing started at: 12:08 PM Wednesday, 18. January 2023

  Evaluating 'Gain (IEEE),Phi=0.0,Max. Value (Subrange)': 1 s
  Evaluating 'Gain (IEEE),Phi=0.0,Max. Value (Subrange)_1': 1 s
  Evaluating 'Gain (IEEE),Phi=0.0,Max. Value (Subrange)_2': 0 s
  Evaluating 'Gain (IEEE),3D,Max. Value (Solid Angle)': 0 s

  Total time: 4 s  ( = 0 h, 0 m, 4 s )

Template based postprocessing finished at: 12:08 PM Wednesday, 18. January 2023
----------------------------------------------------------------------------------------
Template based postprocessing started at: 12:39 PM Wednesday, 18. January 2023

  Evaluating 'Gain (IEEE),Phi=0.0,Max. Value (Subrange)': 3 s
  Evaluating 'Gain (IEEE),Phi=0.0,Max. Value (Subrange)_1': 0 s
  Evaluating 'Gain (IEEE),Phi=0.0,Max. Value (Subrange)_2': 0 s
  Evaluating 'Gain (IEEE),3D,Max. Value (Solid Angle)': 1 s
  Evaluating 'Gain (IEEE),Phi=0.0': 2 s

  Total time: 8 s  ( = 0 h, 0 m, 8 s )

Template based postprocessing finished at: 12:39 PM Wednesday, 18. January 2023
----------------------------------------------------------------------------------------
