Unknown:
C:\Users\user\Documents\Project ete 300\Fractal_base_antenna\Result\ml_info.dat
C:\Users\user\Documents\Project ete 300\Fractal_base_antenna\Result\ml_info.log
C:\Users\user\Documents\Project ete 300\Fractal_base_antenna\Result\Model.log
C:\Users\user\Documents\Project ete 300\Fractal_base_antenna\Result\Model.sa
C:\Users\user\Documents\Project ete 300\Fractal_base_antenna\Result\Port1_e1(#0000).sct
C:\Users\user\Documents\Project ete 300\Fractal_base_antenna\Result\Port1_e1(#0001).sct
C:\Users\user\Documents\Project ete 300\Fractal_base_antenna\Result\Port1_e1(#0002).sct
C:\Users\user\Documents\Project ete 300\Fractal_base_antenna\Result\Port1_e1(#0003).sct
C:\Users\user\Documents\Project ete 300\Fractal_base_antenna\Result\Port1_e1(#0004).sct
C:\Users\user\Documents\Project ete 300\Fractal_base_antenna\Result\Port1_e1(#0005).sct
C:\Users\user\Documents\Project ete 300\Fractal_base_antenna\Result\Port1_e1(#0006).sct
C:\Users\user\Documents\Project ete 300\Fractal_base_antenna\Result\Port1_e1(#0007).sct
C:\Users\user\Documents\Project ete 300\Fractal_base_antenna\Result\Port1_e1(#0008).sct
C:\Users\user\Documents\Project ete 300\Fractal_base_antenna\Result\Port1_e1(#0009).sct
C:\Users\user\Documents\Project ete 300\Fractal_base_antenna\Result\Port1_eInfo1(#0000).pmf
C:\Users\user\Documents\Project ete 300\Fractal_base_antenna\Result\Port1_eInfo1(#0001).pmf
C:\Users\user\Documents\Project ete 300\Fractal_base_antenna\Result\Port1_eInfo1(#0002).pmf
C:\Users\user\Documents\Project ete 300\Fractal_base_antenna\Result\Port1_eInfo1(#0003).pmf
C:\Users\user\Documents\Project ete 300\Fractal_base_antenna\Result\Port1_eInfo1(#0004).pmf
C:\Users\user\Documents\Project ete 300\Fractal_base_antenna\Result\Port1_eInfo1(#0005).pmf
C:\Users\user\Documents\Project ete 300\Fractal_base_antenna\Result\Port1_eInfo1(#0006).pmf
C:\Users\user\Documents\Project ete 300\Fractal_base_antenna\Result\Port1_eInfo1(#0007).pmf
C:\Users\user\Documents\Project ete 300\Fractal_base_antenna\Result\Port1_eInfo1(#0008).pmf
C:\Users\user\Documents\Project ete 300\Fractal_base_antenna\Result\Port1_eInfo1(#0009).pmf
C:\Users\user\Documents\Project ete 300\Fractal_base_antenna\Result\Port1_h1(#0000).sct
C:\Users\user\Documents\Project ete 300\Fractal_base_antenna\Result\Port1_h1(#0001).sct
C:\Users\user\Documents\Project ete 300\Fractal_base_antenna\Result\Port1_h1(#0002).sct
C:\Users\user\Documents\Project ete 300\Fractal_base_antenna\Result\Port1_h1(#0003).sct
C:\Users\user\Documents\Project ete 300\Fractal_base_antenna\Result\Port1_h1(#0004).sct
C:\Users\user\Documents\Project ete 300\Fractal_base_antenna\Result\Port1_h1(#0005).sct
C:\Users\user\Documents\Project ete 300\Fractal_base_antenna\Result\Port1_h1(#0006).sct
C:\Users\user\Documents\Project ete 300\Fractal_base_antenna\Result\Port1_h1(#0007).sct
C:\Users\user\Documents\Project ete 300\Fractal_base_antenna\Result\Port1_h1(#0008).sct
C:\Users\user\Documents\Project ete 300\Fractal_base_antenna\Result\Port1_h1(#0009).sct
C:\Users\user\Documents\Project ete 300\Fractal_base_antenna\Result\Port1_hInfo1(#0000).pmf
C:\Users\user\Documents\Project ete 300\Fractal_base_antenna\Result\Port1_hInfo1(#0001).pmf
C:\Users\user\Documents\Project ete 300\Fractal_base_antenna\Result\Port1_hInfo1(#0002).pmf
C:\Users\user\Documents\Project ete 300\Fractal_base_antenna\Result\Port1_hInfo1(#0003).pmf
C:\Users\user\Documents\Project ete 300\Fractal_base_antenna\Result\Port1_hInfo1(#0004).pmf
C:\Users\user\Documents\Project ete 300\Fractal_base_antenna\Result\Port1_hInfo1(#0005).pmf
C:\Users\user\Documents\Project ete 300\Fractal_base_antenna\Result\Port1_hInfo1(#0006).pmf
C:\Users\user\Documents\Project ete 300\Fractal_base_antenna\Result\Port1_hInfo1(#0007).pmf
C:\Users\user\Documents\Project ete 300\Fractal_base_antenna\Result\Port1_hInfo1(#0008).pmf
C:\Users\user\Documents\Project ete 300\Fractal_base_antenna\Result\Port1_hInfo1(#0009).pmf
C:\Users\user\Documents\Project ete 300\Fractal_base_antenna\Result\Postprocessing.log
C:\Users\user\Documents\Project ete 300\Fractal_base_antenna\Result\SolCoef(#0000)_1(1).scf
C:\Users\user\Documents\Project ete 300\Fractal_base_antenna\Result\SolCoef(#0001)_1(1).scf
C:\Users\user\Documents\Project ete 300\Fractal_base_antenna\Result\SolCoef(#0002)_1(1).scf
C:\Users\user\Documents\Project ete 300\Fractal_base_antenna\Result\SolCoef(#0003)_1(1).scf
C:\Users\user\Documents\Project ete 300\Fractal_base_antenna\Result\SolCoef(#0004)_1(1).scf
C:\Users\user\Documents\Project ete 300\Fractal_base_antenna\Result\SolCoef(#0005)_1(1).scf
C:\Users\user\Documents\Project ete 300\Fractal_base_antenna\Result\SolCoef(#0006)_1(1).scf
C:\Users\user\Documents\Project ete 300\Fractal_base_antenna\Result\SolCoef(#0008)_1(1).scf
C:\Users\user\Documents\Project ete 300\Fractal_base_antenna\Result\SolCoef(#0009)_1(1).scf
Mesh:
C:\Users\user\Documents\Project ete 300\Fractal_base_antenna\Result\3do.slim
C:\Users\user\Documents\Project ete 300\Fractal_base_antenna\Result\CellNameTo_ML_BGIDMap.tet
C:\Users\user\Documents\Project ete 300\Fractal_base_antenna\Result\Entities2Mesh.tet
C:\Users\user\Documents\Project ete 300\Fractal_base_antenna\Result\log.tet
C:\Users\user\Documents\Project ete 300\Fractal_base_antenna\Result\meshprops.tet
C:\Users\user\Documents\Project ete 300\Fractal_base_antenna\Result\mir.tet
C:\Users\user\Documents\Project ete 300\Fractal_base_antenna\Result\ML_BGID_To_ZStart_Map.tet
C:\Users\user\Documents\Project ete 300\Fractal_base_antenna\Result\moegeom.tet
C:\Users\user\Documents\Project ete 300\Fractal_base_antenna\Result\Port1.slim
C:\Users\user\Documents\Project ete 300\Fractal_base_antenna\Result\refinementparents.tet
C:\Users\user\Documents\Project ete 300\Fractal_base_antenna\Result\reftags.tet
C:\Users\user\Documents\Project ete 300\Fractal_base_antenna\Result\tetquality.tet
C:\Users\user\Documents\Project ete 300\Fractal_base_antenna\Result\topot.tet
Port:
C:\Users\user\Documents\Project ete 300\Fractal_base_antenna\Result\Model.pmi
