Unknown:
C:\Users\user\Documents\Project ete 300\new_fractal_base_antenna\Result\Hex.gap
C:\Users\user\Documents\Project ete 300\new_fractal_base_antenna\Result\MCalc-Facets-1xN.log
C:\Users\user\Documents\Project ete 300\new_fractal_base_antenna\Result\MCalc-Facets-PP.log
C:\Users\user\Documents\Project ete 300\new_fractal_base_antenna\Result\MCalc-Facets.log
C:\Users\user\Documents\Project ete 300\new_fractal_base_antenna\Result\MCalc.ddi
C:\Users\user\Documents\Project ete 300\new_fractal_base_antenna\Result\MCalc.log
C:\Users\user\Documents\Project ete 300\new_fractal_base_antenna\Result\MCalc^Diagnostics.log
C:\Users\user\Documents\Project ete 300\new_fractal_base_antenna\Result\ml_info.log
C:\Users\user\Documents\Project ete 300\new_fractal_base_antenna\Result\Model.axg
C:\Users\user\Documents\Project ete 300\new_fractal_base_antenna\Result\Model.coco
C:\Users\user\Documents\Project ete 300\new_fractal_base_antenna\Result\Model.ddi
C:\Users\user\Documents\Project ete 300\new_fractal_base_antenna\Result\Model.elg
C:\Users\user\Documents\Project ete 300\new_fractal_base_antenna\Result\Model.log
C:\Users\user\Documents\Project ete 300\new_fractal_base_antenna\Result\Model.sam
C:\Users\user\Documents\Project ete 300\new_fractal_base_antenna\Result\Model_m1.sam
C:\Users\user\Documents\Project ete 300\new_fractal_base_antenna\Result\m^fifx.dsc
C:\Users\user\Documents\Project ete 300\new_fractal_base_antenna\Result\m^fqq.dsc
C:\Users\user\Documents\Project ete 300\new_fractal_base_antenna\Result\Ports.web
C:\Users\user\Documents\Project ete 300\new_fractal_base_antenna\Result\p^a.dsc
C:\Users\user\Documents\Project ete 300\new_fractal_base_antenna\Result\P^m^fb.slog
C:\Users\user\Documents\Project ete 300\new_fractal_base_antenna\Result\P^m^fbqq.slog
C:\Users\user\Documents\Project ete 300\new_fractal_base_antenna\Result\P^m^fqq.slog
C:\Users\user\Documents\Project ete 300\new_fractal_base_antenna\Result\P^p^m.slog
C:\Users\user\Documents\Project ete 300\new_fractal_base_antenna\Result\P^s^pm.slog
Mesh:
C:\Users\user\Documents\Project ete 300\new_fractal_base_antenna\Result\dA.mat
C:\Users\user\Documents\Project ete 300\new_fractal_base_antenna\Result\dad.mat
C:\Users\user\Documents\Project ete 300\new_fractal_base_antenna\Result\ds.mat
C:\Users\user\Documents\Project ete 300\new_fractal_base_antenna\Result\dsd.mat
C:\Users\user\Documents\Project ete 300\new_fractal_base_antenna\Result\dsMCalc.mat
C:\Users\user\Documents\Project ete 300\new_fractal_base_antenna\Result\Eps.mat
C:\Users\user\Documents\Project ete 300\new_fractal_base_antenna\Result\HexMatrix.m2h
C:\Users\user\Documents\Project ete 300\new_fractal_base_antenna\Result\HexMatrix^f^d^1.m2h
C:\Users\user\Documents\Project ete 300\new_fractal_base_antenna\Result\HexMatrix^f^n^1.m2h
C:\Users\user\Documents\Project ete 300\new_fractal_base_antenna\Result\HexMatrix_MCalc.m2h
C:\Users\user\Documents\Project ete 300\new_fractal_base_antenna\Result\Kappa.mat
C:\Users\user\Documents\Project ete 300\new_fractal_base_antenna\Result\MCalc.fmp
C:\Users\user\Documents\Project ete 300\new_fractal_base_antenna\Result\MCalc.xcfd
C:\Users\user\Documents\Project ete 300\new_fractal_base_antenna\Result\Meta.m2h
C:\Users\user\Documents\Project ete 300\new_fractal_base_antenna\Result\Model.cct
C:\Users\user\Documents\Project ete 300\new_fractal_base_antenna\Result\Model.fmf
C:\Users\user\Documents\Project ete 300\new_fractal_base_antenna\Result\Model.fmm
C:\Users\user\Documents\Project ete 300\new_fractal_base_antenna\Result\Model.fpc
C:\Users\user\Documents\Project ete 300\new_fractal_base_antenna\Result\Model.fwf
C:\Users\user\Documents\Project ete 300\new_fractal_base_antenna\Result\Model.sid
C:\Users\user\Documents\Project ete 300\new_fractal_base_antenna\Result\Model.spi
C:\Users\user\Documents\Project ete 300\new_fractal_base_antenna\Result\Model.xcfd
C:\Users\user\Documents\Project ete 300\new_fractal_base_antenna\Result\Model^PEC.fpf
C:\Users\user\Documents\Project ete 300\new_fractal_base_antenna\Result\Mue.mat
C:\Users\user\Documents\Project ete 300\new_fractal_base_antenna\Result\m^fifx.mem
C:\Users\user\Documents\Project ete 300\new_fractal_base_antenna\Result\m^fqq.mem
C:\Users\user\Documents\Project ete 300\new_fractal_base_antenna\Result\p1.spi
C:\Users\user\Documents\Project ete 300\new_fractal_base_antenna\Result\PEC.mat
C:\Users\user\Documents\Project ete 300\new_fractal_base_antenna\Result\Port1.wgi
C:\Users\user\Documents\Project ete 300\new_fractal_base_antenna\Result\p^a.mem
C:\Users\user\Documents\Project ete 300\new_fractal_base_antenna\Result\p^m.mem
C:\Users\user\Documents\Project ete 300\new_fractal_base_antenna\Result\S2HMatrix.m2h
C:\Users\user\Documents\Project ete 300\new_fractal_base_antenna\Result\Shapes.con
C:\Users\user\Documents\Project ete 300\new_fractal_base_antenna\Result\s^pm.mem
Port:
C:\Users\user\Documents\Project ete 300\new_fractal_base_antenna\Result\adapt_Port1_e1.prt
C:\Users\user\Documents\Project ete 300\new_fractal_base_antenna\Result\adapt_Port1_e1[15.5].prt
C:\Users\user\Documents\Project ete 300\new_fractal_base_antenna\Result\adapt_Port1_h1.prt
C:\Users\user\Documents\Project ete 300\new_fractal_base_antenna\Result\adapt_Port1_h1[15.5].prt
C:\Users\user\Documents\Project ete 300\new_fractal_base_antenna\Result\Model.pmi
C:\Users\user\Documents\Project ete 300\new_fractal_base_antenna\Result\Port1_1[15.5].m2d
C:\Users\user\Documents\Project ete 300\new_fractal_base_antenna\Result\Port1_drv.m2d
C:\Users\user\Documents\Project ete 300\new_fractal_base_antenna\Result\Port1_e1.prt
C:\Users\user\Documents\Project ete 300\new_fractal_base_antenna\Result\Port1_e1[15.5].prt
C:\Users\user\Documents\Project ete 300\new_fractal_base_antenna\Result\Port1_h1.prt
C:\Users\user\Documents\Project ete 300\new_fractal_base_antenna\Result\Port1_h1[15.5].prt
