matrixcalc_AMD64 @ DESKTOP-SI2PIOG:  xxxxxxxxxxxxxxxxxxxxxxxxxxxxxxxxxxxxxxxxxxxxxxxxxxxxxxxxxxxxx
                                     15/Mar/2023 07:41:31  current system memory usage reached 85%
                                     xxxxxxxxxxxxxxxxxxxxxxxxxxxxxxxxxxxxxxxxxxxxxxxxxxxxxxxxxxxxx

matrixcalc_AMD64 @ DESKTOP-SI2PIOG: 1xN000:  xxxxxxxxxxxxxxxxxxxxxxxxxxxxxxxxxxxxxxxxxxxxxxxxxxxxxxxxxxxxx
                                             15/Mar/2023 07:42:11  current system memory usage reached 85%
                                             xxxxxxxxxxxxxxxxxxxxxxxxxxxxxxxxxxxxxxxxxxxxxxxxxxxxxxxxxxxxx

matrixcalc_AMD64 @ DESKTOP-SI2PIOG: 1xN000:  xxxxxxxxxxxxxxxxxxxxxxxxxxxxxxxxxxxxxxxxxxxxxxxxxxxxxxxxxxxxx
                                             15/Mar/2023 07:42:23  current system memory usage reached 90%
                                             xxxxxxxxxxxxxxxxxxxxxxxxxxxxxxxxxxxxxxxxxxxxxxxxxxxxxxxxxxxxx

matrixcalc_AMD64 @ DESKTOP-SI2PIOG: 1xN000:  xxxxxxxxxxxxxxxxxxxxxxxxxxxxxxxxxxxxxxxxxxxxxxxxxxxxxxxxxxxxx
                                             15/Mar/2023 07:42:42  current system memory usage reached 95%
                                             xxxxxxxxxxxxxxxxxxxxxxxxxxxxxxxxxxxxxxxxxxxxxxxxxxxxxxxxxxxxx



matrixcalc_AMD64 @ DESKTOP-SI2PIOG: 1xN001:  xxxxxxxxxxxxxxxxxxxxxxxxxxxxxxxxxxxxxxxxxxxxxxxxxxxxxxxxxxxxx
                                             15/Mar/2023 07:42:15  current system memory usage reached 85%
                                             xxxxxxxxxxxxxxxxxxxxxxxxxxxxxxxxxxxxxxxxxxxxxxxxxxxxxxxxxxxxx

matrixcalc_AMD64 @ DESKTOP-SI2PIOG: 1xN001:  xxxxxxxxxxxxxxxxxxxxxxxxxxxxxxxxxxxxxxxxxxxxxxxxxxxxxxxxxxxxx
                                             15/Mar/2023 07:42:20  current system memory usage reached 90%
                                             xxxxxxxxxxxxxxxxxxxxxxxxxxxxxxxxxxxxxxxxxxxxxxxxxxxxxxxxxxxxx

matrixcalc_AMD64 @ DESKTOP-SI2PIOG: 1xN001:  xxxxxxxxxxxxxxxxxxxxxxxxxxxxxxxxxxxxxxxxxxxxxxxxxxxxxxxxxxxxx
                                             15/Mar/2023 07:42:34  current system memory usage reached 95%
                                             xxxxxxxxxxxxxxxxxxxxxxxxxxxxxxxxxxxxxxxxxxxxxxxxxxxxxxxxxxxxx



matrixcalc_AMD64 @ DESKTOP-SI2PIOG: 1xN002:  xxxxxxxxxxxxxxxxxxxxxxxxxxxxxxxxxxxxxxxxxxxxxxxxxxxxxxxxxxxxx
                                             15/Mar/2023 07:42:13  current system memory usage reached 85%
                                             xxxxxxxxxxxxxxxxxxxxxxxxxxxxxxxxxxxxxxxxxxxxxxxxxxxxxxxxxxxxx

matrixcalc_AMD64 @ DESKTOP-SI2PIOG: 1xN002:  xxxxxxxxxxxxxxxxxxxxxxxxxxxxxxxxxxxxxxxxxxxxxxxxxxxxxxxxxxxxx
                                             15/Mar/2023 07:42:24  current system memory usage reached 90%
                                             xxxxxxxxxxxxxxxxxxxxxxxxxxxxxxxxxxxxxxxxxxxxxxxxxxxxxxxxxxxxx

matrixcalc_AMD64 @ DESKTOP-SI2PIOG: 1xN002:  xxxxxxxxxxxxxxxxxxxxxxxxxxxxxxxxxxxxxxxxxxxxxxxxxxxxxxxxxxxxx
                                             15/Mar/2023 07:42:34  current system memory usage reached 95%
                                             xxxxxxxxxxxxxxxxxxxxxxxxxxxxxxxxxxxxxxxxxxxxxxxxxxxxxxxxxxxxx



matrixcalc_AMD64 @ DESKTOP-SI2PIOG: 1xN003:  xxxxxxxxxxxxxxxxxxxxxxxxxxxxxxxxxxxxxxxxxxxxxxxxxxxxxxxxxxxxx
                                             15/Mar/2023 07:45:00  current system memory usage reached 85%
                                             xxxxxxxxxxxxxxxxxxxxxxxxxxxxxxxxxxxxxxxxxxxxxxxxxxxxxxxxxxxxx

matrixcalc_AMD64 @ DESKTOP-SI2PIOG: 1xN003:  xxxxxxxxxxxxxxxxxxxxxxxxxxxxxxxxxxxxxxxxxxxxxxxxxxxxxxxxxxxxx
                                             15/Mar/2023 07:45:10  current system memory usage reached 90%
                                             xxxxxxxxxxxxxxxxxxxxxxxxxxxxxxxxxxxxxxxxxxxxxxxxxxxxxxxxxxxxx

matrixcalc_AMD64 @ DESKTOP-SI2PIOG: 1xN003:  xxxxxxxxxxxxxxxxxxxxxxxxxxxxxxxxxxxxxxxxxxxxxxxxxxxxxxxxxxxxx
                                             15/Mar/2023 07:46:08  current system memory usage reached 95%
                                             xxxxxxxxxxxxxxxxxxxxxxxxxxxxxxxxxxxxxxxxxxxxxxxxxxxxxxxxxxxxx



matrixcalc_AMD64 @ DESKTOP-SI2PIOG: 1xN004:  xxxxxxxxxxxxxxxxxxxxxxxxxxxxxxxxxxxxxxxxxxxxxxxxxxxxxxxxxxxxx
                                             15/Mar/2023 07:42:13  current system memory usage reached 85%
                                             xxxxxxxxxxxxxxxxxxxxxxxxxxxxxxxxxxxxxxxxxxxxxxxxxxxxxxxxxxxxx

matrixcalc_AMD64 @ DESKTOP-SI2PIOG: 1xN004:  xxxxxxxxxxxxxxxxxxxxxxxxxxxxxxxxxxxxxxxxxxxxxxxxxxxxxxxxxxxxx
                                             15/Mar/2023 07:42:20  current system memory usage reached 90%
                                             xxxxxxxxxxxxxxxxxxxxxxxxxxxxxxxxxxxxxxxxxxxxxxxxxxxxxxxxxxxxx

matrixcalc_AMD64 @ DESKTOP-SI2PIOG: 1xN004:  xxxxxxxxxxxxxxxxxxxxxxxxxxxxxxxxxxxxxxxxxxxxxxxxxxxxxxxxxxxxx
                                             15/Mar/2023 07:42:34  current system memory usage reached 95%
                                             xxxxxxxxxxxxxxxxxxxxxxxxxxxxxxxxxxxxxxxxxxxxxxxxxxxxxxxxxxxxx



matrixcalc_AMD64 @ DESKTOP-SI2PIOG: 1xN005:  xxxxxxxxxxxxxxxxxxxxxxxxxxxxxxxxxxxxxxxxxxxxxxxxxxxxxxxxxxxxx
                                             15/Mar/2023 07:45:10  current system memory usage reached 90%
                                             xxxxxxxxxxxxxxxxxxxxxxxxxxxxxxxxxxxxxxxxxxxxxxxxxxxxxxxxxxxxx

matrixcalc_AMD64 @ DESKTOP-SI2PIOG: 1xN005:  xxxxxxxxxxxxxxxxxxxxxxxxxxxxxxxxxxxxxxxxxxxxxxxxxxxxxxxxxxxxx
                                             15/Mar/2023 07:46:11  current system memory usage reached 95%
                                             xxxxxxxxxxxxxxxxxxxxxxxxxxxxxxxxxxxxxxxxxxxxxxxxxxxxxxxxxxxxx



matrixcalc_AMD64 @ DESKTOP-SI2PIOG: 1xN006:  xxxxxxxxxxxxxxxxxxxxxxxxxxxxxxxxxxxxxxxxxxxxxxxxxxxxxxxxxxxxx
                                             15/Mar/2023 07:44:58  current system memory usage reached 85%
                                             xxxxxxxxxxxxxxxxxxxxxxxxxxxxxxxxxxxxxxxxxxxxxxxxxxxxxxxxxxxxx

matrixcalc_AMD64 @ DESKTOP-SI2PIOG: 1xN006:  xxxxxxxxxxxxxxxxxxxxxxxxxxxxxxxxxxxxxxxxxxxxxxxxxxxxxxxxxxxxx
                                             15/Mar/2023 07:45:10  current system memory usage reached 90%
                                             xxxxxxxxxxxxxxxxxxxxxxxxxxxxxxxxxxxxxxxxxxxxxxxxxxxxxxxxxxxxx

matrixcalc_AMD64 @ DESKTOP-SI2PIOG: 1xN006:  xxxxxxxxxxxxxxxxxxxxxxxxxxxxxxxxxxxxxxxxxxxxxxxxxxxxxxxxxxxxx
                                             15/Mar/2023 07:46:07  current system memory usage reached 95%
                                             xxxxxxxxxxxxxxxxxxxxxxxxxxxxxxxxxxxxxxxxxxxxxxxxxxxxxxxxxxxxx



