02/Feb/2023 09:47:38  In order to get an optimal performance, hyperthreading is ignored for parallel
                      computations.
                      
                      ------------------------------------------------------------------------------
02/Feb/2023 09:47:53  Units settings: 
                      
                        Dimensions: mm
                        Frequency:  GHz
                        Time:       ns
                      
                      ------------------------------------------------------------------------------
02/Feb/2023 09:47:53  Boundary conditions: 
                      
                        YZsymmetry: none
                        XZsymmetry: none
                        XYsymmetry: none
                      
                        Xmin: expanded open
                        Xmax: expanded open
                      
                        Ymin: expanded open
                        Ymax: expanded open
                      
                        Zmin: expanded open
                        Zmax: expanded open
                      
                      ------------------------------------------------------------------------------
02/Feb/2023 09:47:53  Order settings: 
                      
                        Solver order   : 2nd (constant)
                        Curved elements: up to order 3 (automatic)
                      
                      ------------------------------------------------------------------------------
02/Feb/2023 09:47:53    Mesh time                :	14 s
                      
                      
                      ------------------------------------------------------------------------------
02/Feb/2023 09:47:53  
                      ================================================================================
                      Frequency Domain Solver calculation cycle started
                      
                      ------------------------------------------------------------------------------
02/Feb/2023 09:47:53  Solver started at: 09:47 AM Thursday, 02. February 2023 (Bangladesh Standard Time)
                      
                        Module:  Frequency Domain: S-Parameter (Win 64)
                        Version: 2020.0 Release from 2019-09-25 (change 724524)
                      
                      ------------------------------------------------------------------------------
02/Feb/2023 09:47:54    Calculation 1 of 1 (Frequency: 40 GHz)
                      
                      
                      ------------------------------------------------------------------------------
02/Feb/2023 09:47:54  Using electric shielding for port 1.
                      
                      ------------------------------------------------------------------------------
02/Feb/2023 09:47:56  *** Warning ***
                      
02/Feb/2023 09:47:56  At least one propagating mode is not considered at port 1. 
                      
                      ------------------------------------------------------------------------------
02/Feb/2023 09:48:06    ----------------------------------------------------------------------------
                        Port   Mode   Type        Z-Wave        Z-Wave-Sigma  Z-Line        F-Cutoff
                        1      1      QTEM        261           9.67          46.4          ---
                        ----------------------------------------------------------------------------
                      
                      
                      ------------------------------------------------------------------------------
02/Feb/2023 09:48:06  The wavelength based mesh refinement has been applied to 5.6% of all mesh edges.
                      
                      ------------------------------------------------------------------------------
02/Feb/2023 09:48:11  Adaptive mesh refinement pass 1
                      
                      ------------------------------------------------------------------------------
02/Feb/2023 09:48:27    Matrix setup time        :	2 s
                        Solver setup             :	1 s
                        Degrees of freedom       :	108825
                        Number of mesh cells     :	16925
                      
                        Stimulation port         :	1
                        Mode number              :	1
                        Accuracy                 :	5.95156e-05
                        Iterations               :	135
                        Solver time              :	13 s
                      
                      
                      ------------------------------------------------------------------------------
02/Feb/2023 09:48:27  17% of all mesh edges seem to be longer than expected. The adaptive mesh refinement's growth limitation will therefore 
                      use 34319 instead of 12440 mesh cells as a reference.
                      
                      ------------------------------------------------------------------------------
02/Feb/2023 09:48:28  The wavelength based mesh refinement has been applied to 0.8% of all mesh edges.
                      
                      ------------------------------------------------------------------------------
02/Feb/2023 09:48:34  Adaptive mesh refinement pass 2
                      
                      ------------------------------------------------------------------------------
02/Feb/2023 09:48:47    Matrix setup time        :	3 s
                        Solver setup             :	1 s
                        Degrees of freedom       :	138459
                        Number of mesh cells     :	21837
                      
                        Stimulation port         :	1
                        Mode number              :	1
                        Accuracy                 :	8.18573e-05
                        Iterations               :	70
                        Solver time              :	9 s
                      
                      
                      ------------------------------------------------------------------------------
02/Feb/2023 09:48:47    Delta calculation        
02/Feb/2023 09:48:47    All S-Parameters         :	0.226496

                      ------------------------------------------------------------------------------
02/Feb/2023 09:48:47  The quality of some tetrahedrons is low.  More...
                      
                      ------------------------------------------------------------------------------
02/Feb/2023 09:48:48  The wavelength based mesh refinement has been applied to 0.2% of all mesh edges.
                      
                      ------------------------------------------------------------------------------
02/Feb/2023 09:48:55  Adaptive mesh refinement pass 3
                      
                      ------------------------------------------------------------------------------
02/Feb/2023 09:49:09    Matrix setup time        :	3 s
                        Solver setup             :	2 s
                        Degrees of freedom       :	171341
                        Number of mesh cells     :	27331
                      
                        Stimulation port         :	1
                        Mode number              :	1
                        Accuracy                 :	8.67977e-05
                        Iterations               :	62
                        Solver time              :	9 s
                      
                      
                      ------------------------------------------------------------------------------
02/Feb/2023 09:49:09    Delta calculation        
02/Feb/2023 09:49:09    All S-Parameters         :	0.0703697

                      ------------------------------------------------------------------------------
02/Feb/2023 09:49:09  The quality of some tetrahedrons is low.  More...
                      
                      ------------------------------------------------------------------------------
02/Feb/2023 09:49:18  Adaptive mesh refinement pass 4
                      
                      ------------------------------------------------------------------------------
02/Feb/2023 09:49:34    Matrix setup time        :	5 s
                        Solver setup             :	1 s
                        Degrees of freedom       :	216533
                        Number of mesh cells     :	34861
                      
                        Stimulation port         :	1
                        Mode number              :	1
                        Accuracy                 :	9.89574e-05
                        Iterations               :	57
                        Solver time              :	10 s
                      
                      
                      ------------------------------------------------------------------------------
02/Feb/2023 09:49:35    Delta calculation        
02/Feb/2023 09:49:35    All S-Parameters         :	0.0812022

                      ------------------------------------------------------------------------------
02/Feb/2023 09:49:35  The quality of some tetrahedrons is low.  More...
                      
                      ------------------------------------------------------------------------------
02/Feb/2023 09:49:47  Adaptive mesh refinement pass 5
                      
                      ------------------------------------------------------------------------------
02/Feb/2023 09:50:11    Matrix setup time        :	6 s
                        Solver setup             :	2 s
                        Degrees of freedom       :	286883
                        Number of mesh cells     :	46503
                      
                        Stimulation port         :	1
                        Mode number              :	1
                        Accuracy                 :	6.2951e-05
                        Iterations               :	63
                        Solver time              :	16 s
                      
                      
                      ------------------------------------------------------------------------------
02/Feb/2023 09:50:12    Delta calculation        
02/Feb/2023 09:50:12    All S-Parameters         :	0.0360105

                      ------------------------------------------------------------------------------
02/Feb/2023 09:50:12  The quality of some tetrahedrons is low.  More...
                      
                      ------------------------------------------------------------------------------
02/Feb/2023 09:50:30  Adaptive mesh refinement pass 6
                      
                      ------------------------------------------------------------------------------
02/Feb/2023 09:51:01    Matrix setup time        :	7 s
                        Solver setup             :	3 s
                        Degrees of freedom       :	378903
                        Number of mesh cells     :	61871
                      
                        Stimulation port         :	1
                        Mode number              :	1
                        Accuracy                 :	9.77589e-05
                        Iterations               :	56
                        Solver time              :	21 s
                      
                      
                      ------------------------------------------------------------------------------
02/Feb/2023 09:51:02    Delta calculation        
02/Feb/2023 09:51:02    All S-Parameters         :	0.0165104

                      ------------------------------------------------------------------------------
02/Feb/2023 09:51:02  Mesh adaptation terminated because the desired accuracy limit is reached.
                      
                      ------------------------------------------------------------------------------
02/Feb/2023 09:51:02    Total time               :	188 s	 (= 0 h, 03 m, 08 s)
                      
                      ------------------------------------------------------------------------------

                      ------------------------------------------------------------------------------
02/Feb/2023 09:51:05    Calculation 2 (Frequency: 20 GHz)
                      
                      
                      ------------------------------------------------------------------------------
02/Feb/2023 09:51:05  *** Warning ***
                      
02/Feb/2023 09:51:05  At least one propagating mode is not considered at port 1. 
                      
                      ------------------------------------------------------------------------------
02/Feb/2023 09:51:05    ----------------------------------------------------------------------------
                        Port   Mode   Type        Z-Wave        Z-Wave-Sigma  Z-Line        F-Cutoff
                        1      1      QTEM        266           10.7          44.4          ---
                        ----------------------------------------------------------------------------
                      
                      
                      ------------------------------------------------------------------------------
02/Feb/2023 09:51:32    Matrix setup time        :	5 s
                        Solver setup             :	4 s
                        Degrees of freedom       :	378903
                        Number of mesh cells     :	61871
                      
                        Stimulation port         :	1
                        Mode number              :	1
                        Accuracy                 :	9.54514e-05
                        Iterations               :	50
                        Solver time              :	18 s
                      
                      
                      ------------------------------------------------------------------------------
02/Feb/2023 09:51:35    Generating results       :	3 s
                      
                        Total time               :	30 s
                      
                      ------------------------------------------------------------------------------

                      ------------------------------------------------------------------------------
02/Feb/2023 09:51:35    Calculation 3 (Frequency: 30 GHz)
                      
                      
                      ------------------------------------------------------------------------------
02/Feb/2023 09:51:35  *** Warning ***
                      
02/Feb/2023 09:51:35  At least one propagating mode is not considered at port 1. 
                      
                      ------------------------------------------------------------------------------
02/Feb/2023 09:51:35    ----------------------------------------------------------------------------
                        Port   Mode   Type        Z-Wave        Z-Wave-Sigma  Z-Line        F-Cutoff
                        1      1      QTEM        263           10.5          45.7          ---
                        ----------------------------------------------------------------------------
                      
                      
                      ------------------------------------------------------------------------------
02/Feb/2023 09:52:02    Matrix setup time        :	5 s
                        Solver setup             :	4 s
                        Degrees of freedom       :	378903
                        Number of mesh cells     :	61871
                      
                        Stimulation port         :	1
                        Mode number              :	1
                        Accuracy                 :	9.36992e-05
                        Iterations               :	51
                        Solver time              :	18 s
                      
                      
                      ------------------------------------------------------------------------------
02/Feb/2023 09:52:05    Generating results       :	2 s
                      
                        Total time               :	30 s
                      
                      ------------------------------------------------------------------------------

                      ------------------------------------------------------------------------------
02/Feb/2023 09:52:05    Calculation 4 (Frequency: 34.54 GHz)
                      
                      
                      ------------------------------------------------------------------------------
02/Feb/2023 09:52:05  *** Warning ***
                      
02/Feb/2023 09:52:05  At least one propagating mode is not considered at port 1. 
                      
                      ------------------------------------------------------------------------------
02/Feb/2023 09:52:05    ----------------------------------------------------------------------------
                        Port   Mode   Type        Z-Wave        Z-Wave-Sigma  Z-Line        F-Cutoff
                        1      1      QTEM        262           10.4          46.1          ---
                        ----------------------------------------------------------------------------
                      
                      
                      ------------------------------------------------------------------------------
02/Feb/2023 09:52:35    Matrix setup time        :	5 s
                        Solver setup             :	3 s
                        Degrees of freedom       :	378903
                        Number of mesh cells     :	61871
                      
                        Stimulation port         :	1
                        Mode number              :	1
                        Accuracy                 :	9.55932e-05
                        Iterations               :	58
                        Solver time              :	21 s
                      
                      
                      ------------------------------------------------------------------------------
02/Feb/2023 09:52:37    Generating results       :	2 s
                      
                        Total time               :	32 s
                      
                      ------------------------------------------------------------------------------

                      ------------------------------------------------------------------------------
02/Feb/2023 09:52:37    Calculation 5 (Frequency: 25.68 GHz)
                      
                      
                      ------------------------------------------------------------------------------
02/Feb/2023 09:52:38  *** Warning ***
                      
02/Feb/2023 09:52:38  At least one propagating mode is not considered at port 1. 
                      
                      ------------------------------------------------------------------------------
02/Feb/2023 09:52:38    ----------------------------------------------------------------------------
                        Port   Mode   Type        Z-Wave        Z-Wave-Sigma  Z-Line        F-Cutoff
                        1      1      QTEM        264           10.7          45.2          ---
                        ----------------------------------------------------------------------------
                      
                      
                      ------------------------------------------------------------------------------
02/Feb/2023 09:53:07    Matrix setup time        :	4 s
                        Solver setup             :	4 s
                        Degrees of freedom       :	378903
                        Number of mesh cells     :	61871
                      
                        Stimulation port         :	1
                        Mode number              :	1
                        Accuracy                 :	9.013e-05
                        Iterations               :	56
                        Solver time              :	21 s
                      
                      
                      ------------------------------------------------------------------------------
02/Feb/2023 09:53:07    Total time               :	30 s
                      
                      ------------------------------------------------------------------------------

                      ------------------------------------------------------------------------------
02/Feb/2023 09:53:07    Calculation 6 (Frequency: 31.04 GHz)
                      
                      
                      ------------------------------------------------------------------------------
02/Feb/2023 09:53:08  *** Warning ***
                      
02/Feb/2023 09:53:08  At least one propagating mode is not considered at port 1. 
                      
                      ------------------------------------------------------------------------------
02/Feb/2023 09:53:08    ----------------------------------------------------------------------------
                        Port   Mode   Type        Z-Wave        Z-Wave-Sigma  Z-Line        F-Cutoff
                        1      1      QTEM        263           10.5          45.8          ---
                        ----------------------------------------------------------------------------
                      
                      
                      ------------------------------------------------------------------------------
02/Feb/2023 09:53:32    Matrix setup time        :	5 s
                        Solver setup             :	4 s
                        Degrees of freedom       :	378903
                        Number of mesh cells     :	61871
                      
                        Stimulation port         :	1
                        Mode number              :	1
                        Accuracy                 :	8.89338e-05
                        Iterations               :	38
                        Solver time              :	14 s
                      
                      
                      ------------------------------------------------------------------------------
02/Feb/2023 09:53:32    Total time               :	25 s
                      
                      ------------------------------------------------------------------------------

                      ------------------------------------------------------------------------------
02/Feb/2023 09:53:32    Calculation 7 (Frequency: 28.88 GHz)
                      
                      
                      ------------------------------------------------------------------------------
02/Feb/2023 09:53:32  *** Warning ***
                      
02/Feb/2023 09:53:32  At least one propagating mode is not considered at port 1. 
                      
                      ------------------------------------------------------------------------------
02/Feb/2023 09:53:32    ----------------------------------------------------------------------------
                        Port   Mode   Type        Z-Wave        Z-Wave-Sigma  Z-Line        F-Cutoff
                        1      1      QTEM        263           10.6          45.6          ---
                        ----------------------------------------------------------------------------
                      
                      
                      ------------------------------------------------------------------------------
02/Feb/2023 09:53:55    Matrix setup time        :	5 s
                        Solver setup             :	5 s
                        Degrees of freedom       :	378903
                        Number of mesh cells     :	61871
                      
                        Stimulation port         :	1
                        Mode number              :	1
                        Accuracy                 :	9.53646e-05
                        Iterations               :	36
                        Solver time              :	13 s
                      
                      
                      ------------------------------------------------------------------------------
02/Feb/2023 09:53:56    Generating results       :	1 s
                      
                        Total time               :	24 s
                      
                      ------------------------------------------------------------------------------

                      ------------------------------------------------------------------------------
02/Feb/2023 09:53:56    Calculation 8 (Frequency: 31.92 GHz)
                      
                      
                      ------------------------------------------------------------------------------
02/Feb/2023 09:53:56  *** Warning ***
                      
02/Feb/2023 09:53:56  At least one propagating mode is not considered at port 1. 
                      
                      ------------------------------------------------------------------------------
02/Feb/2023 09:53:56    ----------------------------------------------------------------------------
                        Port   Mode   Type        Z-Wave        Z-Wave-Sigma  Z-Line        F-Cutoff
                        1      1      QTEM        263           10.5          45.9          ---
                        ----------------------------------------------------------------------------
                      
                      
                      ------------------------------------------------------------------------------
02/Feb/2023 09:54:17    Matrix setup time        :	5 s
                        Solver setup             :	5 s
                        Degrees of freedom       :	378903
                        Number of mesh cells     :	61871
                      
                        Stimulation port         :	1
                        Mode number              :	1
                        Accuracy                 :	9.18928e-05
                        Iterations               :	28
                        Solver time              :	11 s
                      
                      
                      ------------------------------------------------------------------------------
02/Feb/2023 09:54:17    Total time               :	21 s
                      
                      ------------------------------------------------------------------------------

                      ------------------------------------------------------------------------------
02/Feb/2023 09:54:17    Calculation 9 (Frequency: 27.96 GHz)
                      
                      
                      ------------------------------------------------------------------------------
02/Feb/2023 09:54:17  *** Warning ***
                      
02/Feb/2023 09:54:17  At least one propagating mode is not considered at port 1. 
                      
                      ------------------------------------------------------------------------------
02/Feb/2023 09:54:17    ----------------------------------------------------------------------------
                        Port   Mode   Type        Z-Wave        Z-Wave-Sigma  Z-Line        F-Cutoff
                        1      1      QTEM        264           10.6          45.5          ---
                        ----------------------------------------------------------------------------
                      
                      
                      ------------------------------------------------------------------------------
02/Feb/2023 09:54:37    Matrix setup time        :	4 s
                        Solver setup             :	5 s
                        Degrees of freedom       :	378903
                        Number of mesh cells     :	61871
                      
                        Stimulation port         :	1
                        Mode number              :	1
                        Accuracy                 :	8.89912e-05
                        Iterations               :	29
                        Solver time              :	10 s
                      
                      
                      ------------------------------------------------------------------------------
02/Feb/2023 09:54:38    Generating results       :	1 s
                      
                        Total time               :	21 s
                      
                      ------------------------------------------------------------------------------

                      ------------------------------------------------------------------------------
02/Feb/2023 09:54:38    Calculation 10 (Frequency: 33 GHz)
                      
                      
                      ------------------------------------------------------------------------------
02/Feb/2023 09:54:38  *** Warning ***
                      
02/Feb/2023 09:54:38  At least one propagating mode is not considered at port 1. 
                      
                      ------------------------------------------------------------------------------
02/Feb/2023 09:54:38    ----------------------------------------------------------------------------
                        Port   Mode   Type        Z-Wave        Z-Wave-Sigma  Z-Line        F-Cutoff
                        1      1      QTEM        262           10.4          45.9          ---
                        ----------------------------------------------------------------------------
                      
                      
                      ------------------------------------------------------------------------------
02/Feb/2023 09:54:59    Matrix setup time        :	5 s
                        Solver setup             :	4 s
                        Degrees of freedom       :	378903
                        Number of mesh cells     :	61871
                      
                        Stimulation port         :	1
                        Mode number              :	1
                        Accuracy                 :	9.39798e-05
                        Iterations               :	30
                        Solver time              :	12 s
                      
                      
                      ------------------------------------------------------------------------------
02/Feb/2023 09:54:59    Total time               :	21 s
                      
                      ------------------------------------------------------------------------------

                      ------------------------------------------------------------------------------
02/Feb/2023 09:54:59    Calculation 11 (Frequency: 27.62 GHz)
                      
                      
                      ------------------------------------------------------------------------------
02/Feb/2023 09:55:00  *** Warning ***
                      
02/Feb/2023 09:55:00  At least one propagating mode is not considered at port 1. 
                      
                      ------------------------------------------------------------------------------
02/Feb/2023 09:55:00    ----------------------------------------------------------------------------
                        Port   Mode   Type        Z-Wave        Z-Wave-Sigma  Z-Line        F-Cutoff
                        1      1      QTEM        264           10.6          45.4          ---
                        ----------------------------------------------------------------------------
                      
                      
                      ------------------------------------------------------------------------------
02/Feb/2023 09:55:23    Matrix setup time        :	5 s
                        Solver setup             :	4 s
                        Degrees of freedom       :	378903
                        Number of mesh cells     :	61871
                      
                        Stimulation port         :	1
                        Mode number              :	1
                        Accuracy                 :	6.68539e-05
                        Iterations               :	40
                        Solver time              :	14 s
                      
                      
                      ------------------------------------------------------------------------------
02/Feb/2023 09:55:24    Generating results       :	1 s
                      
                        Total time               :	25 s
                      
                      ------------------------------------------------------------------------------

                      ------------------------------------------------------------------------------
02/Feb/2023 09:55:24    Calculation 12 (Frequency: 24.48 GHz)
                      
                      
                      ------------------------------------------------------------------------------
02/Feb/2023 09:55:24  *** Warning ***
                      
02/Feb/2023 09:55:24  At least one propagating mode is not considered at port 1. 
                      
                      ------------------------------------------------------------------------------
02/Feb/2023 09:55:24    ----------------------------------------------------------------------------
                        Port   Mode   Type        Z-Wave        Z-Wave-Sigma  Z-Line        F-Cutoff
                        1      1      QTEM        265           10.8          45.1          ---
                        ----------------------------------------------------------------------------
                      
                      
                      ------------------------------------------------------------------------------
02/Feb/2023 09:55:51    Matrix setup time        :	5 s
                        Solver setup             :	5 s
                        Degrees of freedom       :	378903
                        Number of mesh cells     :	61871
                      
                        Stimulation port         :	1
                        Mode number              :	1
                        Accuracy                 :	7.01965e-05
                        Iterations               :	49
                        Solver time              :	17 s
                      
                      
                      ------------------------------------------------------------------------------
02/Feb/2023 09:55:52    Generating results       :	1 s
                      
                        Total time               :	28 s
                      
                      ------------------------------------------------------------------------------

                      ------------------------------------------------------------------------------
02/Feb/2023 09:55:52    Calculation 13 (Frequency: 26.18 GHz)
                      
                      
                      ------------------------------------------------------------------------------
02/Feb/2023 09:55:52  *** Warning ***
                      
02/Feb/2023 09:55:52  At least one propagating mode is not considered at port 1. 
                      
                      ------------------------------------------------------------------------------
02/Feb/2023 09:55:52    ----------------------------------------------------------------------------
                        Port   Mode   Type        Z-Wave        Z-Wave-Sigma  Z-Line        F-Cutoff
                        1      1      QTEM        264           10.7          45.3          ---
                        ----------------------------------------------------------------------------
                      
                      
                      ------------------------------------------------------------------------------
02/Feb/2023 09:56:10    Matrix setup time        :	5 s
                        Solver setup             :	4 s
                        Degrees of freedom       :	378903
                        Number of mesh cells     :	61871
                      
                        Stimulation port         :	1
                        Mode number              :	1
                        Accuracy                 :	8.08004e-05
                        Iterations               :	21
                        Solver time              :	9 s
                      
                      
                      ------------------------------------------------------------------------------
02/Feb/2023 09:56:11    Generating results       :	1 s
                      
                        Total time               :	19 s
                      
                      ------------------------------------------------------------------------------

                      ------------------------------------------------------------------------------
02/Feb/2023 09:56:11    Calculation 14 (Frequency: 22.08 GHz)
                      
                      
                      ------------------------------------------------------------------------------
02/Feb/2023 09:56:11  *** Warning ***
                      
02/Feb/2023 09:56:11  At least one propagating mode is not considered at port 1. 
                      
                      ------------------------------------------------------------------------------
02/Feb/2023 09:56:11    ----------------------------------------------------------------------------
                        Port   Mode   Type        Z-Wave        Z-Wave-Sigma  Z-Line        F-Cutoff
                        1      1      QTEM        266           12            44.7          ---
                        ----------------------------------------------------------------------------
                      
                      
                      ------------------------------------------------------------------------------
02/Feb/2023 09:56:35    Matrix setup time        :	5 s
                        Solver setup             :	4 s
                        Degrees of freedom       :	378903
                        Number of mesh cells     :	61871
                      
                        Stimulation port         :	1
                        Mode number              :	1
                        Accuracy                 :	9.83487e-05
                        Iterations               :	44
                        Solver time              :	15 s
                      
                      
                      ------------------------------------------------------------------------------
02/Feb/2023 09:56:36    Generating results       :	1 s
                      
                        Total time               :	25 s
                      
                      ------------------------------------------------------------------------------

                      ------------------------------------------------------------------------------
02/Feb/2023 09:56:36    Calculation 15 (Frequency: 36.7 GHz)
                      
                      
                      ------------------------------------------------------------------------------
02/Feb/2023 09:56:36  *** Warning ***
                      
02/Feb/2023 09:56:36  At least one propagating mode is not considered at port 1. 
                      
                      ------------------------------------------------------------------------------
02/Feb/2023 09:56:36    ----------------------------------------------------------------------------
                        Port   Mode   Type        Z-Wave        Z-Wave-Sigma  Z-Line        F-Cutoff
                        1      1      QTEM        262           10.4          46.2          ---
                        ----------------------------------------------------------------------------
                      
                      
                      ------------------------------------------------------------------------------
02/Feb/2023 09:57:02    Matrix setup time        :	5 s
                        Solver setup             :	5 s
                        Degrees of freedom       :	378903
                        Number of mesh cells     :	61871
                      
                        Stimulation port         :	1
                        Mode number              :	1
                        Accuracy                 :	6.63176e-05
                        Iterations               :	44
                        Solver time              :	16 s
                      
                      
                      ------------------------------------------------------------------------------
02/Feb/2023 09:57:02    Total time               :	26 s
                      
                      ------------------------------------------------------------------------------

                      ------------------------------------------------------------------------------
02/Feb/2023 09:57:02    Calculation 16 (Frequency: 28.54 GHz)
                      
                      
                      ------------------------------------------------------------------------------
02/Feb/2023 09:57:03  *** Warning ***
                      
02/Feb/2023 09:57:03  At least one propagating mode is not considered at port 1. 
                      
                      ------------------------------------------------------------------------------
02/Feb/2023 09:57:03    ----------------------------------------------------------------------------
                        Port   Mode   Type        Z-Wave        Z-Wave-Sigma  Z-Line        F-Cutoff
                        1      1      QTEM        263           10.6          45.5          ---
                        ----------------------------------------------------------------------------
                      
                      
                      ------------------------------------------------------------------------------
02/Feb/2023 09:57:22    Matrix setup time        :	5 s
                        Solver setup             :	4 s
                        Degrees of freedom       :	378903
                        Number of mesh cells     :	61871
                      
                        Stimulation port         :	1
                        Mode number              :	1
                        Accuracy                 :	9.20199e-05
                        Iterations               :	27
                        Solver time              :	10 s
                      
                      
                      ------------------------------------------------------------------------------
02/Feb/2023 09:57:22    Total time               :	20 s
                      
                      ------------------------------------------------------------------------------

                      ------------------------------------------------------------------------------
02/Feb/2023 09:57:22    Calculation 17 (Frequency: 20.78 GHz)
                      
                      
                      ------------------------------------------------------------------------------
02/Feb/2023 09:57:22  *** Warning ***
                      
02/Feb/2023 09:57:22  At least one propagating mode is not considered at port 1. 
                      
                      ------------------------------------------------------------------------------
02/Feb/2023 09:57:23    ----------------------------------------------------------------------------
                        Port   Mode   Type        Z-Wave        Z-Wave-Sigma  Z-Line        F-Cutoff
                        1      1      QTEM        267           12            44.5          ---
                        ----------------------------------------------------------------------------
                      
                      
                      ------------------------------------------------------------------------------
02/Feb/2023 09:57:48    Matrix setup time        :	5 s
                        Solver setup             :	4 s
                        Degrees of freedom       :	378903
                        Number of mesh cells     :	61871
                      
                        Stimulation port         :	1
                        Mode number              :	1
                        Accuracy                 :	8.64613e-05
                        Iterations               :	45
                        Solver time              :	16 s
                      
                      
                      ------------------------------------------------------------------------------
02/Feb/2023 09:57:49    Generating results       :	1 s
                      
                        Total time               :	27 s
                      
                      ------------------------------------------------------------------------------

                      ------------------------------------------------------------------------------
02/Feb/2023 09:57:49    Calculation 18 (Frequency: 35.42 GHz)
                      
                      
                      ------------------------------------------------------------------------------
02/Feb/2023 09:57:49  *** Warning ***
                      
02/Feb/2023 09:57:49  At least one propagating mode is not considered at port 1. 
                      
                      ------------------------------------------------------------------------------
02/Feb/2023 09:57:49    ----------------------------------------------------------------------------
                        Port   Mode   Type        Z-Wave        Z-Wave-Sigma  Z-Line        F-Cutoff
                        1      1      QTEM        262           10.4          46.1          ---
                        ----------------------------------------------------------------------------
                      
                      
                      ------------------------------------------------------------------------------
02/Feb/2023 09:58:13    Matrix setup time        :	5 s
                        Solver setup             :	4 s
                        Degrees of freedom       :	378903
                        Number of mesh cells     :	61871
                      
                        Stimulation port         :	1
                        Mode number              :	1
                        Accuracy                 :	9.48796e-05
                        Iterations               :	37
                        Solver time              :	15 s
                      
                      
                      ------------------------------------------------------------------------------
02/Feb/2023 09:58:13    Total time               :	24 s
                      
                      ------------------------------------------------------------------------------

                      ------------------------------------------------------------------------------
02/Feb/2023 09:58:13    Calculation 19 (Frequency: 37.96 GHz)
                      
                      
                      ------------------------------------------------------------------------------
02/Feb/2023 09:58:14  *** Warning ***
                      
02/Feb/2023 09:58:14  At least one propagating mode is not considered at port 1. 
                      
                      ------------------------------------------------------------------------------
02/Feb/2023 09:58:14    ----------------------------------------------------------------------------
                        Port   Mode   Type        Z-Wave        Z-Wave-Sigma  Z-Line        F-Cutoff
                        1      1      QTEM        261           10.4          46.3          ---
                        ----------------------------------------------------------------------------
                      
                      
                      ------------------------------------------------------------------------------
02/Feb/2023 09:58:37    Matrix setup time        :	5 s
                        Solver setup             :	4 s
                        Degrees of freedom       :	378903
                        Number of mesh cells     :	61871
                      
                        Stimulation port         :	1
                        Mode number              :	1
                        Accuracy                 :	9.31535e-05
                        Iterations               :	37
                        Solver time              :	14 s
                      
                      
                      ------------------------------------------------------------------------------
02/Feb/2023 09:58:38    Generating results       :	1 s
                      
                        Total time               :	25 s
                      
                      ------------------------------------------------------------------------------

                      ------------------------------------------------------------------------------
02/Feb/2023 09:58:38    Calculation 20 (Frequency: 36.12 GHz)
                      
                      
                      ------------------------------------------------------------------------------
02/Feb/2023 09:58:38  *** Warning ***
                      
02/Feb/2023 09:58:38  At least one propagating mode is not considered at port 1. 
                      
                      ------------------------------------------------------------------------------
02/Feb/2023 09:58:38    ----------------------------------------------------------------------------
                        Port   Mode   Type        Z-Wave        Z-Wave-Sigma  Z-Line        F-Cutoff
                        1      1      QTEM        262           10.4          46.2          ---
                        ----------------------------------------------------------------------------
                      
                      
                      ------------------------------------------------------------------------------
02/Feb/2023 09:58:58    Matrix setup time        :	5 s
                        Solver setup             :	4 s
                        Degrees of freedom       :	378903
                        Number of mesh cells     :	61871
                      
                        Stimulation port         :	1
                        Mode number              :	1
                        Accuracy                 :	9.18116e-05
                        Iterations               :	30
                        Solver time              :	11 s
                      
                      
                      ------------------------------------------------------------------------------
02/Feb/2023 09:58:59    Generating results       :	1 s
                      
                        Total time               :	21 s
                      
                      ------------------------------------------------------------------------------

                      ------------------------------------------------------------------------------
02/Feb/2023 09:58:59    Calculation 21 (Frequency: 38.6 GHz)
                      
                      
                      ------------------------------------------------------------------------------
02/Feb/2023 09:58:59  *** Warning ***
                      
02/Feb/2023 09:58:59  At least one propagating mode is not considered at port 1. 
                      
                      ------------------------------------------------------------------------------
02/Feb/2023 09:58:59    ----------------------------------------------------------------------------
                        Port   Mode   Type        Z-Wave        Z-Wave-Sigma  Z-Line        F-Cutoff
                        1      1      QTEM        261           10.4          46.4          ---
                        ----------------------------------------------------------------------------
                      
                      
                      ------------------------------------------------------------------------------
02/Feb/2023 09:59:20    Matrix setup time        :	5 s
                        Solver setup             :	4 s
                        Degrees of freedom       :	378903
                        Number of mesh cells     :	61871
                      
                        Stimulation port         :	1
                        Mode number              :	1
                        Accuracy                 :	9.94002e-05
                        Iterations               :	33
                        Solver time              :	12 s
                      
                      
                      ------------------------------------------------------------------------------
02/Feb/2023 09:59:20    Total time               :	21 s
                      
                      ------------------------------------------------------------------------------

                      ------------------------------------------------------------------------------
02/Feb/2023 09:59:21    Calculation 22 (Frequency: 37.7 GHz)
                      
                      
                      ------------------------------------------------------------------------------
02/Feb/2023 09:59:21  *** Warning ***
                      
02/Feb/2023 09:59:21  At least one propagating mode is not considered at port 1. 
                      
                      ------------------------------------------------------------------------------
02/Feb/2023 09:59:21    ----------------------------------------------------------------------------
                        Port   Mode   Type        Z-Wave        Z-Wave-Sigma  Z-Line        F-Cutoff
                        1      1      QTEM        261           10.4          46.3          ---
                        ----------------------------------------------------------------------------
                      
                      
                      ------------------------------------------------------------------------------
02/Feb/2023 09:59:42    Matrix setup time        :	5 s
                        Solver setup             :	4 s
                        Degrees of freedom       :	378903
                        Number of mesh cells     :	61871
                      
                        Stimulation port         :	1
                        Mode number              :	1
                        Accuracy                 :	9.93004e-05
                        Iterations               :	33
                        Solver time              :	12 s
                      
                      
                      ------------------------------------------------------------------------------
02/Feb/2023 09:59:43    Generating results       :	1 s
                      
                        Total time               :	22 s
                      
                      ------------------------------------------------------------------------------

                      ------------------------------------------------------------------------------
02/Feb/2023 09:59:43    Calculation 23 (Frequency: 39.26 GHz)
                      
                      
                      ------------------------------------------------------------------------------
02/Feb/2023 09:59:43  *** Warning ***
                      
02/Feb/2023 09:59:43  At least one propagating mode is not considered at port 1. 
                      
                      ------------------------------------------------------------------------------
02/Feb/2023 09:59:43    ----------------------------------------------------------------------------
                        Port   Mode   Type        Z-Wave        Z-Wave-Sigma  Z-Line        F-Cutoff
                        1      1      QTEM        261           10.4          46.4          ---
                        ----------------------------------------------------------------------------
                      
                      
                      ------------------------------------------------------------------------------
02/Feb/2023 10:00:05    Matrix setup time        :	5 s
                        Solver setup             :	5 s
                        Degrees of freedom       :	378903
                        Number of mesh cells     :	61871
                      
                        Stimulation port         :	1
                        Mode number              :	1
                        Accuracy                 :	9.80118e-05
                        Iterations               :	33
                        Solver time              :	12 s
                      
                      
                      ------------------------------------------------------------------------------
02/Feb/2023 10:00:06    Generating results       :	1 s
                      
                        Total time               :	23 s
                      
                      ------------------------------------------------------------------------------

                      ------------------------------------------------------------------------------
02/Feb/2023 10:00:06    Calculation 24 (Frequency: 29.84 GHz)
                      
                      
                      ------------------------------------------------------------------------------
02/Feb/2023 10:00:06  *** Warning ***
                      
02/Feb/2023 10:00:06  At least one propagating mode is not considered at port 1. 
                      
                      ------------------------------------------------------------------------------
02/Feb/2023 10:00:06    ----------------------------------------------------------------------------
                        Port   Mode   Type        Z-Wave        Z-Wave-Sigma  Z-Line        F-Cutoff
                        1      1      QTEM        263           10.5          45.7          ---
                        ----------------------------------------------------------------------------
                      
                      
                      ------------------------------------------------------------------------------
02/Feb/2023 10:00:23    Matrix setup time        :	5 s
                        Solver setup             :	4 s
                        Degrees of freedom       :	378903
                        Number of mesh cells     :	61871
                      
                        Stimulation port         :	1
                        Mode number              :	1
                        Accuracy                 :	9.69552e-05
                        Iterations               :	22
                        Solver time              :	8 s
                      
                      
                      ------------------------------------------------------------------------------
02/Feb/2023 10:00:24    Generating results       :	1 s
                      
                        Total time               :	18 s
                      
                      ------------------------------------------------------------------------------

                      ------------------------------------------------------------------------------
02/Feb/2023 10:00:24    Calculation 25 (Frequency: 20.3 GHz)
                      
                      
                      ------------------------------------------------------------------------------
02/Feb/2023 10:00:24  *** Warning ***
                      
02/Feb/2023 10:00:24  At least one propagating mode is not considered at port 1. 
                      
                      ------------------------------------------------------------------------------
02/Feb/2023 10:00:24    ----------------------------------------------------------------------------
                        Port   Mode   Type        Z-Wave        Z-Wave-Sigma  Z-Line        F-Cutoff
                        1      1      QTEM        266           10.8          44.5          ---
                        ----------------------------------------------------------------------------
                      
                      
                      ------------------------------------------------------------------------------
02/Feb/2023 10:00:46    Matrix setup time        :	5 s
                        Solver setup             :	4 s
                        Degrees of freedom       :	378903
                        Number of mesh cells     :	61871
                      
                        Stimulation port         :	1
                        Mode number              :	1
                        Accuracy                 :	8.97417e-05
                        Iterations               :	37
                        Solver time              :	13 s
                      
                      
                      ------------------------------------------------------------------------------
02/Feb/2023 10:00:47    Generating results       :	1 s
                      
                        Total time               :	23 s
                      
                      ------------------------------------------------------------------------------

                      ------------------------------------------------------------------------------
02/Feb/2023 10:00:47  Finished the general purpose interpolative broadband frequency sweep:
                      All broadband sweep convergence criteria have been satisfied after
                      calculating 25 frequency samples:
                      
                        Broadband sweep error threshold value : 
                                                                0.01 (All S-Parameters) 
                        Number of error criterion checks      : 
                                                                2 (All S-Parameters) 
                        Minimum number of samples             : 3
                      
                      
                      ------------------------------------------------------------------------------
02/Feb/2023 10:00:47    Total Solver Time        :	783 s	 (= 0 h, 13 m, 03 s)
                      ================================================================================
                      
                      
                      
                      ------------------------------------------------------------------------------
02/Feb/2023 10:00:47  Calculating remaining monitors.
                      
                      ------------------------------------------------------------------------------
02/Feb/2023 10:00:53    ----------------------------------------------------------------------------
                                            Peak memory used (kB)         Free physical memory (kB) 
                                                                          At begin     Minimum      
                        ----------------------------------------------------------------------------
                        Solver start        16292                         647176       647176       
                        Eq. system setup    822828                        660556       468292       
                        Eq. system solve    822828                        606384       274400       
                        Mesh refinement     596184                        646280       467304       
                        Solver run total    822828                        647180       274400       
                      
                        Computer name       DESKTOP-SI2PIOG
                        ----------------------------------------------------------------------------
                      
                      
                      ------------------------------------------------------------------------------
02/Feb/2023 10:00:53  Running postprocessing.
                      
                      ------------------------------------------------------------------------------
02/Feb/2023 10:01:04  Postprocessing finished.
                      
                      ------------------------------------------------------------------------------
02/Feb/2023 10:01:17  Creating parametric 1D results for Run ID 2
                      
                      ------------------------------------------------------------------------------
24/Feb/2023 19:28:16  In order to get an optimal performance, hyperthreading is ignored for parallel
                      computations.
                      
                      ------------------------------------------------------------------------------
24/Feb/2023 19:28:16  Units settings: 
                      
                        Dimensions: mm
                        Frequency:  GHz
                        Time:       ns
                      
                      ------------------------------------------------------------------------------
24/Feb/2023 19:28:16  Boundary conditions: 
                      
                        YZsymmetry: none
                        XZsymmetry: none
                        XYsymmetry: none
                      
                        Xmin: expanded open
                        Xmax: expanded open
                      
                        Ymin: expanded open
                        Ymax: expanded open
                      
                        Zmin: expanded open
                        Zmax: expanded open
                      
                      ------------------------------------------------------------------------------
24/Feb/2023 19:28:16  Order settings: 
                      
                        Solver order   : 2nd (constant)
                        Curved elements: up to order 3 (automatic)
                      
                      ------------------------------------------------------------------------------
24/Feb/2023 19:28:16  
                      ================================================================================
                      Frequency Domain Solver calculation cycle started
                      
                      ------------------------------------------------------------------------------
24/Feb/2023 19:28:16  Solver started at: 07:28 PM Friday, 24. February 2023 (Bangladesh Standard Time)
                      
                        Module:  Frequency Domain: S-Parameter (Win 64)
                        Version: 2020.0 Release from 2019-09-25 (change 724524)
                      
                      ------------------------------------------------------------------------------
24/Feb/2023 19:28:17    Calculation 26 (Frequency: 28.58 GHz)
                      
                      
                      ------------------------------------------------------------------------------
24/Feb/2023 19:28:17  Using electric shielding for port 1.
                      
                      ------------------------------------------------------------------------------
24/Feb/2023 19:28:18  *** Warning ***
                      
24/Feb/2023 19:28:18  At least one propagating mode is not considered at port 1. 
                      
                      ------------------------------------------------------------------------------
24/Feb/2023 19:28:18    ----------------------------------------------------------------------------
                        Port   Mode   Type        Z-Wave        Z-Wave-Sigma  Z-Line        F-Cutoff
                        1      1      QTEM        263           10.6          45.5          ---
                        ----------------------------------------------------------------------------
                      
                      
                      ------------------------------------------------------------------------------
24/Feb/2023 19:28:45    Matrix setup time        :	7 s
                        Solver setup             :	3 s
                        Degrees of freedom       :	378903
                        Number of mesh cells     :	61871
                      
                        Stimulation port         :	1
                        Mode number              :	1
                        Accuracy                 :	9.75535e-05
                        Iterations               :	47
                        Solver time              :	15 s
                      
                      
                      ------------------------------------------------------------------------------
24/Feb/2023 19:28:49    Generating results       :	4 s
                      
                        Total time               :	32 s
                      
                      ------------------------------------------------------------------------------

                      ------------------------------------------------------------------------------
24/Feb/2023 19:28:49    Total Solver Time        :	32 s
                      ================================================================================
                      
                      
                      
                      ------------------------------------------------------------------------------
24/Feb/2023 19:28:49  Calculating remaining monitors.
                      
                      ------------------------------------------------------------------------------
24/Feb/2023 19:28:51    ----------------------------------------------------------------------------
                                            Peak memory used (kB)         Free physical memory (kB) 
                                                                          At begin     Minimum      
                        ----------------------------------------------------------------------------
                        Solver start        16400                         925648       925292       
                        Eq. system setup    329516                        843688       640028       
                        Eq. system solve    556628                        646720       419844       
                        Solver run total    622124                        925660       419844       
                      
                        Computer name       DESKTOP-SI2PIOG
                        ----------------------------------------------------------------------------
                      
                      
                      ------------------------------------------------------------------------------
24/Feb/2023 19:28:51  Running postprocessing.
                      
                      ------------------------------------------------------------------------------
24/Feb/2023 19:29:04  Postprocessing finished.
                      
                      ------------------------------------------------------------------------------
24/Feb/2023 19:29:19  Creating parametric 1D results for Run ID 2
                      
                      ------------------------------------------------------------------------------
