Postprocessing Logfile 

----------------------------------------------------------------------------------------
Units settings: 

  Dimensions: mm
  Frequency:  GHz
  Time:       ns

----------------------------------------------------------------------------------------

Template based postprocessing started at: 10:01 AM Thursday, 02. February 2023

  Evaluating 'Max Gain at selected Frequency': 2 s
  Evaluating 'Max Gain at selected Frequency_1': 0 s
  Evaluating 'Gain (IEEE) at const phi=0 for 5x5 array (array factor)': 6 s
  Evaluating 'Gain (IEEE) at const phi=0 for 5x5 array (array factor)_1': 2 s

  Total time: 12 s  ( = 0 h, 0 m, 12 s )

Template based postprocessing finished at: 10:01 AM Thursday, 02. February 2023
----------------------------------------------------------------------------------------
Template based postprocessing started at: 07:29 PM Friday, 24. February 2023

  Evaluating 'Max Gain at selected Frequency': 1 s
  Evaluating 'Max Gain at selected Frequency_1': 0 s
  Evaluating 'Gain (IEEE) at const phi=0 for 5x5 array (array factor)': 8 s
  Evaluating 'Gain (IEEE) at const phi=0 for 5x5 array (array factor)_1': 2 s
  Evaluating 'Gain (IEEE) at const phi=0 for 5x5 array (array factor)_2': 2 s

  Total time: 15 s  ( = 0 h, 0 m, 15 s )

Template based postprocessing finished at: 07:29 PM Friday, 24. February 2023
----------------------------------------------------------------------------------------
